travis_fold:start:worker_info[0K[33;1mWorker information[0m
hostname: 9d7df18d-abac-47b3-a326-5d1dd96b6b0e@1.i-004d4e0-production-2-worker-org-ec2.travisci.net
version: v3.0.2 https://github.com/travis-ci/worker/tree/f1c05caed79c66a9103f12a22e8a45ec66dbca64
instance: 299bb6a:travis:java (via amqp)
startup: 978.93421ms
travis_fold:end:worker_info[0Ktravis_fold:start:system_info[0K[33;1mBuild system information[0m
Build language: java
Build group: stable
Build dist: trusty
Build id: 278114081
Job id: 278114082
Runtime kernel version: 4.11.6-041106-generic
travis-build version: 125c5d1fa
[34m[1mBuild image provisioning date and time[0m
Tue Aug 29 02:50:02 UTC 2017
[34m[1mOperating System Details[0m
Distributor ID:	Ubuntu
Description:	Ubuntu 14.04.5 LTS
Release:	14.04
Codename:	trusty
[34m[1mCookbooks Version[0m
4642454 https://github.com/travis-ci/travis-cookbooks/tree/4642454
[34m[1mgit version[0m
git version 2.14.1
[34m[1mbash version[0m
GNU bash, version 4.3.11(1)-release (x86_64-pc-linux-gnu)
[34m[1mgcc version[0m
gcc (Ubuntu 4.8.4-2ubuntu1~14.04.3) 4.8.4
Copyright (C) 2013 Free Software Foundation, Inc.
This is free software; see the source for copying conditions.  There is NO
warranty; not even for MERCHANTABILITY or FITNESS FOR A PARTICULAR PURPOSE.

[34m[1mdocker version[0m
Client:
 Version:      17.03.1-ce
 API version:  1.27
 Go version:   go1.7.5
 Git commit:   c6d412e
 Built:        Mon Mar 27 16:58:30 2017
 OS/Arch:      linux/amd64
[34m[1mclang version[0m
clang version 3.9.0 (tags/RELEASE_390/final)
Target: x86_64-unknown-linux-gnu
Thread model: posix
InstalledDir: /usr/local/clang-3.9.0/bin
[34m[1mjq version[0m
jq-1.5
[34m[1mbats version[0m
Bats 0.4.0
[34m[1mshellcheck version[0m
0.4.6
[34m[1mshfmt version[0m
v1.3.1
[34m[1mccache version[0m
ccache version 3.1.9

Copyright (C) 2002-2007 Andrew Tridgell
Copyright (C) 2009-2011 Joel Rosdahl

This program is free software; you can redistribute it and/or modify it under
the terms of the GNU General Public License as published by the Free Software
Foundation; either version 3 of the License, or (at your option) any later
version.
[34m[1mcmake version[0m
cmake version 3.2.2

CMake suite maintained and supported by Kitware (kitware.com/cmake).
[34m[1mheroku version[0m
heroku-cli/6.13.19-6cd27b3 (linux-x64) node-v8.3.0
[34m[1mimagemagick version[0m
Version: ImageMagick 6.7.7-10 2017-07-31 Q16 http://www.imagemagick.org
[34m[1mmd5deep version[0m
4.2
[34m[1mmercurial version[0m
Mercurial Distributed SCM (version 4.2.2)
(see https://mercurial-scm.org for more information)

Copyright (C) 2005-2017 Matt Mackall and others
This is free software; see the source for copying conditions. There is NO
warranty; not even for MERCHANTABILITY or FITNESS FOR A PARTICULAR PURPOSE.
[34m[1mmysql version[0m
mysql  Ver 14.14 Distrib 5.6.33, for debian-linux-gnu (x86_64) using  EditLine wrapper
[34m[1mopenssl version[0m
OpenSSL 1.0.1f 6 Jan 2014
[34m[1mpacker version[0m
Packer v1.0.2

Your version of Packer is out of date! The latest version
is 1.0.4. You can update by downloading from www.packer.io
[34m[1mpostgresql client version[0m
psql (PostgreSQL) 9.6.4
[34m[1mragel version[0m
Ragel State Machine Compiler version 6.8 Feb 2013
Copyright (c) 2001-2009 by Adrian Thurston
[34m[1msubversion version[0m
svn, version 1.8.8 (r1568071)
   compiled Aug 10 2017, 17:20:39 on x86_64-pc-linux-gnu

Copyright (C) 2013 The Apache Software Foundation.
This software consists of contributions made by many people;
see the NOTICE file for more information.
Subversion is open source software, see http://subversion.apache.org/

The following repository access (RA) modules are available:

* ra_svn : Module for accessing a repository using the svn network protocol.
  - with Cyrus SASL authentication
  - handles 'svn' scheme
* ra_local : Module for accessing a repository on local disk.
  - handles 'file' scheme
* ra_serf : Module for accessing a repository via WebDAV protocol using serf.
  - using serf 1.3.3
  - handles 'http' scheme
  - handles 'https' scheme

[34m[1msudo version[0m
Sudo version 1.8.9p5
Configure options: --prefix=/usr -v --with-all-insults --with-pam --with-fqdn --with-logging=syslog --with-logfac=authpriv --with-env-editor --with-editor=/usr/bin/editor --with-timeout=15 --with-password-timeout=0 --with-passprompt=[sudo] password for %p:  --without-lecture --with-tty-tickets --disable-root-mailer --enable-admin-flag --with-sendmail=/usr/sbin/sendmail --with-timedir=/var/lib/sudo --mandir=/usr/share/man --libexecdir=/usr/lib/sudo --with-sssd --with-sssd-lib=/usr/lib/x86_64-linux-gnu --with-selinux
Sudoers policy plugin version 1.8.9p5
Sudoers file grammar version 43

Sudoers path: /etc/sudoers
Authentication methods: 'pam'
Syslog facility if syslog is being used for logging: authpriv
Syslog priority to use when user authenticates successfully: notice
Syslog priority to use when user authenticates unsuccessfully: alert
Send mail if the user is not in sudoers
Use a separate timestamp for each user/tty combo
Lecture user the first time they run sudo
Root may run sudo
Allow some information gathering to give useful error messages
Require fully-qualified hostnames in the sudoers file
Visudo will honor the EDITOR environment variable
Set the LOGNAME and USER environment variables
Length at which to wrap log file lines (0 for no wrap): 80
Authentication timestamp timeout: 15.0 minutes
Password prompt timeout: 0.0 minutes
Number of tries to enter a password: 3
Umask to use or 0777 to use user's: 022
Path to mail program: /usr/sbin/sendmail
Flags for mail program: -t
Address to send mail to: root
Subject line for mail messages: *** SECURITY information for %h ***
Incorrect password message: Sorry, try again.
Path to authentication timestamp dir: /var/lib/sudo
Default password prompt: [sudo] password for %p: 
Default user to run commands as: root
Value to override user's $PATH with: /usr/local/sbin:/usr/local/bin:/usr/sbin:/usr/bin:/sbin:/bin:/snap/bin
Path to the editor for use by visudo: /usr/bin/editor
When to require a password for 'list' pseudocommand: any
When to require a password for 'verify' pseudocommand: all
File descriptors >= 3 will be closed before executing a command
Environment variables to check for sanity:
	TZ
	TERM
	LINGUAS
	LC_*
	LANGUAGE
	LANG
	COLORTERM
Environment variables to remove:
	RUBYOPT
	RUBYLIB
	PYTHONUSERBASE
	PYTHONINSPECT
	PYTHONPATH
	PYTHONHOME
	TMPPREFIX
	ZDOTDIR
	READNULLCMD
	NULLCMD
	FPATH
	PERL5DB
	PERL5OPT
	PERL5LIB
	PERLLIB
	PERLIO_DEBUG 
	JAVA_TOOL_OPTIONS
	SHELLOPTS
	GLOBIGNORE
	PS4
	BASH_ENV
	ENV
	TERMCAP
	TERMPATH
	TERMINFO_DIRS
	TERMINFO
	_RLD*
	LD_*
	PATH_LOCALE
	NLSPATH
	HOSTALIASES
	RES_OPTIONS
	LOCALDOMAIN
	CDPATH
	IFS
Environment variables to preserve:
	JAVA_HOME
	TRAVIS
	CI
	DEBIAN_FRONTEND
	XAUTHORIZATION
	XAUTHORITY
	PS2
	PS1
	PATH
	LS_COLORS
	KRB5CCNAME
	HOSTNAME
	HOME
	DISPLAY
	COLORS
Locale to use while parsing sudoers: C
Directory in which to store input/output logs: /var/log/sudo-io
File in which to store the input/output log: %{seq}
Add an entry to the utmp/utmpx file when allocating a pty
PAM service name to use
PAM service name to use for login shells
Create a new PAM session for the command to run in
Maximum I/O log sequence number: 0

Local IP address and netmask pairs:
	172.17.0.2/255.255.0.0

Sudoers I/O plugin version 1.8.9p5
[34m[1mgzip version[0m
gzip 1.6
Copyright (C) 2007, 2010, 2011 Free Software Foundation, Inc.
Copyright (C) 1993 Jean-loup Gailly.
This is free software.  You may redistribute copies of it under the terms of
the GNU General Public License <http://www.gnu.org/licenses/gpl.html>.
There is NO WARRANTY, to the extent permitted by law.

Written by Jean-loup Gailly.
[34m[1mzip version[0m
Copyright (c) 1990-2008 Info-ZIP - Type 'zip "-L"' for software license.
This is Zip 3.0 (July 5th 2008), by Info-ZIP.
Currently maintained by E. Gordon.  Please send bug reports to
the authors using the web page at www.info-zip.org; see README for details.

Latest sources and executables are at ftp://ftp.info-zip.org/pub/infozip,
as of above date; see http://www.info-zip.org/ for other sites.

Compiled with gcc 4.8.2 for Unix (Linux ELF) on Oct 21 2013.

Zip special compilation options:
	USE_EF_UT_TIME       (store Universal Time)
	BZIP2_SUPPORT        (bzip2 library version 1.0.6, 6-Sept-2010)
	    bzip2 code and library copyright (c) Julian R Seward
	    (See the bzip2 license for terms of use)
	SYMLINK_SUPPORT      (symbolic links supported)
	LARGE_FILE_SUPPORT   (can read and write large files on file system)
	ZIP64_SUPPORT        (use Zip64 to store large files in archives)
	UNICODE_SUPPORT      (store and read UTF-8 Unicode paths)
	STORE_UNIX_UIDs_GIDs (store UID/GID sizes/values using new extra field)
	UIDGID_NOT_16BIT     (old Unix 16-bit UID/GID extra field not used)
	[encryption, version 2.91 of 05 Jan 2007] (modified for Zip 3)

Encryption notice:
	The encryption code of this program is not copyrighted and is
	put in the public domain.  It was originally written in Europe
	and, to the best of our knowledge, can be freely distributed
	in both source and object forms from any country, including
	the USA under License Exception TSU of the U.S. Export
	Administration Regulations (section 740.13(e)) of 6 June 2002.

Zip environment options:
             ZIP:  [none]
          ZIPOPT:  [none]
[34m[1mvim version[0m
VIM - Vi IMproved 7.4 (2013 Aug 10, compiled Nov 24 2016 16:43:18)
Included patches: 1-52
Extra patches: 8.0.0056
Modified by pkg-vim-maintainers@lists.alioth.debian.org
Compiled by buildd@
Huge version without GUI.  Features included (+) or not (-):
+acl             +farsi           +mouse_netterm   +syntax
+arabic          +file_in_path    +mouse_sgr       +tag_binary
+autocmd         +find_in_path    -mouse_sysmouse  +tag_old_static
-balloon_eval    +float           +mouse_urxvt     -tag_any_white
-browse          +folding         +mouse_xterm     -tcl
++builtin_terms  -footer          +multi_byte      +terminfo
+byte_offset     +fork()          +multi_lang      +termresponse
+cindent         +gettext         -mzscheme        +textobjects
-clientserver    -hangul_input    +netbeans_intg   +title
-clipboard       +iconv           +path_extra      -toolbar
+cmdline_compl   +insert_expand   -perl            +user_commands
+cmdline_hist    +jumplist        +persistent_undo +vertsplit
+cmdline_info    +keymap          +postscript      +virtualedit
+comments        +langmap         +printer         +visual
+conceal         +libcall         +profile         +visualextra
+cryptv          +linebreak       +python          +viminfo
+cscope          +lispindent      -python3         +vreplace
+cursorbind      +listcmds        +quickfix        +wildignore
+cursorshape     +localmap        +reltime         +wildmenu
+dialog_con      -lua             +rightleft       +windows
+diff            +menu            -ruby            +writebackup
+digraphs        +mksession       +scrollbind      -X11
-dnd             +modify_fname    +signs           -xfontset
-ebcdic          +mouse           +smartindent     -xim
+emacs_tags      -mouseshape      -sniff           -xsmp
+eval            +mouse_dec       +startuptime     -xterm_clipboard
+ex_extra        +mouse_gpm       +statusline      -xterm_save
+extra_search    -mouse_jsbterm   -sun_workshop    -xpm
   system vimrc file: "$VIM/vimrc"
     user vimrc file: "$HOME/.vimrc"
 2nd user vimrc file: "~/.vim/vimrc"
      user exrc file: "$HOME/.exrc"
  fall-back for $VIM: "/usr/share/vim"
Compilation: gcc -c -I. -Iproto -DHAVE_CONFIG_H     -g -O2 -fstack-protector --param=ssp-buffer-size=4 -Wformat -Werror=format-security -U_FORTIFY_SOURCE -D_FORTIFY_SOURCE=1      
Linking: gcc   -Wl,-Bsymbolic-functions -Wl,-z,relro -Wl,--as-needed -o vim        -lm -ltinfo -lnsl  -lselinux  -lacl -lattr -lgpm -ldl    -L/usr/lib/python2.7/config-x86_64-linux-gnu -lpython2.7 -lpthread -ldl -lutil -lm -Xlinker -export-dynamic -Wl,-O1 -Wl,-Bsymbolic-functions      
[34m[1miptables version[0m
iptables v1.4.21
[34m[1mcurl version[0m
curl 7.35.0 (x86_64-pc-linux-gnu) libcurl/7.35.0 OpenSSL/1.0.1f zlib/1.2.8 libidn/1.28 librtmp/2.3
[34m[1mwget version[0m
GNU Wget 1.15 built on linux-gnu.
[34m[1mrsync version[0m
rsync  version 3.1.0  protocol version 31
[34m[1mgimme version[0m
v1.2.0
[34m[1mnvm version[0m
0.33.2
[34m[1mperlbrew version[0m
/home/travis/perl5/perlbrew/bin/perlbrew  - App::perlbrew/0.80
[34m[1mphpenv version[0m
rbenv 1.1.1-4-g4ebd1bd
[34m[1mrvm version[0m
rvm 1.29.2 (latest) by Michal Papis, Piotr Kuczynski, Wayne E. Seguin [https://rvm.io/]
[34m[1mdefault ruby version[0m
ruby 2.4.1p111 (2017-03-22 revision 58053) [x86_64-linux]
[34m[1mCouchDB version[0m
couchdb 1.6.1
[34m[1mElasticSearch version[0m
5.5.0
[34m[1mInstalled Firefox version[0m
firefox 55.0.2
[34m[1mMongoDB version[0m
MongoDB 3.2.16
[34m[1mPre-installed PostgreSQL versions[0m
9.2.22
9.3.18
9.4.13
9.5.8
9.6.4
[34m[1mRabbitMQ Version[0m
3.6.11
[34m[1mRedis version[0m
redis-server 4.0.1
[34m[1mriak version[0m
2.2.3
[34m[1mPre-installed Go versions[0m
1.7.4
[34m[1mant version[0m
Apache Ant(TM) version 1.9.3 compiled on April 8 2014
[34m[1mmvn version[0m
Apache Maven 3.5.0 (ff8f5e7444045639af65f6095c62210b5713f426; 2017-04-03T19:39:06Z)
Maven home: /usr/local/maven-3.5.0
Java version: 1.8.0_144, vendor: Oracle Corporation
Java home: /usr/lib/jvm/java-8-oracle/jre
Default locale: en_US, platform encoding: UTF-8
OS name: "linux", version: "4.4.0-92-generic", arch: "amd64", family: "unix"
[34m[1mgradle version[0m

------------------------------------------------------------
Gradle 4.0.1
------------------------------------------------------------

Build time:   2017-07-07 14:02:41 UTC
Revision:     38e5dc0f772daecca1d2681885d3d85414eb6826

Groovy:       2.4.11
Ant:          Apache Ant(TM) version 1.9.6 compiled on June 29 2015
JVM:          1.8.0_144 (Oracle Corporation 25.144-b01)
OS:           Linux 4.4.0-92-generic amd64

[34m[1mlein version[0m
WARNING: You're currently running as root; probably by accident.
Press control-C to abort or Enter to continue as root.
Set LEIN_ROOT to disable this warning.
Leiningen 2.7.1 on Java 1.8.0_144 Java HotSpot(TM) 64-Bit Server VM
[34m[1mPre-installed Node.js versions[0m
v4.8.4
v6.11.2
v6.9.4
v7.4.0
v8.4
[34m[1mphpenv versions[0m
  system
  5.6
* 5.6.31 (set by /home/travis/.phpenv/version)
  7.0
  7.0.22
  hhvm
  hhvm-stable
[34m[1mcomposer --version[0m
Composer version 1.4.2 2017-05-17 08:17:52
[34m[1mPre-installed Ruby versions[0m
ruby-2.2.7
ruby-2.3.4
ruby-2.4.1
travis_fold:end:system_info[0K
W: http://dl.hhvm.com/ubuntu/dists/trusty/InRelease: Signature by key 36AEF64D0207E7EEE352D4875A16E7281BE7A449 uses weak digest algorithm (SHA1)
W: http://ppa.launchpad.net/couchdb/stable/ubuntu/dists/trusty/Release.gpg: Signature by key 15866BAFD9BCC4F3C1E0DFC7D69548E1C17EAB57 uses weak digest algorithm (SHA1)
$ jdk_switcher use openjdk7
Switching to OpenJDK7 (java-1.7.0-openjdk-amd64), JAVA_HOME will be set to /usr/lib/jvm/java-7-openjdk-amd64
travis_fold:start:git.checkout[0Ktravis_time:start:2d0a775f[0K$ git clone --depth=10 --branch=master https://github.com/zxing/zxing.git zxing/zxing
Cloning into 'zxing/zxing'...
remote: Counting objects: 3343, done.[K
remote: Compressing objects:   0% (1/2254)   [Kremote: Compressing objects:   1% (23/2254)   [Kremote: Compressing objects:   2% (46/2254)   [Kremote: Compressing objects:   3% (68/2254)   [Kremote: Compressing objects:   4% (91/2254)   [Kremote: Compressing objects:   5% (113/2254)   [Kremote: Compressing objects:   6% (136/2254)   [Kremote: Compressing objects:   7% (158/2254)   [Kremote: Compressing objects:   8% (181/2254)   [Kremote: Compressing objects:   9% (203/2254)   [Kremote: Compressing objects:  10% (226/2254)   [Kremote: Compressing objects:  11% (248/2254)   [Kremote: Compressing objects:  12% (271/2254)   [Kremote: Compressing objects:  13% (294/2254)   [Kremote: Compressing objects:  14% (316/2254)   [Kremote: Compressing objects:  15% (339/2254)   [Kremote: Compressing objects:  16% (361/2254)   [Kremote: Compressing objects:  17% (384/2254)   [Kremote: Compressing objects:  18% (406/2254)   [Kremote: Compressing objects:  19% (429/2254)   [Kremote: Compressing objects:  20% (451/2254)   [Kremote: Compressing objects:  21% (474/2254)   [Kremote: Compressing objects:  22% (496/2254)   [Kremote: Compressing objects:  23% (519/2254)   [Kremote: Compressing objects:  24% (541/2254)   [Kremote: Compressing objects:  25% (564/2254)   [Kremote: Compressing objects:  26% (587/2254)   [Kremote: Compressing objects:  27% (609/2254)   [Kremote: Compressing objects:  28% (632/2254)   [Kremote: Compressing objects:  29% (654/2254)   [Kremote: Compressing objects:  30% (677/2254)   [Kremote: Compressing objects:  31% (699/2254)   [Kremote: Compressing objects:  32% (722/2254)   [Kremote: Compressing objects:  33% (744/2254)   [Kremote: Compressing objects:  34% (767/2254)   [Kremote: Compressing objects:  35% (789/2254)   [Kremote: Compressing objects:  36% (812/2254)   [Kremote: Compressing objects:  37% (834/2254)   [Kremote: Compressing objects:  38% (857/2254)   [Kremote: Compressing objects:  39% (880/2254)   [Kremote: Compressing objects:  40% (902/2254)   [Kremote: Compressing objects:  41% (925/2254)   [Kremote: Compressing objects:  42% (947/2254)   [Kremote: Compressing objects:  43% (970/2254)   [Kremote: Compressing objects:  44% (992/2254)   [Kremote: Compressing objects:  45% (1015/2254)   [Kremote: Compressing objects:  46% (1037/2254)   [Kremote: Compressing objects:  47% (1060/2254)   [Kremote: Compressing objects:  48% (1082/2254)   [Kremote: Compressing objects:  49% (1105/2254)   [Kremote: Compressing objects:  50% (1127/2254)   [Kremote: Compressing objects:  51% (1150/2254)   [Kremote: Compressing objects:  52% (1173/2254)   [Kremote: Compressing objects:  53% (1195/2254)   [Kremote: Compressing objects:  54% (1218/2254)   [Kremote: Compressing objects:  55% (1240/2254)   [Kremote: Compressing objects:  56% (1263/2254)   [Kremote: Compressing objects:  57% (1285/2254)   [Kremote: Compressing objects:  58% (1308/2254)   [Kremote: Compressing objects:  59% (1330/2254)   [Kremote: Compressing objects:  60% (1353/2254)   [Kremote: Compressing objects:  61% (1375/2254)   [Kremote: Compressing objects:  62% (1398/2254)   [Kremote: Compressing objects:  63% (1421/2254)   [Kremote: Compressing objects:  64% (1443/2254)   [Kremote: Compressing objects:  65% (1466/2254)   [Kremote: Compressing objects:  66% (1488/2254)   [Kremote: Compressing objects:  67% (1511/2254)   [Kremote: Compressing objects:  68% (1533/2254)   [Kremote: Compressing objects:  69% (1556/2254)   [Kremote: Compressing objects:  70% (1578/2254)   [Kremote: Compressing objects:  71% (1601/2254)   [Kremote: Compressing objects:  72% (1623/2254)   [Kremote: Compressing objects:  73% (1646/2254)   [Kremote: Compressing objects:  74% (1668/2254)   [Kremote: Compressing objects:  75% (1691/2254)   [Kremote: Compressing objects:  76% (1714/2254)   [Kremote: Compressing objects:  77% (1736/2254)   [Kremote: Compressing objects:  78% (1759/2254)   [Kremote: Compressing objects:  79% (1781/2254)   [Kremote: Compressing objects:  80% (1804/2254)   [Kremote: Compressing objects:  81% (1826/2254)   [Kremote: Compressing objects:  82% (1849/2254)   [Kremote: Compressing objects:  83% (1871/2254)   [Kremote: Compressing objects:  84% (1894/2254)   [Kremote: Compressing objects:  85% (1916/2254)   [Kremote: Compressing objects:  86% (1939/2254)   [Kremote: Compressing objects:  87% (1961/2254)   [Kremote: Compressing objects:  88% (1984/2254)   [Kremote: Compressing objects:  89% (2007/2254)   [Kremote: Compressing objects:  90% (2029/2254)   [Kremote: Compressing objects:  91% (2052/2254)   [Kremote: Compressing objects:  92% (2074/2254)   [Kremote: Compressing objects:  93% (2097/2254)   [Kremote: Compressing objects:  94% (2119/2254)   [Kremote: Compressing objects:  95% (2142/2254)   [Kremote: Compressing objects:  96% (2164/2254)   [Kremote: Compressing objects:  97% (2187/2254)   [Kremote: Compressing objects:  98% (2209/2254)   [Kremote: Compressing objects:  99% (2232/2254)   [Kremote: Compressing objects: 100% (2254/2254)   [Kremote: Compressing objects: 100% (2254/2254), done.[K
Receiving objects:   0% (1/3343)   Receiving objects:   1% (34/3343)   Receiving objects:   2% (67/3343)   Receiving objects:   3% (101/3343)   Receiving objects:   4% (134/3343)   Receiving objects:   5% (168/3343)   Receiving objects:   6% (201/3343)   Receiving objects:   7% (235/3343)   Receiving objects:   8% (268/3343)   Receiving objects:   9% (301/3343)   Receiving objects:  10% (335/3343)   Receiving objects:  11% (368/3343)   Receiving objects:  12% (402/3343)   Receiving objects:  13% (435/3343)   Receiving objects:  14% (469/3343)   Receiving objects:  15% (502/3343)   Receiving objects:  16% (535/3343)   Receiving objects:  17% (569/3343)   Receiving objects:  18% (602/3343)   Receiving objects:  19% (636/3343)   Receiving objects:  20% (669/3343)   Receiving objects:  21% (703/3343)   Receiving objects:  22% (736/3343)   Receiving objects:  23% (769/3343)   Receiving objects:  24% (803/3343)   Receiving objects:  25% (836/3343)   Receiving objects:  26% (870/3343)   Receiving objects:  27% (903/3343)   Receiving objects:  28% (937/3343)   Receiving objects:  29% (970/3343)   Receiving objects:  30% (1003/3343)   Receiving objects:  31% (1037/3343), 10.76 MiB | 21.51 MiB/s   Receiving objects:  31% (1068/3343), 22.03 MiB | 22.05 MiB/s   Receiving objects:  32% (1070/3343), 22.03 MiB | 22.05 MiB/s   Receiving objects:  33% (1104/3343), 22.03 MiB | 22.05 MiB/s   Receiving objects:  34% (1137/3343), 22.03 MiB | 22.05 MiB/s   Receiving objects:  35% (1171/3343), 22.03 MiB | 22.05 MiB/s   Receiving objects:  36% (1204/3343), 34.24 MiB | 22.84 MiB/s   Receiving objects:  37% (1237/3343), 34.24 MiB | 22.84 MiB/s   Receiving objects:  38% (1271/3343), 34.24 MiB | 22.84 MiB/s   Receiving objects:  39% (1304/3343), 34.24 MiB | 22.84 MiB/s   Receiving objects:  40% (1338/3343), 34.24 MiB | 22.84 MiB/s   Receiving objects:  41% (1371/3343), 34.24 MiB | 22.84 MiB/s   Receiving objects:  41% (1392/3343), 46.33 MiB | 23.17 MiB/s   Receiving objects:  42% (1405/3343), 46.33 MiB | 23.17 MiB/s   Receiving objects:  43% (1438/3343), 46.33 MiB | 23.17 MiB/s   Receiving objects:  44% (1471/3343), 59.29 MiB | 23.72 MiB/s   Receiving objects:  45% (1505/3343), 59.29 MiB | 23.72 MiB/s   Receiving objects:  46% (1538/3343), 59.29 MiB | 23.72 MiB/s   Receiving objects:  47% (1572/3343), 59.29 MiB | 23.72 MiB/s   Receiving objects:  47% (1600/3343), 73.14 MiB | 24.39 MiB/s   Receiving objects:  48% (1605/3343), 73.14 MiB | 24.39 MiB/s   Receiving objects:  49% (1639/3343), 73.14 MiB | 24.39 MiB/s   Receiving objects:  50% (1672/3343), 73.14 MiB | 24.39 MiB/s   Receiving objects:  51% (1705/3343), 73.14 MiB | 24.39 MiB/s   Receiving objects:  52% (1739/3343), 73.14 MiB | 24.39 MiB/s   Receiving objects:  53% (1772/3343), 73.14 MiB | 24.39 MiB/s   Receiving objects:  54% (1806/3343), 83.89 MiB | 23.97 MiB/s   Receiving objects:  55% (1839/3343), 83.89 MiB | 23.97 MiB/s   Receiving objects:  56% (1873/3343), 83.89 MiB | 23.97 MiB/s   Receiving objects:  57% (1906/3343), 83.89 MiB | 23.97 MiB/s   Receiving objects:  58% (1939/3343), 83.89 MiB | 23.97 MiB/s   Receiving objects:  58% (1949/3343), 96.21 MiB | 24.06 MiB/s   Receiving objects:  59% (1973/3343), 96.21 MiB | 24.06 MiB/s   Receiving objects:  60% (2006/3343), 96.21 MiB | 24.06 MiB/s   Receiving objects:  61% (2040/3343), 96.21 MiB | 24.06 MiB/s   Receiving objects:  62% (2073/3343), 96.21 MiB | 24.06 MiB/s   Receiving objects:  63% (2107/3343), 96.21 MiB | 24.06 MiB/s   Receiving objects:  64% (2140/3343), 96.21 MiB | 24.06 MiB/s   Receiving objects:  65% (2173/3343), 96.21 MiB | 24.06 MiB/s   Receiving objects:  66% (2207/3343), 96.21 MiB | 24.06 MiB/s   Receiving objects:  67% (2240/3343), 109.53 MiB | 24.34 MiB/s   Receiving objects:  68% (2274/3343), 109.53 MiB | 24.34 MiB/s   Receiving objects:  69% (2307/3343), 109.53 MiB | 24.34 MiB/s   Receiving objects:  70% (2341/3343), 109.53 MiB | 24.34 MiB/s   Receiving objects:  70% (2353/3343), 109.53 MiB | 24.34 MiB/s   Receiving objects:  71% (2374/3343), 120.40 MiB | 24.37 MiB/s   Receiving objects:  72% (2407/3343), 120.40 MiB | 24.37 MiB/s   Receiving objects:  73% (2441/3343), 120.40 MiB | 24.37 MiB/s   Receiving objects:  74% (2474/3343), 120.40 MiB | 24.37 MiB/s   Receiving objects:  75% (2508/3343), 120.40 MiB | 24.37 MiB/s   Receiving objects:  76% (2541/3343), 120.40 MiB | 24.37 MiB/s   Receiving objects:  77% (2575/3343), 120.40 MiB | 24.37 MiB/s   Receiving objects:  78% (2608/3343), 120.40 MiB | 24.37 MiB/s   Receiving objects:  79% (2641/3343), 120.40 MiB | 24.37 MiB/s   Receiving objects:  80% (2675/3343), 120.40 MiB | 24.37 MiB/s   Receiving objects:  81% (2708/3343), 120.40 MiB | 24.37 MiB/s   Receiving objects:  82% (2742/3343), 120.40 MiB | 24.37 MiB/s   Receiving objects:  83% (2775/3343), 120.40 MiB | 24.37 MiB/s   Receiving objects:  84% (2809/3343), 120.40 MiB | 24.37 MiB/s   Receiving objects:  85% (2842/3343), 120.40 MiB | 24.37 MiB/s   Receiving objects:  86% (2875/3343), 120.40 MiB | 24.37 MiB/s   Receiving objects:  87% (2909/3343), 120.40 MiB | 24.37 MiB/s   Receiving objects:  88% (2942/3343), 120.40 MiB | 24.37 MiB/s   Receiving objects:  89% (2976/3343), 120.40 MiB | 24.37 MiB/s   Receiving objects:  90% (3009/3343), 120.40 MiB | 24.37 MiB/s   Receiving objects:  91% (3043/3343), 120.40 MiB | 24.37 MiB/s   Receiving objects:  92% (3076/3343), 120.40 MiB | 24.37 MiB/s   Receiving objects:  93% (3109/3343), 120.40 MiB | 24.37 MiB/s   Receiving objects:  94% (3143/3343), 120.40 MiB | 24.37 MiB/s   Receiving objects:  95% (3176/3343), 120.40 MiB | 24.37 MiB/s   remote: Total 3343 (delta 861), reused 2672 (delta 630), pack-reused 0[K
Receiving objects:  96% (3210/3343), 120.40 MiB | 24.37 MiB/s   Receiving objects:  97% (3243/3343), 120.40 MiB | 24.37 MiB/s   Receiving objects:  98% (3277/3343), 120.40 MiB | 24.37 MiB/s   Receiving objects:  99% (3310/3343), 120.40 MiB | 24.37 MiB/s   Receiving objects: 100% (3343/3343), 120.40 MiB | 24.37 MiB/s   Receiving objects: 100% (3343/3343), 126.66 MiB | 23.99 MiB/s, done.
Resolving deltas:   0% (0/861)   Resolving deltas:   1% (11/861)   Resolving deltas:   2% (19/861)   Resolving deltas:   3% (27/861)   Resolving deltas:   4% (38/861)   Resolving deltas:   7% (65/861)   Resolving deltas:   8% (70/861)   Resolving deltas:   9% (82/861)   Resolving deltas:  11% (98/861)   Resolving deltas:  13% (114/861)   Resolving deltas:  14% (121/861)   Resolving deltas:  15% (130/861)   Resolving deltas:  16% (138/861)   Resolving deltas:  17% (152/861)   Resolving deltas:  18% (155/861)   Resolving deltas:  19% (167/861)   Resolving deltas:  20% (176/861)   Resolving deltas:  21% (181/861)   Resolving deltas:  22% (190/861)   Resolving deltas:  23% (203/861)   Resolving deltas:  24% (208/861)   Resolving deltas:  25% (216/861)   Resolving deltas:  26% (224/861)   Resolving deltas:  27% (233/861)   Resolving deltas:  28% (243/861)   Resolving deltas:  29% (250/861)   Resolving deltas:  30% (259/861)   Resolving deltas:  31% (267/861)   Resolving deltas:  32% (276/861)   Resolving deltas:  33% (285/861)   Resolving deltas:  34% (296/861)   Resolving deltas:  35% (302/861)   Resolving deltas:  37% (319/861)   Resolving deltas:  38% (328/861)   Resolving deltas:  39% (336/861)   Resolving deltas:  49% (429/861)   Resolving deltas:  52% (451/861)   Resolving deltas:  54% (468/861)   Resolving deltas:  55% (474/861)   Resolving deltas:  56% (484/861)   Resolving deltas:  57% (491/861)   Resolving deltas:  60% (520/861)   Resolving deltas: 100% (861/861)   Resolving deltas: 100% (861/861), done.

travis_time:end:2d0a775f:start=1505987296546635308,finish=1505987303442167991,duration=6895532683[0K$ cd zxing/zxing
$ git checkout -qf f9a74628cbe19673901efcd7c585b3f2b2b6c444
travis_fold:end:git.checkout[0K
[33;1mSetting environment variables from .travis.yml[0m
$ export JACOCO=-Pjacoco

[33;1mDisabling Gradle daemon[0m
travis_time:start:0c83007a[0K$ mkdir -p ~/.gradle && echo "org.gradle.daemon=false" >> ~/.gradle/gradle.properties

travis_time:end:0c83007a:start=1505987314458413260,finish=1505987314463985994,duration=5572734[0K$ export PATH=$JAVA_HOME/bin:$PATH
travis_fold:start:cache.1[0KSetting up build cache
$ export CASHER_DIR=$HOME/.casher
travis_time:start:13e985f0[0K$ Installing caching utilities

travis_time:end:13e985f0:start=1505987318632392600,finish=1505987319056726983,duration=424334383[0Ktravis_time:start:2fc89f6b[0K
travis_time:end:2fc89f6b:start=1505987319063574571,finish=1505987319068396903,duration=4822332[0Ktravis_time:start:19abe3b0[0K[32;1mattempting to download cache archive[0m
[32;1mfetching master/cache-linux-trusty-fb23d79576d0b775e6e3a3ea47c1823ef23543f5853520ea8fdf421fb266ea3c--jdk-openjdk7.tgz[0m
[32;1mfound cache[0m

travis_time:end:19abe3b0:start=1505987319073603646,finish=1505987327515984624,duration=8442380978[0Ktravis_time:start:181998e0[0K
travis_time:end:181998e0:start=1505987327521181332,finish=1505987327525648687,duration=4467355[0Ktravis_time:start:07eb67c8[0K[32;1madding /home/travis/.m2 to cache[0m
[32;1madding /home/travis/android-sdk-linux to cache[0m
[32;1mcreating directory /home/travis/android-sdk-linux[0m

travis_time:end:07eb67c8:start=1505987327530889793,finish=1505987330834215803,duration=3303326010[0Ktravis_fold:end:cache.1[0K$ java -Xmx32m -version
Picked up _JAVA_OPTIONS: -Xmx2048m -Xms512m
java version "1.7.0_151"
OpenJDK Runtime Environment (IcedTea 2.6.11) (7u151-2.6.11-0ubuntu1.14.04.1)
OpenJDK 64-Bit Server VM (build 24.151-b01, mixed mode)
$ javac -J-Xmx32m -version
Picked up _JAVA_OPTIONS: -Xmx2048m -Xms512m
javac 1.7.0_151
travis_fold:start:install[0Ktravis_time:start:25993710[0K$ mvn -Ptravis -DskipTests=true -B -V install
Picked up _JAVA_OPTIONS: -Xmx2048m -Xms512m
Apache Maven 3.5.0 (ff8f5e7444045639af65f6095c62210b5713f426; 2017-04-03T19:39:06Z)
Maven home: /usr/local/maven-3.5.0
Java version: 1.7.0_151, vendor: Oracle Corporation
Java home: /usr/lib/jvm/java-7-openjdk-amd64/jre
Default locale: en_US, platform encoding: UTF-8
OS name: "linux", version: "4.11.6-041106-generic", arch: "amd64", family: "unix"
[INFO] Scanning for projects...
[INFO] ------------------------------------------------------------------------
[INFO] Reactor Build Order:
[INFO] 
[INFO] ZXing
[INFO] ZXing Core
[INFO] ZXing Java SE extensions
[INFO] ZXing Appspot-based encoder
[INFO] ZXing zxing.org web app
[INFO] 
[INFO] ------------------------------------------------------------------------
[INFO] Building ZXing 3.3.1-SNAPSHOT
[INFO] ------------------------------------------------------------------------
[INFO] 
[INFO] --- maven-checkstyle-plugin:2.17:check (validate) @ zxing-parent ---
[INFO] 
[INFO] --- maven-enforcer-plugin:3.0.0-M1:enforce (enforce) @ zxing-parent ---
[INFO] 
[INFO] --- maven-javadoc-plugin:3.0.0-M1:jar (attach-javadocs) @ zxing-parent ---
[INFO] Skipping javadoc generation
[INFO] 
[INFO] --- maven-source-plugin:3.0.1:jar-no-fork (attach-sources) @ zxing-parent ---
[INFO] Skipping source per configuration.
[INFO] 
[INFO] >>> clirr-maven-plugin:2.8:check (check-api) > compile @ zxing-parent >>>
[INFO] 
[INFO] --- maven-checkstyle-plugin:2.17:check (validate) @ zxing-parent ---
[INFO] 
[INFO] --- maven-enforcer-plugin:3.0.0-M1:enforce (enforce) @ zxing-parent ---
[INFO] 
[INFO] <<< clirr-maven-plugin:2.8:check (check-api) < compile @ zxing-parent <<<
[INFO] 
[INFO] 
[INFO] --- clirr-maven-plugin:2.8:check (check-api) @ zxing-parent ---
[INFO] Not generating Clirr report as there are no classes generated by the project
[INFO] 
[INFO] --- apache-rat-plugin:0.12:check (default) @ zxing-parent ---
[INFO] Enabled default license matchers.
[INFO] Will parse SCM ignores for exclusions...
[INFO] Parsing exclusions from /home/travis/build/zxing/zxing/.gitignore
[INFO] Finished adding exclusions from SCM ignore files.
[INFO] 69 implicit excludes (use -debug for more details).
[INFO] Exclude: **/.*
[INFO] Exclude: **/.settings/**
[INFO] Exclude: **/*.iml
[INFO] Exclude: **/*.md
[INFO] Exclude: **/*.textile
[INFO] Exclude: **/*.txt
[INFO] Exclude: **/*.html
[INFO] Exclude: **/*.js
[INFO] Exclude: **/*.css
[INFO] Exclude: **/*.properties
[INFO] Exclude: **/*.cfg
[INFO] Exclude: **/*.config
[INFO] Exclude: **/*.yaml
[INFO] Exclude: **/gen/**
[INFO] Exclude: **/resources/**
[INFO] Exclude: **/symbolMaps/**
[INFO] Exclude: **/target/**
[INFO] Exclude: **/dependency-reduced-pom.xml
[INFO] Exclude: docs/
[INFO] Exclude: private/**
[INFO] Exclude: CHANGES
[INFO] Exclude: false
[INFO] 163 resources included (use -debug for more details)
[INFO] Rat check: Summary over all files. Unapproved: 0, unknown: 0, generated: 0, approved: 143 licenses.
[INFO] 
[INFO] --- maven-install-plugin:2.5.2:install (default-install) @ zxing-parent ---
[INFO] Installing /home/travis/build/zxing/zxing/pom.xml to /home/travis/.m2/repository/com/google/zxing/zxing-parent/3.3.1-SNAPSHOT/zxing-parent-3.3.1-SNAPSHOT.pom
[INFO] 
[INFO] ------------------------------------------------------------------------
[INFO] Building ZXing Core 3.3.1-SNAPSHOT
[INFO] ------------------------------------------------------------------------
[INFO] 
[INFO] --- maven-checkstyle-plugin:2.17:check (validate) @ core ---
[INFO] 
[INFO] --- maven-enforcer-plugin:3.0.0-M1:enforce (enforce) @ core ---
[INFO] 
[INFO] --- maven-resources-plugin:3.0.2:resources (default-resources) @ core ---
[INFO] Using 'UTF-8' encoding to copy filtered resources.
[INFO] skip non existing resourceDirectory /home/travis/build/zxing/zxing/core/src/main/resources
[INFO] 
[INFO] --- maven-compiler-plugin:3.6.2:compile (default-compile) @ core ---
[INFO] Changes detected - recompiling the module!
[INFO] Compiling 231 source files to /home/travis/build/zxing/zxing/core/target/classes
[INFO] 
[INFO] --- maven-resources-plugin:3.0.2:testResources (default-testResources) @ core ---
[INFO] Using 'UTF-8' encoding to copy filtered resources.
[INFO] Copying 2314 resources
[INFO] 
[INFO] --- maven-compiler-plugin:3.6.2:testCompile (default-testCompile) @ core ---
[INFO] Changes detected - recompiling the module!
[INFO] Compiling 134 source files to /home/travis/build/zxing/zxing/core/target/test-classes
[INFO] 
[INFO] --- maven-surefire-plugin:2.20:test (default-test) @ core ---
[INFO] Tests are skipped.
[INFO] 
[INFO] --- maven-jar-plugin:3.0.2:jar (default-jar) @ core ---
[INFO] Building jar: /home/travis/build/zxing/zxing/core/target/core-3.3.1-SNAPSHOT.jar
[INFO] 
[INFO] --- maven-javadoc-plugin:3.0.0-M1:jar (attach-javadocs) @ core ---
[INFO] Skipping javadoc generation
[INFO] 
[INFO] --- maven-source-plugin:3.0.1:jar-no-fork (attach-sources) @ core ---
[INFO] Skipping source per configuration.
[INFO] 
[INFO] --- proguard-maven-plugin:2.0.14:proguard (default) @ core ---
[INFO] execute ProGuard [-injars, '/home/travis/build/zxing/zxing/core/target/core-3.3.1-SNAPSHOT_proguard_base.jar', -outjars, '/home/travis/build/zxing/zxing/core/target/core-3.3.1-SNAPSHOT.jar', -dontobfuscate, -libraryjars, '/usr/lib/jvm/java-7-openjdk-amd64/jre/lib/rt.jar', -printmapping, '/home/travis/build/zxing/zxing/core/target/proguard_map.txt', -printseeds, '/home/travis/build/zxing/zxing/core/target/proguard_seed.txt', -target 1.7, -dontshrink, -keep class * { !private *; }, -verbose, -optimizationpasses 3, -optimizations !code/simplification/cast,!code/allocation/variable,!field/*,!class/*,!method/*]
[INFO] proguard jar: /home/travis/.m2/repository/net/sf/proguard/proguard-base/5.3.3/proguard-base-5.3.3.jar
 [proguard] Picked up _JAVA_OPTIONS: -Xmx2048m -Xms512m
 [proguard] ProGuard, version 5.3.3
 [proguard] Reading input...
 [proguard] Reading program jar [/home/travis/build/zxing/zxing/core/target/core-3.3.1-SNAPSHOT_proguard_base.jar]
 [proguard] Reading library jar [/usr/lib/jvm/java-7-openjdk-amd64/jre/lib/rt.jar]
 [proguard] Initializing...
 [proguard] Ignoring unused library classes...
 [proguard]   Original number of library classes: 18739
 [proguard]   Final number of library classes:    136
 [proguard] Setting target versions...
 [proguard] Printing kept classes, fields, and methods...
 [proguard] Inlining subroutines...
 [proguard] Optimizing...
 [proguard]   Number of finalized classes:                 0   (disabled)
 [proguard]   Number of unboxed enum classes:              0   (disabled)
 [proguard]   Number of vertically merged classes:         0   (disabled)
 [proguard]   Number of horizontally merged classes:       0   (disabled)
 [proguard]   Number of removed write-only fields:         0   (disabled)
 [proguard]   Number of privatized fields:                 0   (disabled)
 [proguard]   Number of inlined constant fields:           0   (disabled)
 [proguard]   Number of privatized methods:                0   (disabled)
 [proguard]   Number of staticized methods:                0   (disabled)
 [proguard]   Number of finalized methods:                 0   (disabled)
 [proguard]   Number of removed method parameters:         0   (disabled)
 [proguard]   Number of inlined constant parameters:       0   (disabled)
 [proguard]   Number of inlined constant return values:    0   (disabled)
 [proguard]   Number of inlined short method calls:        0   (disabled)
 [proguard]   Number of inlined unique method calls:       0   (disabled)
 [proguard]   Number of inlined tail recursion calls:      0   (disabled)
 [proguard]   Number of merged code blocks:                2
 [proguard]   Number of variable peephole optimizations:   862
 [proguard]   Number of arithmetic peephole optimizations: 103
 [proguard]   Number of cast peephole optimizations:       0   (disabled)
 [proguard]   Number of field peephole optimizations:      9
 [proguard]   Number of branch peephole optimizations:     324
 [proguard]   Number of string peephole optimizations:     72
 [proguard]   Number of simplified instructions:           105
 [proguard]   Number of removed instructions:              183
 [proguard]   Number of removed local variables:           5
 [proguard]   Number of removed exception blocks:          3
 [proguard]   Number of optimized local variable frames:   0   (disabled)
 [proguard] Optimizing...
 [proguard]   Number of finalized classes:                 0   (disabled)
 [proguard]   Number of unboxed enum classes:              0   (disabled)
 [proguard]   Number of vertically merged classes:         0   (disabled)
 [proguard]   Number of horizontally merged classes:       0   (disabled)
 [proguard]   Number of removed write-only fields:         0   (disabled)
 [proguard]   Number of privatized fields:                 0   (disabled)
 [proguard]   Number of inlined constant fields:           0   (disabled)
 [proguard]   Number of privatized methods:                0   (disabled)
 [proguard]   Number of staticized methods:                0   (disabled)
 [proguard]   Number of finalized methods:                 0   (disabled)
 [proguard]   Number of removed method parameters:         0   (disabled)
 [proguard]   Number of inlined constant parameters:       0   (disabled)
 [proguard]   Number of inlined constant return values:    0   (disabled)
 [proguard]   Number of inlined short method calls:        0   (disabled)
 [proguard]   Number of inlined unique method calls:       0   (disabled)
 [proguard]   Number of inlined tail recursion calls:      0   (disabled)
 [proguard]   Number of merged code blocks:                0
 [proguard]   Number of variable peephole optimizations:   8
 [proguard]   Number of arithmetic peephole optimizations: 5
 [proguard]   Number of cast peephole optimizations:       0   (disabled)
 [proguard]   Number of field peephole optimizations:      0
 [proguard]   Number of branch peephole optimizations:     3
 [proguard]   Number of string peephole optimizations:     0
 [proguard]   Number of simplified instructions:           0
 [proguard]   Number of removed instructions:              311
 [proguard]   Number of removed local variables:           39
 [proguard]   Number of removed exception blocks:          0
 [proguard]   Number of optimized local variable frames:   0   (disabled)
 [proguard] Optimizing...
 [proguard]   Number of finalized classes:                 0   (disabled)
 [proguard]   Number of unboxed enum classes:              0   (disabled)
 [proguard]   Number of vertically merged classes:         0   (disabled)
 [proguard]   Number of horizontally merged classes:       0   (disabled)
 [proguard]   Number of removed write-only fields:         0   (disabled)
 [proguard]   Number of privatized fields:                 0   (disabled)
 [proguard]   Number of inlined constant fields:           0   (disabled)
 [proguard]   Number of privatized methods:                0   (disabled)
 [proguard]   Number of staticized methods:                0   (disabled)
 [proguard]   Number of finalized methods:                 0   (disabled)
 [proguard]   Number of removed method parameters:         0   (disabled)
 [proguard]   Number of inlined constant parameters:       0   (disabled)
 [proguard]   Number of inlined constant return values:    0   (disabled)
 [proguard]   Number of inlined short method calls:        0   (disabled)
 [proguard]   Number of inlined unique method calls:       0   (disabled)
 [proguard]   Number of inlined tail recursion calls:      0   (disabled)
 [proguard]   Number of merged code blocks:                0
 [proguard]   Number of variable peephole optimizations:   0
 [proguard]   Number of arithmetic peephole optimizations: 0
 [proguard]   Number of cast peephole optimizations:       0   (disabled)
 [proguard]   Number of field peephole optimizations:      0
 [proguard]   Number of branch peephole optimizations:     0
 [proguard]   Number of string peephole optimizations:     0
 [proguard]   Number of simplified instructions:           0
 [proguard]   Number of removed instructions:              12
 [proguard]   Number of removed local variables:           1
 [proguard]   Number of removed exception blocks:          0
 [proguard]   Number of optimized local variable frames:   0   (disabled)
 [proguard] Preverifying...
 [proguard] Writing output...
 [proguard] Preparing output jar [/home/travis/build/zxing/zxing/core/target/core-3.3.1-SNAPSHOT.jar]
 [proguard]   Copying resources from program jar [/home/travis/build/zxing/zxing/core/target/core-3.3.1-SNAPSHOT_proguard_base.jar]
[INFO] 
[INFO] >>> clirr-maven-plugin:2.8:check (check-api) > compile @ core >>>
[INFO] 
[INFO] --- maven-checkstyle-plugin:2.17:check (validate) @ core ---
[INFO] 
[INFO] --- maven-enforcer-plugin:3.0.0-M1:enforce (enforce) @ core ---
[INFO] 
[INFO] --- maven-resources-plugin:3.0.2:resources (default-resources) @ core ---
[INFO] Using 'UTF-8' encoding to copy filtered resources.
[INFO] skip non existing resourceDirectory /home/travis/build/zxing/zxing/core/src/main/resources
[INFO] 
[INFO] --- maven-compiler-plugin:3.6.2:compile (default-compile) @ core ---
[INFO] Nothing to compile - all classes are up to date
[INFO] 
[INFO] <<< clirr-maven-plugin:2.8:check (check-api) < compile @ core <<<
[INFO] 
[INFO] 
[INFO] --- clirr-maven-plugin:2.8:check (check-api) @ core ---
[INFO] artifact com.google.zxing:core: checking for updates from central
[INFO] artifact com.google.zxing:core: checking for updates from sonatype
[INFO] artifact com.google.zxing:core: checking for updates from sonatype-snapshots
[INFO] artifact com.google.zxing:core: checking for updates from sonatype-apache
[INFO] artifact com.google.zxing:core: checking for updates from apache-snapshots
[INFO] artifact com.google.zxing:core: checking for updates from sonatype
[INFO] artifact com.google.zxing:core: checking for updates from sonatype-snapshots
[INFO] artifact com.google.zxing:core: checking for updates from sonatype-apache
[INFO] artifact com.google.zxing:core: checking for updates from apache-snapshots
[INFO] Comparing to version: 3.3.0
[INFO] Succeeded with 0 errors; 0 warnings; and 0 other changes.
[INFO] 
[INFO] --- apache-rat-plugin:0.12:check (default) @ core ---
[INFO] Enabled default license matchers.
[INFO] Will parse SCM ignores for exclusions...
[INFO] Finished adding exclusions from SCM ignore files.
[INFO] 61 implicit excludes (use -debug for more details).
[INFO] Exclude: **/.*
[INFO] Exclude: **/.settings/**
[INFO] Exclude: **/*.iml
[INFO] Exclude: **/*.md
[INFO] Exclude: **/*.textile
[INFO] Exclude: **/*.txt
[INFO] Exclude: **/*.html
[INFO] Exclude: **/*.js
[INFO] Exclude: **/*.css
[INFO] Exclude: **/*.properties
[INFO] Exclude: **/*.cfg
[INFO] Exclude: **/*.config
[INFO] Exclude: **/*.yaml
[INFO] Exclude: **/gen/**
[INFO] Exclude: **/resources/**
[INFO] Exclude: **/symbolMaps/**
[INFO] Exclude: **/target/**
[INFO] Exclude: **/dependency-reduced-pom.xml
[INFO] Exclude: docs/
[INFO] Exclude: private/**
[INFO] Exclude: CHANGES
[INFO] Exclude: false
[INFO] 366 resources included (use -debug for more details)
[INFO] Rat check: Summary over all files. Unapproved: 0, unknown: 0, generated: 0, approved: 366 licenses.
[INFO] 
[INFO] --- maven-install-plugin:2.5.2:install (default-install) @ core ---
[INFO] Installing /home/travis/build/zxing/zxing/core/target/core-3.3.1-SNAPSHOT.jar to /home/travis/.m2/repository/com/google/zxing/core/3.3.1-SNAPSHOT/core-3.3.1-SNAPSHOT.jar
[INFO] Installing /home/travis/build/zxing/zxing/core/pom.xml to /home/travis/.m2/repository/com/google/zxing/core/3.3.1-SNAPSHOT/core-3.3.1-SNAPSHOT.pom
[INFO] 
[INFO] ------------------------------------------------------------------------
[INFO] Building ZXing Java SE extensions 3.3.1-SNAPSHOT
[INFO] ------------------------------------------------------------------------
[INFO] 
[INFO] --- maven-checkstyle-plugin:2.17:check (validate) @ javase ---
[INFO] 
[INFO] --- maven-enforcer-plugin:3.0.0-M1:enforce (enforce) @ javase ---
[INFO] 
[INFO] --- maven-resources-plugin:3.0.2:resources (default-resources) @ javase ---
[INFO] Using 'UTF-8' encoding to copy filtered resources.
[INFO] skip non existing resourceDirectory /home/travis/build/zxing/zxing/javase/src/main/resources
[INFO] 
[INFO] --- maven-compiler-plugin:3.6.2:compile (default-compile) @ javase ---
[INFO] Changes detected - recompiling the module!
[INFO] Compiling 15 source files to /home/travis/build/zxing/zxing/javase/target/classes
[INFO] 
[INFO] --- maven-resources-plugin:3.0.2:testResources (default-testResources) @ javase ---
[INFO] Using 'UTF-8' encoding to copy filtered resources.
[INFO] skip non existing resourceDirectory /home/travis/build/zxing/zxing/javase/src/test/resources
[INFO] 
[INFO] --- maven-compiler-plugin:3.6.2:testCompile (default-testCompile) @ javase ---
[INFO] Changes detected - recompiling the module!
[INFO] Compiling 3 source files to /home/travis/build/zxing/zxing/javase/target/test-classes
[INFO] 
[INFO] --- maven-surefire-plugin:2.20:test (default-test) @ javase ---
[INFO] Tests are skipped.
[INFO] 
[INFO] --- maven-jar-plugin:3.0.2:jar (default-jar) @ javase ---
[INFO] Building jar: /home/travis/build/zxing/zxing/javase/target/javase-3.3.1-SNAPSHOT.jar
[INFO] 
[INFO] --- maven-javadoc-plugin:3.0.0-M1:jar (attach-javadocs) @ javase ---
[INFO] Skipping javadoc generation
[INFO] 
[INFO] --- maven-source-plugin:3.0.1:jar-no-fork (attach-sources) @ javase ---
[INFO] Skipping source per configuration.
[INFO] 
[INFO] >>> clirr-maven-plugin:2.8:check (check-api) > compile @ javase >>>
[INFO] 
[INFO] --- maven-checkstyle-plugin:2.17:check (validate) @ javase ---
[INFO] 
[INFO] --- maven-enforcer-plugin:3.0.0-M1:enforce (enforce) @ javase ---
[INFO] 
[INFO] --- maven-resources-plugin:3.0.2:resources (default-resources) @ javase ---
[INFO] Using 'UTF-8' encoding to copy filtered resources.
[INFO] skip non existing resourceDirectory /home/travis/build/zxing/zxing/javase/src/main/resources
[INFO] 
[INFO] --- maven-compiler-plugin:3.6.2:compile (default-compile) @ javase ---
[INFO] Nothing to compile - all classes are up to date
[INFO] 
[INFO] <<< clirr-maven-plugin:2.8:check (check-api) < compile @ javase <<<
[INFO] 
[INFO] 
[INFO] --- clirr-maven-plugin:2.8:check (check-api) @ javase ---
[INFO] artifact com.google.zxing:javase: checking for updates from central
[INFO] artifact com.google.zxing:javase: checking for updates from sonatype
[INFO] artifact com.google.zxing:javase: checking for updates from sonatype-snapshots
[INFO] artifact com.google.zxing:javase: checking for updates from sonatype-apache
[INFO] artifact com.google.zxing:javase: checking for updates from apache-snapshots
[INFO] artifact com.google.zxing:javase: checking for updates from sonatype
[INFO] artifact com.google.zxing:javase: checking for updates from sonatype-snapshots
[INFO] artifact com.google.zxing:javase: checking for updates from sonatype-apache
[INFO] artifact com.google.zxing:javase: checking for updates from apache-snapshots
[INFO] Comparing to version: 3.3.0
[INFO] Succeeded with 0 errors; 0 warnings; and 0 other changes.
[INFO] 
[INFO] --- apache-rat-plugin:0.12:check (default) @ javase ---
[INFO] Enabled default license matchers.
[INFO] Will parse SCM ignores for exclusions...
[INFO] Finished adding exclusions from SCM ignore files.
[INFO] 61 implicit excludes (use -debug for more details).
[INFO] Exclude: **/.*
[INFO] Exclude: **/.settings/**
[INFO] Exclude: **/*.iml
[INFO] Exclude: **/*.md
[INFO] Exclude: **/*.textile
[INFO] Exclude: **/*.txt
[INFO] Exclude: **/*.html
[INFO] Exclude: **/*.js
[INFO] Exclude: **/*.css
[INFO] Exclude: **/*.properties
[INFO] Exclude: **/*.cfg
[INFO] Exclude: **/*.config
[INFO] Exclude: **/*.yaml
[INFO] Exclude: **/gen/**
[INFO] Exclude: **/resources/**
[INFO] Exclude: **/symbolMaps/**
[INFO] Exclude: **/target/**
[INFO] Exclude: **/dependency-reduced-pom.xml
[INFO] Exclude: docs/
[INFO] Exclude: private/**
[INFO] Exclude: CHANGES
[INFO] Exclude: false
[INFO] 19 resources included (use -debug for more details)
[INFO] Rat check: Summary over all files. Unapproved: 0, unknown: 0, generated: 0, approved: 19 licenses.
[INFO] 
[INFO] --- maven-install-plugin:2.5.2:install (default-install) @ javase ---
[INFO] Installing /home/travis/build/zxing/zxing/javase/target/javase-3.3.1-SNAPSHOT.jar to /home/travis/.m2/repository/com/google/zxing/javase/3.3.1-SNAPSHOT/javase-3.3.1-SNAPSHOT.jar
[INFO] Installing /home/travis/build/zxing/zxing/javase/pom.xml to /home/travis/.m2/repository/com/google/zxing/javase/3.3.1-SNAPSHOT/javase-3.3.1-SNAPSHOT.pom
[INFO] 
[INFO] ------------------------------------------------------------------------
[INFO] Building ZXing Appspot-based encoder 3.3.1-SNAPSHOT
[INFO] ------------------------------------------------------------------------
[INFO] 
[INFO] --- maven-checkstyle-plugin:2.17:check (validate) @ zxing.appspot.com ---
[INFO] 
[INFO] --- maven-enforcer-plugin:3.0.0-M1:enforce (enforce) @ zxing.appspot.com ---
[INFO] 
[INFO] --- maven-resources-plugin:3.0.2:resources (default-resources) @ zxing.appspot.com ---
[INFO] Using 'UTF-8' encoding to copy filtered resources.
[INFO] Copying 1 resource
[INFO] 
[INFO] --- maven-compiler-plugin:3.6.2:compile (default-compile) @ zxing.appspot.com ---
[INFO] Changes detected - recompiling the module!
[INFO] Compiling 16 source files to /home/travis/build/zxing/zxing/zxing.appspot.com/target/classes
[INFO] 
[INFO] --- maven-resources-plugin:3.0.2:testResources (default-testResources) @ zxing.appspot.com ---
[INFO] Using 'UTF-8' encoding to copy filtered resources.
[INFO] skip non existing resourceDirectory /home/travis/build/zxing/zxing/zxing.appspot.com/src/test/resources
[INFO] 
[INFO] --- maven-compiler-plugin:3.6.2:testCompile (default-testCompile) @ zxing.appspot.com ---
[INFO] No sources to compile
[INFO] 
[INFO] --- maven-surefire-plugin:2.20:test (default-test) @ zxing.appspot.com ---
[INFO] Tests are skipped.
[INFO] 
[INFO] --- gwt-maven-plugin:2.8.1:compile (default) @ zxing.appspot.com ---
[INFO] auto discovered modules [com.google.zxing.web.generator.Generator]
[ERROR] Picked up _JAVA_OPTIONS: -Xmx2048m -Xms512m
[ERROR] Sep 21, 2017 9:49:42 AM java.util.prefs.FileSystemPreferences$1 run
[ERROR] INFO: Created user preferences directory.
[INFO] Compiling module com.google.zxing.web.generator.Generator
[INFO]    Resolving com.google.gwt.animation.client.Animation
[INFO]       Found type 'com.google.gwt.animation.client.Animation'
[INFO]          Found type 'java.lang.Object'
[INFO]             Resolving method getClass
[INFO]                Found type 'java.lang.Class'
[INFO]                   Resolving method createForClass
[INFO]                      Found type 'java.lang.String'
[INFO]                         Resolving field CASE_INSENSITIVE_ORDER
[INFO]                            Found type 'java.util.Comparator'
[INFO]                               [WARN] Ignoring unresolvable annotation type java.lang.FunctionalInterface
[INFO]    Resolving com.google.gwt.cell.client.DateCell
[INFO]       Found type 'com.google.gwt.cell.client.DateCell'
[INFO]          Resolving method <init>
[INFO]             Found type 'com.google.gwt.i18n.shared.DateTimeFormat'
[INFO]                Resolving field patternParts
[INFO]                   Found type 'java.util.ArrayList'
[INFO]                      Resolving method forEach
[INFO]                         Found type 'java.util.function.Consumer'
[INFO]                            [WARN] Ignoring unresolvable annotation type java.lang.FunctionalInterface
[INFO]                      Resolving method removeIf
[INFO]                         Found type 'java.util.function.Predicate'
[INFO]                            [WARN] Ignoring unresolvable annotation type java.lang.FunctionalInterface
[INFO]                      Resolving method replaceAll
[INFO]                         Found type 'java.util.function.UnaryOperator'
[INFO]                            [WARN] Ignoring unresolvable annotation type java.lang.FunctionalInterface
[INFO]                            Found type 'java.util.function.Function'
[INFO]                               [WARN] Ignoring unresolvable annotation type java.lang.FunctionalInterface
[INFO]    Resolving java.lang.Runnable
[INFO]       Found type 'java.lang.Runnable'
[INFO]          [WARN] Ignoring unresolvable annotation type java.lang.FunctionalInterface
[INFO]    Resolving java.util.Arrays
[INFO]       Found type 'java.util.Arrays'
[INFO]          Resolving method parallelPrefix
[INFO]             Found type 'java.util.function.BinaryOperator'
[INFO]                [WARN] Ignoring unresolvable annotation type java.lang.FunctionalInterface
[INFO]                Found type 'java.util.function.BiFunction'
[INFO]                   [WARN] Ignoring unresolvable annotation type java.lang.FunctionalInterface
[INFO]          Resolving method setAll
[INFO]             Found type 'java.util.function.IntFunction'
[INFO]                [WARN] Ignoring unresolvable annotation type java.lang.FunctionalInterface
[INFO]          Resolving method stream
[INFO]             Found type 'java.util.stream.Stream'
[INFO]                Resolving method collect
[INFO]                   Found type 'java.util.stream.Collector'
[INFO]                      Resolving method supplier
[INFO]                         Found type 'java.util.function.Supplier'
[INFO]                            [WARN] Ignoring unresolvable annotation type java.lang.FunctionalInterface
[INFO]                      Resolving method accumulator
[INFO]                         Found type 'java.util.function.BiConsumer'
[INFO]                            [WARN] Ignoring unresolvable annotation type java.lang.FunctionalInterface
[INFO]                Resolving method flatMapToDouble
[INFO]                   Found type 'java.util.stream.DoubleStream'
[INFO]                      Resolving method collect
[INFO]                         Found type 'java.util.function.ObjDoubleConsumer'
[INFO]                            [WARN] Ignoring unresolvable annotation type java.lang.FunctionalInterface
[INFO]                      Resolving method flatMap
[INFO]                         Found type 'java.util.function.DoubleFunction'
[INFO]                            [WARN] Ignoring unresolvable annotation type java.lang.FunctionalInterface
[INFO]                Resolving method flatMapToInt
[INFO]                   Found type 'java.util.stream.IntStream'
[INFO]                      Resolving method collect
[INFO]                         Found type 'java.util.function.ObjIntConsumer'
[INFO]                            [WARN] Ignoring unresolvable annotation type java.lang.FunctionalInterface
[INFO]                Resolving method flatMapToLong
[INFO]                   Found type 'java.util.stream.LongStream'
[INFO]                      Resolving method collect
[INFO]                         Found type 'java.util.function.ObjLongConsumer'
[INFO]                            [WARN] Ignoring unresolvable annotation type java.lang.FunctionalInterface
[INFO]                      Resolving method flatMap
[INFO]                         Found type 'java.util.function.LongFunction'
[INFO]                            [WARN] Ignoring unresolvable annotation type java.lang.FunctionalInterface
[INFO]                Resolving method mapToDouble
[INFO]                   Found type 'java.util.function.ToDoubleFunction'
[INFO]                      [WARN] Ignoring unresolvable annotation type java.lang.FunctionalInterface
[INFO]                Resolving method mapToInt
[INFO]                   Found type 'java.util.function.ToIntFunction'
[INFO]                      [WARN] Ignoring unresolvable annotation type java.lang.FunctionalInterface
[INFO]                Resolving method mapToLong
[INFO]                   Found type 'java.util.function.ToLongFunction'
[INFO]                      [WARN] Ignoring unresolvable annotation type java.lang.FunctionalInterface
[INFO]    Resolving java.util.DoubleSummaryStatistics
[INFO]       Found type 'java.util.DoubleSummaryStatistics'
[INFO]          Found type 'java.util.function.DoubleConsumer'
[INFO]             [WARN] Ignoring unresolvable annotation type java.lang.FunctionalInterface
[INFO]    Resolving java.util.IntSummaryStatistics
[INFO]       Found type 'java.util.IntSummaryStatistics'
[INFO]          Found type 'java.util.function.IntConsumer'
[INFO]             [WARN] Ignoring unresolvable annotation type java.lang.FunctionalInterface
[INFO]    Resolving java.util.LongSummaryStatistics
[INFO]       Found type 'java.util.LongSummaryStatistics'
[INFO]          Found type 'java.util.function.LongConsumer'
[INFO]             [WARN] Ignoring unresolvable annotation type java.lang.FunctionalInterface
[INFO]    Resolving java.util.function.BiPredicate
[INFO]       Found type 'java.util.function.BiPredicate'
[INFO]          [WARN] Ignoring unresolvable annotation type java.lang.FunctionalInterface
[INFO]    Resolving java.util.function.BooleanSupplier
[INFO]       Found type 'java.util.function.BooleanSupplier'
[INFO]          [WARN] Ignoring unresolvable annotation type java.lang.FunctionalInterface
[INFO]    Resolving java.util.function.DoubleBinaryOperator
[INFO]       Found type 'java.util.function.DoubleBinaryOperator'
[INFO]          [WARN] Ignoring unresolvable annotation type java.lang.FunctionalInterface
[INFO]    Resolving java.util.function.DoublePredicate
[INFO]       Found type 'java.util.function.DoublePredicate'
[INFO]          [WARN] Ignoring unresolvable annotation type java.lang.FunctionalInterface
[INFO]    Resolving java.util.function.DoubleSupplier
[INFO]       Found type 'java.util.function.DoubleSupplier'
[INFO]          [WARN] Ignoring unresolvable annotation type java.lang.FunctionalInterface
[INFO]    Resolving java.util.function.DoubleToIntFunction
[INFO]       Found type 'java.util.function.DoubleToIntFunction'
[INFO]          [WARN] Ignoring unresolvable annotation type java.lang.FunctionalInterface
[INFO]    Resolving java.util.function.DoubleToLongFunction
[INFO]       Found type 'java.util.function.DoubleToLongFunction'
[INFO]          [WARN] Ignoring unresolvable annotation type java.lang.FunctionalInterface
[INFO]    Resolving java.util.function.DoubleUnaryOperator
[INFO]       Found type 'java.util.function.DoubleUnaryOperator'
[INFO]          [WARN] Ignoring unresolvable annotation type java.lang.FunctionalInterface
[INFO]    Resolving java.util.function.IntBinaryOperator
[INFO]       Found type 'java.util.function.IntBinaryOperator'
[INFO]          [WARN] Ignoring unresolvable annotation type java.lang.FunctionalInterface
[INFO]    Resolving java.util.function.IntPredicate
[INFO]       Found type 'java.util.function.IntPredicate'
[INFO]          [WARN] Ignoring unresolvable annotation type java.lang.FunctionalInterface
[INFO]    Resolving java.util.function.IntSupplier
[INFO]       Found type 'java.util.function.IntSupplier'
[INFO]          [WARN] Ignoring unresolvable annotation type java.lang.FunctionalInterface
[INFO]    Resolving java.util.function.IntToDoubleFunction
[INFO]       Found type 'java.util.function.IntToDoubleFunction'
[INFO]          [WARN] Ignoring unresolvable annotation type java.lang.FunctionalInterface
[INFO]    Resolving java.util.function.IntToLongFunction
[INFO]       Found type 'java.util.function.IntToLongFunction'
[INFO]          [WARN] Ignoring unresolvable annotation type java.lang.FunctionalInterface
[INFO]    Resolving java.util.function.IntUnaryOperator
[INFO]       Found type 'java.util.function.IntUnaryOperator'
[INFO]          [WARN] Ignoring unresolvable annotation type java.lang.FunctionalInterface
[INFO]    Resolving java.util.function.LongBinaryOperator
[INFO]       Found type 'java.util.function.LongBinaryOperator'
[INFO]          [WARN] Ignoring unresolvable annotation type java.lang.FunctionalInterface
[INFO]    Resolving java.util.function.LongPredicate
[INFO]       Found type 'java.util.function.LongPredicate'
[INFO]          [WARN] Ignoring unresolvable annotation type java.lang.FunctionalInterface
[INFO]    Resolving java.util.function.LongSupplier
[INFO]       Found type 'java.util.function.LongSupplier'
[INFO]          [WARN] Ignoring unresolvable annotation type java.lang.FunctionalInterface
[INFO]    Resolving java.util.function.LongToDoubleFunction
[INFO]       Found type 'java.util.function.LongToDoubleFunction'
[INFO]          [WARN] Ignoring unresolvable annotation type java.lang.FunctionalInterface
[INFO]    Resolving java.util.function.LongToIntFunction
[INFO]       Found type 'java.util.function.LongToIntFunction'
[INFO]          [WARN] Ignoring unresolvable annotation type java.lang.FunctionalInterface
[INFO]    Resolving java.util.function.LongUnaryOperator
[INFO]       Found type 'java.util.function.LongUnaryOperator'
[INFO]          [WARN] Ignoring unresolvable annotation type java.lang.FunctionalInterface
[INFO]    Resolving java.util.function.ToDoubleBiFunction
[INFO]       Found type 'java.util.function.ToDoubleBiFunction'
[INFO]          [WARN] Ignoring unresolvable annotation type java.lang.FunctionalInterface
[INFO]    Resolving java.util.function.ToIntBiFunction
[INFO]       Found type 'java.util.function.ToIntBiFunction'
[INFO]          [WARN] Ignoring unresolvable annotation type java.lang.FunctionalInterface
[INFO]    Resolving java.util.function.ToLongBiFunction
[INFO]       Found type 'java.util.function.ToLongBiFunction'
[INFO]          [WARN] Ignoring unresolvable annotation type java.lang.FunctionalInterface
[INFO]    Compiling 5 permutations
[INFO]       Compiling permutation 0...
[INFO]       Compiling permutation 1...
[INFO]       Compiling permutation 2...
[INFO]       Compiling permutation 3...
[INFO]       Compiling permutation 4...
[INFO]    Compile of permutations succeeded
[INFO]    Compilation succeeded -- 58.129s
[INFO] Linking into /home/travis/build/zxing/zxing/zxing.appspot.com/src/main/webapp/generator
[INFO]    Link succeeded
[INFO]    Linking succeeded -- 0.436s
[INFO] 
[INFO] --- maven-war-plugin:3.1.0:war (default-war) @ zxing.appspot.com ---
[INFO] Packaging webapp
[INFO] Assembling webapp [zxing.appspot.com] in [/home/travis/build/zxing/zxing/zxing.appspot.com/target/zxing.appspot.com-3.3.1-SNAPSHOT]
[INFO] Processing war project
[INFO] Copying webapp resources [/home/travis/build/zxing/zxing/zxing.appspot.com/src/main/webapp]
[INFO] Webapp assembled in [77 msecs]
[INFO] Building war: /home/travis/build/zxing/zxing/zxing.appspot.com/target/zxing.appspot.com-3.3.1-SNAPSHOT.war
[INFO] 
[INFO] --- maven-javadoc-plugin:3.0.0-M1:jar (attach-javadocs) @ zxing.appspot.com ---
[INFO] Skipping javadoc generation
[INFO] 
[INFO] --- maven-source-plugin:3.0.1:jar-no-fork (attach-sources) @ zxing.appspot.com ---
[INFO] Skipping source per configuration.
[INFO] 
[INFO] >>> clirr-maven-plugin:2.8:check (check-api) > compile @ zxing.appspot.com >>>
[INFO] 
[INFO] --- maven-checkstyle-plugin:2.17:check (validate) @ zxing.appspot.com ---
[INFO] 
[INFO] --- maven-enforcer-plugin:3.0.0-M1:enforce (enforce) @ zxing.appspot.com ---
[INFO] 
[INFO] --- maven-resources-plugin:3.0.2:resources (default-resources) @ zxing.appspot.com ---
[INFO] Using 'UTF-8' encoding to copy filtered resources.
[INFO] Copying 1 resource
[INFO] 
[INFO] --- maven-compiler-plugin:3.6.2:compile (default-compile) @ zxing.appspot.com ---
[INFO] Nothing to compile - all classes are up to date
[INFO] 
[INFO] <<< clirr-maven-plugin:2.8:check (check-api) < compile @ zxing.appspot.com <<<
[INFO] 
[INFO] 
[INFO] --- clirr-maven-plugin:2.8:check (check-api) @ zxing.appspot.com ---
[INFO] artifact com.google.zxing:zxing.appspot.com: checking for updates from central
[INFO] artifact com.google.zxing:zxing.appspot.com: checking for updates from sonatype
[INFO] artifact com.google.zxing:zxing.appspot.com: checking for updates from sonatype-snapshots
[INFO] artifact com.google.zxing:zxing.appspot.com: checking for updates from sonatype-apache
[INFO] artifact com.google.zxing:zxing.appspot.com: checking for updates from apache-snapshots
[INFO] artifact com.google.zxing:zxing.appspot.com: checking for updates from sonatype
[INFO] artifact com.google.zxing:zxing.appspot.com: checking for updates from sonatype-snapshots
[INFO] artifact com.google.zxing:zxing.appspot.com: checking for updates from sonatype-apache
[INFO] artifact com.google.zxing:zxing.appspot.com: checking for updates from apache-snapshots
[INFO] Comparing to version: 3.3.0
[INFO] Succeeded with 0 errors; 0 warnings; and 0 other changes.
[INFO] 
[INFO] --- apache-rat-plugin:0.12:check (default) @ zxing.appspot.com ---
[INFO] Enabled default license matchers.
[INFO] Will parse SCM ignores for exclusions...
[INFO] Finished adding exclusions from SCM ignore files.
[INFO] 61 implicit excludes (use -debug for more details).
[INFO] Exclude: **/.*
[INFO] Exclude: **/.settings/**
[INFO] Exclude: **/*.iml
[INFO] Exclude: **/*.md
[INFO] Exclude: **/*.textile
[INFO] Exclude: **/*.txt
[INFO] Exclude: **/*.html
[INFO] Exclude: **/*.js
[INFO] Exclude: **/*.css
[INFO] Exclude: **/*.properties
[INFO] Exclude: **/*.cfg
[INFO] Exclude: **/*.config
[INFO] Exclude: **/*.yaml
[INFO] Exclude: **/gen/**
[INFO] Exclude: **/resources/**
[INFO] Exclude: **/symbolMaps/**
[INFO] Exclude: **/target/**
[INFO] Exclude: **/dependency-reduced-pom.xml
[INFO] Exclude: docs/
[INFO] Exclude: private/**
[INFO] Exclude: CHANGES
[INFO] Exclude: false
[INFO] 38 resources included (use -debug for more details)
[INFO] Rat check: Summary over all files. Unapproved: 0, unknown: 0, generated: 0, approved: 18 licenses.
[INFO] 
[INFO] --- maven-install-plugin:2.5.2:install (default-install) @ zxing.appspot.com ---
[INFO] Installing /home/travis/build/zxing/zxing/zxing.appspot.com/target/zxing.appspot.com-3.3.1-SNAPSHOT.war to /home/travis/.m2/repository/com/google/zxing/zxing.appspot.com/3.3.1-SNAPSHOT/zxing.appspot.com-3.3.1-SNAPSHOT.war
[INFO] Installing /home/travis/build/zxing/zxing/zxing.appspot.com/pom.xml to /home/travis/.m2/repository/com/google/zxing/zxing.appspot.com/3.3.1-SNAPSHOT/zxing.appspot.com-3.3.1-SNAPSHOT.pom
[INFO] 
[INFO] ------------------------------------------------------------------------
[INFO] Building ZXing zxing.org web app 3.3.1-SNAPSHOT
[INFO] ------------------------------------------------------------------------
[INFO] 
[INFO] --- maven-checkstyle-plugin:2.17:check (validate) @ zxingorg ---
[INFO] 
[INFO] --- maven-enforcer-plugin:3.0.0-M1:enforce (enforce) @ zxingorg ---
[INFO] 
[INFO] --- maven-resources-plugin:3.0.2:resources (default-resources) @ zxingorg ---
[INFO] Using 'UTF-8' encoding to copy filtered resources.
[INFO] Copying 1 resource
[INFO] 
[INFO] --- maven-compiler-plugin:3.6.2:compile (default-compile) @ zxingorg ---
[INFO] Changes detected - recompiling the module!
[INFO] Compiling 9 source files to /home/travis/build/zxing/zxing/zxingorg/target/classes
[INFO] 
[INFO] --- maven-resources-plugin:3.0.2:testResources (default-testResources) @ zxingorg ---
[INFO] Using 'UTF-8' encoding to copy filtered resources.
[INFO] skip non existing resourceDirectory /home/travis/build/zxing/zxing/zxingorg/src/test/resources
[INFO] 
[INFO] --- maven-compiler-plugin:3.6.2:testCompile (default-testCompile) @ zxingorg ---
[INFO] Changes detected - recompiling the module!
[INFO] Compiling 1 source file to /home/travis/build/zxing/zxing/zxingorg/target/test-classes
[INFO] 
[INFO] --- maven-surefire-plugin:2.20:test (default-test) @ zxingorg ---
[INFO] Tests are skipped.
[INFO] 
[INFO] --- maven-war-plugin:3.1.0:war (default-war) @ zxingorg ---
[INFO] Packaging webapp
[INFO] Assembling webapp [zxingorg] in [/home/travis/build/zxing/zxing/zxingorg/target/zxingorg-3.3.1-SNAPSHOT]
[INFO] Processing war project
[INFO] Copying webapp resources [/home/travis/build/zxing/zxing/zxingorg/src/main/webapp]
[INFO] Webapp assembled in [60 msecs]
[INFO] Building war: /home/travis/build/zxing/zxing/zxingorg/target/zxingorg-3.3.1-SNAPSHOT.war
[INFO] 
[INFO] --- maven-javadoc-plugin:3.0.0-M1:jar (attach-javadocs) @ zxingorg ---
[INFO] Skipping javadoc generation
[INFO] 
[INFO] --- maven-source-plugin:3.0.1:jar-no-fork (attach-sources) @ zxingorg ---
[INFO] Skipping source per configuration.
[INFO] 
[INFO] >>> clirr-maven-plugin:2.8:check (check-api) > compile @ zxingorg >>>
[INFO] 
[INFO] --- maven-checkstyle-plugin:2.17:check (validate) @ zxingorg ---
[INFO] 
[INFO] --- maven-enforcer-plugin:3.0.0-M1:enforce (enforce) @ zxingorg ---
[INFO] 
[INFO] --- maven-resources-plugin:3.0.2:resources (default-resources) @ zxingorg ---
[INFO] Using 'UTF-8' encoding to copy filtered resources.
[INFO] Copying 1 resource
[INFO] 
[INFO] --- maven-compiler-plugin:3.6.2:compile (default-compile) @ zxingorg ---
[INFO] Nothing to compile - all classes are up to date
[INFO] 
[INFO] <<< clirr-maven-plugin:2.8:check (check-api) < compile @ zxingorg <<<
[INFO] 
[INFO] 
[INFO] --- clirr-maven-plugin:2.8:check (check-api) @ zxingorg ---
[INFO] artifact com.google.zxing:zxingorg: checking for updates from central
[INFO] artifact com.google.zxing:zxingorg: checking for updates from sonatype
[INFO] artifact com.google.zxing:zxingorg: checking for updates from sonatype-snapshots
[INFO] artifact com.google.zxing:zxingorg: checking for updates from sonatype-apache
[INFO] artifact com.google.zxing:zxingorg: checking for updates from apache-snapshots
[INFO] artifact com.google.zxing:zxingorg: checking for updates from sonatype
[INFO] artifact com.google.zxing:zxingorg: checking for updates from sonatype-snapshots
[INFO] artifact com.google.zxing:zxingorg: checking for updates from sonatype-apache
[INFO] artifact com.google.zxing:zxingorg: checking for updates from apache-snapshots
[INFO] Comparing to version: 3.3.0
[INFO] Succeeded with 0 errors; 0 warnings; and 0 other changes.
[INFO] 
[INFO] --- apache-rat-plugin:0.12:check (default) @ zxingorg ---
[INFO] Enabled default license matchers.
[INFO] Will parse SCM ignores for exclusions...
[INFO] Finished adding exclusions from SCM ignore files.
[INFO] 61 implicit excludes (use -debug for more details).
[INFO] Exclude: **/.*
[INFO] Exclude: **/.settings/**
[INFO] Exclude: **/*.iml
[INFO] Exclude: **/*.md
[INFO] Exclude: **/*.textile
[INFO] Exclude: **/*.txt
[INFO] Exclude: **/*.html
[INFO] Exclude: **/*.js
[INFO] Exclude: **/*.css
[INFO] Exclude: **/*.properties
[INFO] Exclude: **/*.cfg
[INFO] Exclude: **/*.config
[INFO] Exclude: **/*.yaml
[INFO] Exclude: **/gen/**
[INFO] Exclude: **/resources/**
[INFO] Exclude: **/symbolMaps/**
[INFO] Exclude: **/target/**
[INFO] Exclude: **/dependency-reduced-pom.xml
[INFO] Exclude: docs/
[INFO] Exclude: private/**
[INFO] Exclude: CHANGES
[INFO] Exclude: false
[INFO] 17 resources included (use -debug for more details)
[INFO] Rat check: Summary over all files. Unapproved: 0, unknown: 0, generated: 0, approved: 15 licenses.
[INFO] 
[INFO] --- maven-install-plugin:2.5.2:install (default-install) @ zxingorg ---
[INFO] Installing /home/travis/build/zxing/zxing/zxingorg/target/zxingorg-3.3.1-SNAPSHOT.war to /home/travis/.m2/repository/com/google/zxing/zxingorg/3.3.1-SNAPSHOT/zxingorg-3.3.1-SNAPSHOT.war
[INFO] Installing /home/travis/build/zxing/zxing/zxingorg/pom.xml to /home/travis/.m2/repository/com/google/zxing/zxingorg/3.3.1-SNAPSHOT/zxingorg-3.3.1-SNAPSHOT.pom
[INFO] ------------------------------------------------------------------------
[INFO] Reactor Summary:
[INFO] 
[INFO] ZXing .............................................. SUCCESS [  6.294 s]
[INFO] ZXing Core ......................................... SUCCESS [ 38.173 s]
[INFO] ZXing Java SE extensions ........................... SUCCESS [  1.702 s]
[INFO] ZXing Appspot-based encoder ........................ SUCCESS [01:05 min]
[INFO] ZXing zxing.org web app ............................ SUCCESS [  2.487 s]
[INFO] ------------------------------------------------------------------------
[INFO] BUILD SUCCESS
[INFO] ------------------------------------------------------------------------
[INFO] Total time: 01:54 min
[INFO] Finished at: 2017-09-21T09:50:47Z
[INFO] Final Memory: 55M/940M
[INFO] ------------------------------------------------------------------------

travis_time:end:25993710:start=1505987331201521753,finish=1505987448264011980,duration=117062490227[0Ktravis_fold:end:install[0Ktravis_time:start:01638ed0[0K$ mvn -Ptravis ${JACOCO} test
Picked up _JAVA_OPTIONS: -Xmx2048m -Xms512m
[[1;34mINFO[m] Scanning for projects...
[[1;34mINFO[m] [1m------------------------------------------------------------------------[m
[[1;34mINFO[m] [1mReactor Build Order:[m
[[1;34mINFO[m] 
[[1;34mINFO[m] ZXing
[[1;34mINFO[m] ZXing Core
[[1;34mINFO[m] ZXing Java SE extensions
[[1;34mINFO[m] ZXing Appspot-based encoder
[[1;34mINFO[m] ZXing zxing.org web app
[[1;34mINFO[m] 
[[1;34mINFO[m] [1m------------------------------------------------------------------------[m
[[1;34mINFO[m] [1mBuilding ZXing 3.3.1-SNAPSHOT[m
[[1;34mINFO[m] [1m------------------------------------------------------------------------[m
[[1;34mINFO[m] 
[[1;34mINFO[m] [1m--- [0;32mmaven-checkstyle-plugin:2.17:check[m [1m(validate)[m @ [36mzxing-parent[0;1m ---[m
[[1;34mINFO[m] 
[[1;34mINFO[m] [1m--- [0;32mmaven-enforcer-plugin:3.0.0-M1:enforce[m [1m(enforce)[m @ [36mzxing-parent[0;1m ---[m
[[1;34mINFO[m] 
[[1;34mINFO[m] [1m--- [0;32mjacoco-maven-plugin:0.7.9:prepare-agent[m [1m(default)[m @ [36mzxing-parent[0;1m ---[m
[[1;34mINFO[m] argLine set to -javaagent:/home/travis/.m2/repository/org/jacoco/org.jacoco.agent/0.7.9/org.jacoco.agent-0.7.9-runtime.jar=destfile=/home/travis/build/zxing/zxing/target/jacoco.exec
[[1;34mINFO[m] 
[[1;34mINFO[m] [1m--- [0;32mjacoco-maven-plugin:0.7.9:report[m [1m(report)[m @ [36mzxing-parent[0;1m ---[m
[[1;34mINFO[m] Skipping JaCoCo execution due to missing execution data file.
[[1;34mINFO[m] 
[[1;34mINFO[m] [1m------------------------------------------------------------------------[m
[[1;34mINFO[m] [1mBuilding ZXing Core 3.3.1-SNAPSHOT[m
[[1;34mINFO[m] [1m------------------------------------------------------------------------[m
[[1;34mINFO[m] 
[[1;34mINFO[m] [1m--- [0;32mmaven-checkstyle-plugin:2.17:check[m [1m(validate)[m @ [36mcore[0;1m ---[m
[[1;34mINFO[m] 
[[1;34mINFO[m] [1m--- [0;32mmaven-enforcer-plugin:3.0.0-M1:enforce[m [1m(enforce)[m @ [36mcore[0;1m ---[m
[[1;34mINFO[m] 
[[1;34mINFO[m] [1m--- [0;32mjacoco-maven-plugin:0.7.9:prepare-agent[m [1m(default)[m @ [36mcore[0;1m ---[m
[[1;34mINFO[m] argLine set to -javaagent:/home/travis/.m2/repository/org/jacoco/org.jacoco.agent/0.7.9/org.jacoco.agent-0.7.9-runtime.jar=destfile=/home/travis/build/zxing/zxing/core/target/jacoco.exec
[[1;34mINFO[m] 
[[1;34mINFO[m] [1m--- [0;32mmaven-resources-plugin:3.0.2:resources[m [1m(default-resources)[m @ [36mcore[0;1m ---[m
[[1;34mINFO[m] Using 'UTF-8' encoding to copy filtered resources.
[[1;34mINFO[m] skip non existing resourceDirectory /home/travis/build/zxing/zxing/core/src/main/resources
[[1;34mINFO[m] 
[[1;34mINFO[m] [1m--- [0;32mmaven-compiler-plugin:3.6.2:compile[m [1m(default-compile)[m @ [36mcore[0;1m ---[m
[[1;34mINFO[m] Nothing to compile - all classes are up to date
[[1;34mINFO[m] 
[[1;34mINFO[m] [1m--- [0;32mmaven-resources-plugin:3.0.2:testResources[m [1m(default-testResources)[m @ [36mcore[0;1m ---[m
[[1;34mINFO[m] Using 'UTF-8' encoding to copy filtered resources.
[[1;34mINFO[m] Copying 2314 resources
[[1;34mINFO[m] 
[[1;34mINFO[m] [1m--- [0;32mmaven-compiler-plugin:3.6.2:testCompile[m [1m(default-testCompile)[m @ [36mcore[0;1m ---[m
[[1;34mINFO[m] Nothing to compile - all classes are up to date
[[1;34mINFO[m] 
[[1;34mINFO[m] [1m--- [0;32mmaven-surefire-plugin:2.20:test[m [1m(default-test)[m @ [36mcore[0;1m ---[m
[[1;34mINFO[m] 
[[1;34mINFO[m] -------------------------------------------------------
[[1;34mINFO[m]  T E S T S
[[1;34mINFO[m] -------------------------------------------------------
[[1;34mINFO[m] Running com.google.zxing.datamatrix.encoder.[1mPlacementTestCase[m
[[1;34mINFO[m] [1;32mTests run: [0;1;32m1[m, Failures: 0, Errors: 0, Skipped: 0, Time elapsed: 0.295 s - in com.google.zxing.datamatrix.encoder.[1mPlacementTestCase[m
[[1;34mINFO[m] Running com.google.zxing.datamatrix.encoder.[1mErrorCorrectionTestCase[m
[[1;34mINFO[m] [1;32mTests run: [0;1;32m1[m, Failures: 0, Errors: 0, Skipped: 0, Time elapsed: 0.022 s - in com.google.zxing.datamatrix.encoder.[1mErrorCorrectionTestCase[m
[[1;34mINFO[m] Running com.google.zxing.datamatrix.encoder.[1mHighLevelEncodeTestCase[m
[[1;33mWARNING[m] [1;33mTests [0;1mrun: [0;1m20[m, Failures: 0, Errors: 0, [1;33mSkipped: [0;1;33m1[m, Time elapsed: 0.182 s - in com.google.zxing.datamatrix.encoder.[1mHighLevelEncodeTestCase[m
[[1;34mINFO[m] Running com.google.zxing.datamatrix.encoder.[1mSymbolInfoTestCase[m
[[1;34mINFO[m] [1;32mTests run: [0;1;32m1[m, Failures: 0, Errors: 0, Skipped: 0, Time elapsed: 0 s - in com.google.zxing.datamatrix.encoder.[1mSymbolInfoTestCase[m
[[1;34mINFO[m] Running com.google.zxing.datamatrix.decoder.[1mDecodedBitStreamParserTestCase[m
[[1;34mINFO[m] [1;32mTests run: [0;1;32m2[m, Failures: 0, Errors: 0, Skipped: 0, Time elapsed: 0 s - in com.google.zxing.datamatrix.decoder.[1mDecodedBitStreamParserTestCase[m
[[1;34mINFO[m] Running com.google.zxing.datamatrix.[1mDataMatrixWriterTestCase[m
[[1;34mINFO[m] [1;32mTests run: [0;1;32m3[m, Failures: 0, Errors: 0, Skipped: 0, Time elapsed: 0.021 s - in com.google.zxing.datamatrix.[1mDataMatrixWriterTestCase[m
[[1;34mINFO[m] Running com.google.zxing.datamatrix.[1mDataMatrixBlackBox1TestCase[m
INFO: Starting src/test/resources/blackbox/datamatrix-1/0123456789.png
INFO: Starting src/test/resources/blackbox/datamatrix-1/C40.png
INFO: Starting src/test/resources/blackbox/datamatrix-1/EDIFACT.png
INFO: Starting src/test/resources/blackbox/datamatrix-1/GUID.png
INFO: Starting src/test/resources/blackbox/datamatrix-1/HelloWorld_Text_L_Kaywa.png
INFO: Starting src/test/resources/blackbox/datamatrix-1/HelloWorld_Text_L_Kaywa_1_error_byte.png
INFO: Starting src/test/resources/blackbox/datamatrix-1/HelloWorld_Text_L_Kaywa_2_error_byte.png
INFO: Starting src/test/resources/blackbox/datamatrix-1/HelloWorld_Text_L_Kaywa_3_error_byte.png
INFO: Starting src/test/resources/blackbox/datamatrix-1/HelloWorld_Text_L_Kaywa_4_error_byte.png
INFO: Starting src/test/resources/blackbox/datamatrix-1/X12.png
INFO: Starting src/test/resources/blackbox/datamatrix-1/abcd-18x8.png
INFO: Starting src/test/resources/blackbox/datamatrix-1/abcd-26x12.png
INFO: Starting src/test/resources/blackbox/datamatrix-1/abcd-32x8.png
INFO: Starting src/test/resources/blackbox/datamatrix-1/abcd-36x12.png
INFO: Starting src/test/resources/blackbox/datamatrix-1/abcd-36x16.png
INFO: Starting src/test/resources/blackbox/datamatrix-1/abcd-48x16.png
INFO: Starting src/test/resources/blackbox/datamatrix-1/abcd-52x52-IDAutomation.png
INFO: Starting src/test/resources/blackbox/datamatrix-1/abcd-52x52.png
INFO: Starting src/test/resources/blackbox/datamatrix-1/abcdefg-64x64.png
INFO: Starting src/test/resources/blackbox/datamatrix-1/abcdefg.png
INFO: Starting src/test/resources/blackbox/datamatrix-1/zxing_URL_L_Kayway.png
INFO: Rotation 0 degrees:
INFO:  21 of 21 images passed (21 required)
INFO:  0 failed due to misreads, 0 not detected
INFO:  21 of 21 images passed with try harder (21 required)
INFO:  0 failed due to misreads, 0 not detected
INFO: Rotation 90 degrees:
INFO:  21 of 21 images passed (21 required)
INFO:  0 failed due to misreads, 0 not detected
INFO:  21 of 21 images passed with try harder (21 required)
INFO:  0 failed due to misreads, 0 not detected
INFO: Rotation 180 degrees:
INFO:  21 of 21 images passed (21 required)
INFO:  0 failed due to misreads, 0 not detected
INFO:  21 of 21 images passed with try harder (21 required)
INFO:  0 failed due to misreads, 0 not detected
INFO: Rotation 270 degrees:
INFO:  21 of 21 images passed (21 required)
INFO:  0 failed due to misreads, 0 not detected
INFO:  21 of 21 images passed with try harder (21 required)
INFO:  0 failed due to misreads, 0 not detected
INFO: Decoded 168 images out of 168 (100%, 168 required)
[[1;34mINFO[m] [1;32mTests run: [0;1;32m1[m, Failures: 0, Errors: 0, Skipped: 0, Time elapsed: 4.345 s - in com.google.zxing.datamatrix.[1mDataMatrixBlackBox1TestCase[m
[[1;34mINFO[m] Running com.google.zxing.datamatrix.[1mDataMatrixBlackBox2TestCase[m
INFO: Starting src/test/resources/blackbox/datamatrix-2/01.png
INFO: Starting src/test/resources/blackbox/datamatrix-2/02.png
INFO: Starting src/test/resources/blackbox/datamatrix-2/03.png
INFO: Starting src/test/resources/blackbox/datamatrix-2/04.png
INFO: Starting src/test/resources/blackbox/datamatrix-2/05.png
INFO: Starting src/test/resources/blackbox/datamatrix-2/06.png
INFO: Starting src/test/resources/blackbox/datamatrix-2/07.png
INFO: Starting src/test/resources/blackbox/datamatrix-2/08.png
INFO: Starting src/test/resources/blackbox/datamatrix-2/09.png
INFO: Starting src/test/resources/blackbox/datamatrix-2/10.png
INFO: Starting src/test/resources/blackbox/datamatrix-2/11.png
INFO: Starting src/test/resources/blackbox/datamatrix-2/12.png
INFO: Starting src/test/resources/blackbox/datamatrix-2/13.png
INFO: Starting src/test/resources/blackbox/datamatrix-2/14.png
INFO: Starting src/test/resources/blackbox/datamatrix-2/15.png
INFO: Starting src/test/resources/blackbox/datamatrix-2/16.png
INFO: Format mismatch: expected 'DATA_MATRIX' but got 'UPC_E' (try harder, rotation: 0)
INFO: Format mismatch: expected 'DATA_MATRIX' but got 'UPC_E' (try harder, rotation: 90)
INFO: Format mismatch: expected 'DATA_MATRIX' but got 'UPC_E' (try harder, rotation: 180)
INFO: Format mismatch: expected 'DATA_MATRIX' but got 'UPC_E' (try harder, rotation: 270)
INFO: Starting src/test/resources/blackbox/datamatrix-2/17.png
INFO: Starting src/test/resources/blackbox/datamatrix-2/18.png
INFO: Rotation 0 degrees:
INFO:  8 of 18 images passed (8 required)
INFO:  0 failed due to misreads, 10 not detected
INFO:  8 of 18 images passed with try harder (8 required)
INFO:  1 failed due to misreads, 9 not detected
INFO: Rotation 90 degrees:
INFO:  14 of 18 images passed (14 required)
INFO:  0 failed due to misreads, 4 not detected
INFO:  14 of 18 images passed with try harder (14 required)
INFO:  1 failed due to misreads, 3 not detected
INFO: Rotation 180 degrees:
INFO:  14 of 18 images passed (14 required)
INFO:  0 failed due to misreads, 4 not detected
INFO:  14 of 18 images passed with try harder (14 required)
INFO:  1 failed due to misreads, 3 not detected
INFO: Rotation 270 degrees:
INFO:  13 of 18 images passed (13 required)
INFO:  0 failed due to misreads, 5 not detected
INFO:  13 of 18 images passed with try harder (13 required)
INFO:  1 failed due to misreads, 4 not detected
INFO: Decoded 98 images out of 144 (68%, 98 required)
[[1;34mINFO[m] [1;32mTests run: [0;1;32m1[m, Failures: 0, Errors: 0, Skipped: 0, Time elapsed: 4.12 s - in com.google.zxing.datamatrix.[1mDataMatrixBlackBox2TestCase[m
[[1;34mINFO[m] Running com.google.zxing.oned.[1mUPCAWriterTestCase[m
[[1;34mINFO[m] [1;32mTests run: [0;1;32m2[m, Failures: 0, Errors: 0, Skipped: 0, Time elapsed: 0.003 s - in com.google.zxing.oned.[1mUPCAWriterTestCase[m
[[1;34mINFO[m] Running com.google.zxing.oned.rss.expanded.[1mRSSExpandedStackedBlackBox1TestCase[m
INFO: Starting src/test/resources/blackbox/rssexpandedstacked-1/1.png
INFO: Starting src/test/resources/blackbox/rssexpandedstacked-1/10.png
INFO: Starting src/test/resources/blackbox/rssexpandedstacked-1/11.png
INFO: Starting src/test/resources/blackbox/rssexpandedstacked-1/12.png
INFO: Starting src/test/resources/blackbox/rssexpandedstacked-1/13.png
INFO: Starting src/test/resources/blackbox/rssexpandedstacked-1/14.png
INFO: Starting src/test/resources/blackbox/rssexpandedstacked-1/15.png
INFO: Starting src/test/resources/blackbox/rssexpandedstacked-1/16.png
INFO: Starting src/test/resources/blackbox/rssexpandedstacked-1/17.png
INFO: Starting src/test/resources/blackbox/rssexpandedstacked-1/18.png
INFO: Starting src/test/resources/blackbox/rssexpandedstacked-1/19.png
INFO: Starting src/test/resources/blackbox/rssexpandedstacked-1/2.png
INFO: Starting src/test/resources/blackbox/rssexpandedstacked-1/20.png
INFO: Starting src/test/resources/blackbox/rssexpandedstacked-1/21.png
INFO: Starting src/test/resources/blackbox/rssexpandedstacked-1/22.png
INFO: Starting src/test/resources/blackbox/rssexpandedstacked-1/23.png
INFO: Starting src/test/resources/blackbox/rssexpandedstacked-1/24.png
INFO: Starting src/test/resources/blackbox/rssexpandedstacked-1/25.png
INFO: Starting src/test/resources/blackbox/rssexpandedstacked-1/26.png
INFO: Starting src/test/resources/blackbox/rssexpandedstacked-1/27.png
INFO: Starting src/test/resources/blackbox/rssexpandedstacked-1/28.png
INFO: Starting src/test/resources/blackbox/rssexpandedstacked-1/29.png
INFO: Starting src/test/resources/blackbox/rssexpandedstacked-1/3.png
INFO: Starting src/test/resources/blackbox/rssexpandedstacked-1/30.png
INFO: Starting src/test/resources/blackbox/rssexpandedstacked-1/31.png
INFO: Starting src/test/resources/blackbox/rssexpandedstacked-1/32.png
INFO: Starting src/test/resources/blackbox/rssexpandedstacked-1/33.png
INFO: Starting src/test/resources/blackbox/rssexpandedstacked-1/34.png
INFO: Starting src/test/resources/blackbox/rssexpandedstacked-1/35.png
INFO: Starting src/test/resources/blackbox/rssexpandedstacked-1/36.png
INFO: Starting src/test/resources/blackbox/rssexpandedstacked-1/37.png
INFO: Starting src/test/resources/blackbox/rssexpandedstacked-1/38.png
INFO: Starting src/test/resources/blackbox/rssexpandedstacked-1/39.png
INFO: Starting src/test/resources/blackbox/rssexpandedstacked-1/4.png
INFO: Starting src/test/resources/blackbox/rssexpandedstacked-1/40.png
INFO: Starting src/test/resources/blackbox/rssexpandedstacked-1/41.png
INFO: Starting src/test/resources/blackbox/rssexpandedstacked-1/42.png
INFO: Starting src/test/resources/blackbox/rssexpandedstacked-1/43.png
INFO: Starting src/test/resources/blackbox/rssexpandedstacked-1/44.png
INFO: Starting src/test/resources/blackbox/rssexpandedstacked-1/45.png
INFO: Starting src/test/resources/blackbox/rssexpandedstacked-1/46.png
INFO: Starting src/test/resources/blackbox/rssexpandedstacked-1/47.png
INFO: Starting src/test/resources/blackbox/rssexpandedstacked-1/48.png
INFO: Starting src/test/resources/blackbox/rssexpandedstacked-1/49.png
INFO: Starting src/test/resources/blackbox/rssexpandedstacked-1/5.png
INFO: Starting src/test/resources/blackbox/rssexpandedstacked-1/50.png
INFO: Starting src/test/resources/blackbox/rssexpandedstacked-1/51.png
INFO: Starting src/test/resources/blackbox/rssexpandedstacked-1/52.png
INFO: Starting src/test/resources/blackbox/rssexpandedstacked-1/53.png
INFO: Starting src/test/resources/blackbox/rssexpandedstacked-1/54.png
INFO: Starting src/test/resources/blackbox/rssexpandedstacked-1/55.png
INFO: Starting src/test/resources/blackbox/rssexpandedstacked-1/56.png
INFO: Starting src/test/resources/blackbox/rssexpandedstacked-1/57.png
INFO: Starting src/test/resources/blackbox/rssexpandedstacked-1/58.png
INFO: Starting src/test/resources/blackbox/rssexpandedstacked-1/59.png
INFO: Starting src/test/resources/blackbox/rssexpandedstacked-1/6.png
INFO: Starting src/test/resources/blackbox/rssexpandedstacked-1/60.png
INFO: Starting src/test/resources/blackbox/rssexpandedstacked-1/61.png
INFO: Starting src/test/resources/blackbox/rssexpandedstacked-1/62.png
INFO: Starting src/test/resources/blackbox/rssexpandedstacked-1/63.png
INFO: Starting src/test/resources/blackbox/rssexpandedstacked-1/64.png
INFO: Starting src/test/resources/blackbox/rssexpandedstacked-1/7.png
INFO: Starting src/test/resources/blackbox/rssexpandedstacked-1/8.png
INFO: Starting src/test/resources/blackbox/rssexpandedstacked-1/9.png
INFO: Rotation 0 degrees:
INFO:  59 of 64 images passed (59 required)
INFO:  0 failed due to misreads, 5 not detected
INFO:  64 of 64 images passed with try harder (64 required)
INFO:  0 failed due to misreads, 0 not detected
INFO: Rotation 180 degrees:
INFO:  59 of 64 images passed (59 required)
INFO:  0 failed due to misreads, 5 not detected
INFO:  64 of 64 images passed with try harder (64 required)
INFO:  0 failed due to misreads, 0 not detected
INFO: Decoded 246 images out of 256 (96%, 246 required)
[[1;34mINFO[m] [1;32mTests run: [0;1;32m1[m, Failures: 0, Errors: 0, Skipped: 0, Time elapsed: 1.702 s - in com.google.zxing.oned.rss.expanded.[1mRSSExpandedStackedBlackBox1TestCase[m
[[1;34mINFO[m] Running com.google.zxing.oned.rss.expanded.[1mRSSExpandedBlackBox1TestCase[m
INFO: Starting src/test/resources/blackbox/rssexpanded-1/1.png
INFO: Starting src/test/resources/blackbox/rssexpanded-1/10.png
INFO: Starting src/test/resources/blackbox/rssexpanded-1/11.png
INFO: Starting src/test/resources/blackbox/rssexpanded-1/12.png
INFO: Starting src/test/resources/blackbox/rssexpanded-1/13.png
INFO: Starting src/test/resources/blackbox/rssexpanded-1/14.png
INFO: Starting src/test/resources/blackbox/rssexpanded-1/15.png
INFO: Starting src/test/resources/blackbox/rssexpanded-1/16.png
INFO: Starting src/test/resources/blackbox/rssexpanded-1/17.png
INFO: Starting src/test/resources/blackbox/rssexpanded-1/18.png
INFO: Starting src/test/resources/blackbox/rssexpanded-1/19.png
INFO: Starting src/test/resources/blackbox/rssexpanded-1/2.png
INFO: Starting src/test/resources/blackbox/rssexpanded-1/20.png
INFO: Starting src/test/resources/blackbox/rssexpanded-1/21.png
INFO: Starting src/test/resources/blackbox/rssexpanded-1/22.png
INFO: Starting src/test/resources/blackbox/rssexpanded-1/23.png
INFO: Starting src/test/resources/blackbox/rssexpanded-1/24.png
INFO: Starting src/test/resources/blackbox/rssexpanded-1/25.png
INFO: Starting src/test/resources/blackbox/rssexpanded-1/26.png
INFO: Starting src/test/resources/blackbox/rssexpanded-1/27.png
INFO: Starting src/test/resources/blackbox/rssexpanded-1/28.png
INFO: Starting src/test/resources/blackbox/rssexpanded-1/29.png
INFO: Starting src/test/resources/blackbox/rssexpanded-1/3.png
INFO: Starting src/test/resources/blackbox/rssexpanded-1/30.png
INFO: Starting src/test/resources/blackbox/rssexpanded-1/31.png
INFO: Starting src/test/resources/blackbox/rssexpanded-1/32.png
INFO: Starting src/test/resources/blackbox/rssexpanded-1/4.png
INFO: Starting src/test/resources/blackbox/rssexpanded-1/5.png
INFO: Starting src/test/resources/blackbox/rssexpanded-1/6.png
INFO: Starting src/test/resources/blackbox/rssexpanded-1/7.png
INFO: Starting src/test/resources/blackbox/rssexpanded-1/8.png
INFO: Starting src/test/resources/blackbox/rssexpanded-1/9.png
INFO: Rotation 0 degrees:
INFO:  32 of 32 images passed (32 required)
INFO:  0 failed due to misreads, 0 not detected
INFO:  32 of 32 images passed with try harder (32 required)
INFO:  0 failed due to misreads, 0 not detected
INFO: Rotation 180 degrees:
INFO:  32 of 32 images passed (32 required)
INFO:  0 failed due to misreads, 0 not detected
INFO:  32 of 32 images passed with try harder (32 required)
INFO:  0 failed due to misreads, 0 not detected
INFO: Decoded 128 images out of 128 (100%, 128 required)
[[1;34mINFO[m] [1;32mTests run: [0;1;32m1[m, Failures: 0, Errors: 0, Skipped: 0, Time elapsed: 0.566 s - in com.google.zxing.oned.rss.expanded.[1mRSSExpandedBlackBox1TestCase[m
[[1;34mINFO[m] Running com.google.zxing.oned.rss.expanded.decoders.[1mAnyAIDecoderTest[m
[[1;34mINFO[m] [1;32mTests run: [0;1;32m6[m, Failures: 0, Errors: 0, Skipped: 0, Time elapsed: 0.005 s - in com.google.zxing.oned.rss.expanded.decoders.[1mAnyAIDecoderTest[m
[[1;34mINFO[m] Running com.google.zxing.oned.rss.expanded.decoders.[1mFieldParserTest[m
[[1;34mINFO[m] [1;32mTests run: [0;1;32m2[m, Failures: 0, Errors: 0, Skipped: 0, Time elapsed: 0.001 s - in com.google.zxing.oned.rss.expanded.decoders.[1mFieldParserTest[m
[[1;34mINFO[m] Running com.google.zxing.oned.rss.expanded.decoders.[1mAI01_3X0X_1X_DecoderTest[m
[[1;34mINFO[m] [1;32mTests run: [0;1;32m9[m, Failures: 0, Errors: 0, Skipped: 0, Time elapsed: 0.01 s - in com.google.zxing.oned.rss.expanded.decoders.[1mAI01_3X0X_1X_DecoderTest[m
[[1;34mINFO[m] Running com.google.zxing.oned.rss.expanded.decoders.[1mAI01_3202_3203_DecoderTest[m
[[1;34mINFO[m] [1;32mTests run: [0;1;32m2[m, Failures: 0, Errors: 0, Skipped: 0, Time elapsed: 0 s - in com.google.zxing.oned.rss.expanded.decoders.[1mAI01_3202_3203_DecoderTest[m
[[1;34mINFO[m] Running com.google.zxing.oned.rss.expanded.decoders.[1mAI01_3103_DecoderTest[m
[[1;34mINFO[m] [1;32mTests run: [0;1;32m3[m, Failures: 0, Errors: 0, Skipped: 0, Time elapsed: 0 s - in com.google.zxing.oned.rss.expanded.decoders.[1mAI01_3103_DecoderTest[m
[[1;34mINFO[m] Running com.google.zxing.oned.rss.expanded.[1mRSSExpandedStackedInternalTestCase[m
[[1;34mINFO[m] [1;32mTests run: [0;1;32m2[m, Failures: 0, Errors: 0, Skipped: 0, Time elapsed: 0.095 s - in com.google.zxing.oned.rss.expanded.[1mRSSExpandedStackedInternalTestCase[m
[[1;34mINFO[m] Running com.google.zxing.oned.rss.expanded.[1mExpandedInformationDecoderTest[m
[[1;34mINFO[m] [1;32mTests run: [0;1;32m1[m, Failures: 0, Errors: 0, Skipped: 0, Time elapsed: 0.005 s - in com.google.zxing.oned.rss.expanded.[1mExpandedInformationDecoderTest[m
[[1;34mINFO[m] Running com.google.zxing.oned.rss.expanded.[1mRSSExpandedImage2stringTestCase[m
[[1;34mINFO[m] [1;32mTests run: [0;1;32m27[m, Failures: 0, Errors: 0, Skipped: 0, Time elapsed: 0.141 s - in com.google.zxing.oned.rss.expanded.[1mRSSExpandedImage2stringTestCase[m
[[1;34mINFO[m] Running com.google.zxing.oned.rss.expanded.[1mBinaryUtilTest[m
[[1;34mINFO[m] [1;32mTests run: [0;1;32m2[m, Failures: 0, Errors: 0, Skipped: 0, Time elapsed: 0.001 s - in com.google.zxing.oned.rss.expanded.[1mBinaryUtilTest[m
[[1;34mINFO[m] Running com.google.zxing.oned.rss.expanded.[1mRSSExpandedBlackBox3TestCase[m
INFO: Starting src/test/resources/blackbox/rssexpanded-3/1.png
INFO: Starting src/test/resources/blackbox/rssexpanded-3/10.png
INFO: Starting src/test/resources/blackbox/rssexpanded-3/100.png
INFO: Starting src/test/resources/blackbox/rssexpanded-3/101.png
INFO: Starting src/test/resources/blackbox/rssexpanded-3/102.png
INFO: Starting src/test/resources/blackbox/rssexpanded-3/103.png
INFO: Starting src/test/resources/blackbox/rssexpanded-3/104.png
INFO: Starting src/test/resources/blackbox/rssexpanded-3/105.png
INFO: Starting src/test/resources/blackbox/rssexpanded-3/106.png
INFO: Starting src/test/resources/blackbox/rssexpanded-3/107.png
INFO: Starting src/test/resources/blackbox/rssexpanded-3/108.png
INFO: Starting src/test/resources/blackbox/rssexpanded-3/109.png
INFO: Starting src/test/resources/blackbox/rssexpanded-3/11.png
INFO: Starting src/test/resources/blackbox/rssexpanded-3/110.png
INFO: Starting src/test/resources/blackbox/rssexpanded-3/111.png
INFO: Starting src/test/resources/blackbox/rssexpanded-3/112.png
INFO: Starting src/test/resources/blackbox/rssexpanded-3/113.png
INFO: Starting src/test/resources/blackbox/rssexpanded-3/114.png
INFO: Starting src/test/resources/blackbox/rssexpanded-3/115.png
INFO: Starting src/test/resources/blackbox/rssexpanded-3/116.png
INFO: Starting src/test/resources/blackbox/rssexpanded-3/117.png
INFO: Starting src/test/resources/blackbox/rssexpanded-3/12.png
INFO: Starting src/test/resources/blackbox/rssexpanded-3/13.png
INFO: Starting src/test/resources/blackbox/rssexpanded-3/14.png
INFO: Starting src/test/resources/blackbox/rssexpanded-3/15.png
INFO: Starting src/test/resources/blackbox/rssexpanded-3/16.png
INFO: Starting src/test/resources/blackbox/rssexpanded-3/17.png
INFO: Starting src/test/resources/blackbox/rssexpanded-3/18.png
INFO: Starting src/test/resources/blackbox/rssexpanded-3/19.png
INFO: Starting src/test/resources/blackbox/rssexpanded-3/2.png
INFO: Starting src/test/resources/blackbox/rssexpanded-3/20.png
INFO: Starting src/test/resources/blackbox/rssexpanded-3/21.png
INFO: Starting src/test/resources/blackbox/rssexpanded-3/22.png
INFO: Starting src/test/resources/blackbox/rssexpanded-3/23.png
INFO: Starting src/test/resources/blackbox/rssexpanded-3/24.png
INFO: Starting src/test/resources/blackbox/rssexpanded-3/25.png
INFO: Starting src/test/resources/blackbox/rssexpanded-3/26.png
INFO: Starting src/test/resources/blackbox/rssexpanded-3/27.png
INFO: Starting src/test/resources/blackbox/rssexpanded-3/28.png
INFO: Starting src/test/resources/blackbox/rssexpanded-3/29.png
INFO: Starting src/test/resources/blackbox/rssexpanded-3/3.png
INFO: Starting src/test/resources/blackbox/rssexpanded-3/30.png
INFO: Starting src/test/resources/blackbox/rssexpanded-3/31.png
INFO: Starting src/test/resources/blackbox/rssexpanded-3/32.png
INFO: Starting src/test/resources/blackbox/rssexpanded-3/33.png
INFO: Starting src/test/resources/blackbox/rssexpanded-3/34.png
INFO: Starting src/test/resources/blackbox/rssexpanded-3/35.png
INFO: Starting src/test/resources/blackbox/rssexpanded-3/36.png
INFO: Starting src/test/resources/blackbox/rssexpanded-3/37.png
INFO: Starting src/test/resources/blackbox/rssexpanded-3/38.png
INFO: Starting src/test/resources/blackbox/rssexpanded-3/39.png
INFO: Starting src/test/resources/blackbox/rssexpanded-3/4.png
INFO: Starting src/test/resources/blackbox/rssexpanded-3/40.png
INFO: Starting src/test/resources/blackbox/rssexpanded-3/41.png
INFO: Starting src/test/resources/blackbox/rssexpanded-3/42.png
INFO: Starting src/test/resources/blackbox/rssexpanded-3/43.png
INFO: Starting src/test/resources/blackbox/rssexpanded-3/44.png
INFO: Starting src/test/resources/blackbox/rssexpanded-3/45.png
INFO: Starting src/test/resources/blackbox/rssexpanded-3/46.png
INFO: Starting src/test/resources/blackbox/rssexpanded-3/47.png
INFO: Starting src/test/resources/blackbox/rssexpanded-3/48.png
INFO: Starting src/test/resources/blackbox/rssexpanded-3/49.png
INFO: Starting src/test/resources/blackbox/rssexpanded-3/5.png
INFO: Starting src/test/resources/blackbox/rssexpanded-3/50.png
INFO: Starting src/test/resources/blackbox/rssexpanded-3/51.png
INFO: Starting src/test/resources/blackbox/rssexpanded-3/52.png
INFO: Starting src/test/resources/blackbox/rssexpanded-3/53.png
INFO: Starting src/test/resources/blackbox/rssexpanded-3/54.png
INFO: Starting src/test/resources/blackbox/rssexpanded-3/55.png
INFO: Starting src/test/resources/blackbox/rssexpanded-3/56.png
INFO: Starting src/test/resources/blackbox/rssexpanded-3/57.png
INFO: Starting src/test/resources/blackbox/rssexpanded-3/58.png
INFO: Starting src/test/resources/blackbox/rssexpanded-3/59.png
INFO: Starting src/test/resources/blackbox/rssexpanded-3/6.png
INFO: Starting src/test/resources/blackbox/rssexpanded-3/60.png
INFO: Starting src/test/resources/blackbox/rssexpanded-3/61.png
INFO: Starting src/test/resources/blackbox/rssexpanded-3/62.png
INFO: Starting src/test/resources/blackbox/rssexpanded-3/63.png
INFO: Starting src/test/resources/blackbox/rssexpanded-3/64.png
INFO: Starting src/test/resources/blackbox/rssexpanded-3/65.png
INFO: Starting src/test/resources/blackbox/rssexpanded-3/66.png
INFO: Starting src/test/resources/blackbox/rssexpanded-3/67.png
INFO: Starting src/test/resources/blackbox/rssexpanded-3/68.png
INFO: Starting src/test/resources/blackbox/rssexpanded-3/69.png
INFO: Starting src/test/resources/blackbox/rssexpanded-3/7.png
INFO: Starting src/test/resources/blackbox/rssexpanded-3/70.png
INFO: Starting src/test/resources/blackbox/rssexpanded-3/71.png
INFO: Starting src/test/resources/blackbox/rssexpanded-3/72.png
INFO: Starting src/test/resources/blackbox/rssexpanded-3/73.png
INFO: Starting src/test/resources/blackbox/rssexpanded-3/74.png
INFO: Starting src/test/resources/blackbox/rssexpanded-3/75.png
INFO: Starting src/test/resources/blackbox/rssexpanded-3/76.png
INFO: Starting src/test/resources/blackbox/rssexpanded-3/77.png
INFO: Starting src/test/resources/blackbox/rssexpanded-3/78.png
INFO: Starting src/test/resources/blackbox/rssexpanded-3/79.png
INFO: Starting src/test/resources/blackbox/rssexpanded-3/8.png
INFO: Starting src/test/resources/blackbox/rssexpanded-3/80.png
INFO: Starting src/test/resources/blackbox/rssexpanded-3/81.png
INFO: Starting src/test/resources/blackbox/rssexpanded-3/82.png
INFO: Starting src/test/resources/blackbox/rssexpanded-3/83.png
INFO: Starting src/test/resources/blackbox/rssexpanded-3/84.png
INFO: Starting src/test/resources/blackbox/rssexpanded-3/85.png
INFO: Starting src/test/resources/blackbox/rssexpanded-3/86.png
INFO: Starting src/test/resources/blackbox/rssexpanded-3/87.png
INFO: Starting src/test/resources/blackbox/rssexpanded-3/88.png
INFO: Starting src/test/resources/blackbox/rssexpanded-3/89.png
INFO: Starting src/test/resources/blackbox/rssexpanded-3/9.png
INFO: Starting src/test/resources/blackbox/rssexpanded-3/90.png
INFO: Starting src/test/resources/blackbox/rssexpanded-3/91.png
INFO: Starting src/test/resources/blackbox/rssexpanded-3/92.png
INFO: Starting src/test/resources/blackbox/rssexpanded-3/93.png
INFO: Starting src/test/resources/blackbox/rssexpanded-3/94.png
INFO: Starting src/test/resources/blackbox/rssexpanded-3/95.png
INFO: Starting src/test/resources/blackbox/rssexpanded-3/96.png
INFO: Starting src/test/resources/blackbox/rssexpanded-3/97.png
INFO: Starting src/test/resources/blackbox/rssexpanded-3/98.png
INFO: Starting src/test/resources/blackbox/rssexpanded-3/99.png
INFO: Rotation 0 degrees:
INFO:  117 of 117 images passed (117 required)
INFO:  0 failed due to misreads, 0 not detected
INFO:  117 of 117 images passed with try harder (117 required)
INFO:  0 failed due to misreads, 0 not detected
INFO: Rotation 180 degrees:
INFO:  117 of 117 images passed (117 required)
INFO:  0 failed due to misreads, 0 not detected
INFO:  117 of 117 images passed with try harder (117 required)
INFO:  0 failed due to misreads, 0 not detected
INFO: Decoded 468 images out of 468 (100%, 468 required)
[[1;34mINFO[m] [1;32mTests run: [0;1;32m1[m, Failures: 0, Errors: 0, Skipped: 0, Time elapsed: 1.38 s - in com.google.zxing.oned.rss.expanded.[1mRSSExpandedBlackBox3TestCase[m
[[1;34mINFO[m] Running com.google.zxing.oned.rss.expanded.[1mRSSExpandedBlackBox2TestCase[m
INFO: Starting src/test/resources/blackbox/rssexpanded-2/12.png
INFO: Starting src/test/resources/blackbox/rssexpanded-2/13.png
INFO: Starting src/test/resources/blackbox/rssexpanded-2/16.png
INFO: Starting src/test/resources/blackbox/rssexpanded-2/17.png
INFO: Starting src/test/resources/blackbox/rssexpanded-2/18.png
INFO: Starting src/test/resources/blackbox/rssexpanded-2/18b.png
INFO: Starting src/test/resources/blackbox/rssexpanded-2/19.png
INFO: Starting src/test/resources/blackbox/rssexpanded-2/21.png
INFO: Starting src/test/resources/blackbox/rssexpanded-2/3_01.png
INFO: Starting src/test/resources/blackbox/rssexpanded-2/3_02.png
INFO: Starting src/test/resources/blackbox/rssexpanded-2/3_03.png
INFO: Starting src/test/resources/blackbox/rssexpanded-2/3_04.png
INFO: Starting src/test/resources/blackbox/rssexpanded-2/3_05.png
INFO: Starting src/test/resources/blackbox/rssexpanded-2/3_06.png
INFO: Starting src/test/resources/blackbox/rssexpanded-2/3_07.png
INFO: Starting src/test/resources/blackbox/rssexpanded-2/3_09.png
INFO: Starting src/test/resources/blackbox/rssexpanded-2/4_00.png
INFO: Starting src/test/resources/blackbox/rssexpanded-2/4_01.png
INFO: Starting src/test/resources/blackbox/rssexpanded-2/4_02.png
INFO: Starting src/test/resources/blackbox/rssexpanded-2/4_03.png
INFO: Starting src/test/resources/blackbox/rssexpanded-2/4_04.png
INFO: Starting src/test/resources/blackbox/rssexpanded-2/4_05.png
INFO: Starting src/test/resources/blackbox/rssexpanded-2/5.png
INFO: Rotation 0 degrees:
INFO:  21 of 23 images passed (21 required)
INFO:  0 failed due to misreads, 2 not detected
INFO:  23 of 23 images passed with try harder (23 required)
INFO:  0 failed due to misreads, 0 not detected
INFO: Rotation 180 degrees:
INFO:  21 of 23 images passed (21 required)
INFO:  0 failed due to misreads, 2 not detected
INFO:  23 of 23 images passed with try harder (23 required)
INFO:  0 failed due to misreads, 0 not detected
INFO: Decoded 88 images out of 92 (95%, 88 required)
[[1;34mINFO[m] [1;32mTests run: [0;1;32m1[m, Failures: 0, Errors: 0, Skipped: 0, Time elapsed: 6.655 s - in com.google.zxing.oned.rss.expanded.[1mRSSExpandedBlackBox2TestCase[m
[[1;34mINFO[m] Running com.google.zxing.oned.rss.expanded.[1mBitArrayBuilderTest[m
[[1;34mINFO[m] [1;32mTests run: [0;1;32m1[m, Failures: 0, Errors: 0, Skipped: 0, Time elapsed: 0 s - in com.google.zxing.oned.rss.expanded.[1mBitArrayBuilderTest[m
[[1;34mINFO[m] Running com.google.zxing.oned.rss.expanded.[1mRSSExpandedStackedBlackBox2TestCase[m
INFO: Starting src/test/resources/blackbox/rssexpandedstacked-2/1.png
INFO: Starting src/test/resources/blackbox/rssexpandedstacked-2/1000.png
INFO: Starting src/test/resources/blackbox/rssexpandedstacked-2/13.png
INFO: Starting src/test/resources/blackbox/rssexpandedstacked-2/19.png
INFO: Starting src/test/resources/blackbox/rssexpandedstacked-2/20.png
INFO: Starting src/test/resources/blackbox/rssexpandedstacked-2/22.png
INFO: Starting src/test/resources/blackbox/rssexpandedstacked-2/23.png
INFO: Rotation 0 degrees:
INFO:  2 of 7 images passed (2 required)
INFO:  0 failed due to misreads, 5 not detected
INFO:  7 of 7 images passed with try harder (7 required)
INFO:  0 failed due to misreads, 0 not detected
INFO: Rotation 180 degrees:
INFO:  2 of 7 images passed (2 required)
INFO:  0 failed due to misreads, 5 not detected
INFO:  7 of 7 images passed with try harder (7 required)
INFO:  0 failed due to misreads, 0 not detected
INFO: Decoded 18 images out of 28 (64%, 18 required)
[[1;34mINFO[m] [1;32mTests run: [0;1;32m1[m, Failures: 0, Errors: 0, Skipped: 0, Time elapsed: 0.646 s - in com.google.zxing.oned.rss.expanded.[1mRSSExpandedStackedBlackBox2TestCase[m
[[1;34mINFO[m] Running com.google.zxing.oned.rss.expanded.[1mRSSExpandedImage2resultTestCase[m
[[1;34mINFO[m] [1;32mTests run: [0;1;32m1[m, Failures: 0, Errors: 0, Skipped: 0, Time elapsed: 0.046 s - in com.google.zxing.oned.rss.expanded.[1mRSSExpandedImage2resultTestCase[m
[[1;34mINFO[m] Running com.google.zxing.oned.rss.expanded.[1mRSSExpandedImage2binaryTestCase[m
[[1;34mINFO[m] [1;32mTests run: [0;1;32m18[m, Failures: 0, Errors: 0, Skipped: 0, Time elapsed: 0.105 s - in com.google.zxing.oned.rss.expanded.[1mRSSExpandedImage2binaryTestCase[m
[[1;34mINFO[m] Running com.google.zxing.oned.rss.expanded.[1mRSSExpandedInternalTestCase[m
[[1;34mINFO[m] [1;32mTests run: [0;1;32m4[m, Failures: 0, Errors: 0, Skipped: 0, Time elapsed: 0.084 s - in com.google.zxing.oned.rss.expanded.[1mRSSExpandedInternalTestCase[m
[[1;34mINFO[m] Running com.google.zxing.oned.rss.[1mRSS14BlackBox2TestCase[m
INFO: Starting src/test/resources/blackbox/rss14-2/1.png
INFO: Starting src/test/resources/blackbox/rss14-2/10.png
INFO: Starting src/test/resources/blackbox/rss14-2/11.png
INFO: Format mismatch: expected 'RSS_14' but got 'UPC_E' (rotation: 0)
INFO: Format mismatch: expected 'RSS_14' but got 'UPC_E' (try harder, rotation: 0)
INFO: Format mismatch: expected 'RSS_14' but got 'UPC_E' (try harder, rotation: 180)
INFO: Starting src/test/resources/blackbox/rss14-2/12.png
INFO: Starting src/test/resources/blackbox/rss14-2/13.png
INFO: Starting src/test/resources/blackbox/rss14-2/14.png
INFO: Starting src/test/resources/blackbox/rss14-2/15.png
INFO: Starting src/test/resources/blackbox/rss14-2/16.png
INFO: Starting src/test/resources/blackbox/rss14-2/17.png
INFO: Starting src/test/resources/blackbox/rss14-2/18.png
INFO: Starting src/test/resources/blackbox/rss14-2/19.png
INFO: Starting src/test/resources/blackbox/rss14-2/2.png
INFO: Starting src/test/resources/blackbox/rss14-2/20.png
INFO: Starting src/test/resources/blackbox/rss14-2/21.png
INFO: Starting src/test/resources/blackbox/rss14-2/22.png
INFO: Starting src/test/resources/blackbox/rss14-2/23.png
INFO: Starting src/test/resources/blackbox/rss14-2/24.png
INFO: Starting src/test/resources/blackbox/rss14-2/3.png
INFO: Starting src/test/resources/blackbox/rss14-2/4.png
INFO: Starting src/test/resources/blackbox/rss14-2/5.png
INFO: Starting src/test/resources/blackbox/rss14-2/6.png
INFO: Starting src/test/resources/blackbox/rss14-2/7.png
INFO: Starting src/test/resources/blackbox/rss14-2/8.png
INFO: Starting src/test/resources/blackbox/rss14-2/9.png
INFO: Rotation 0 degrees:
INFO:  4 of 24 images passed (4 required)
INFO:  1 failed due to misreads, 19 not detected
INFO:  8 of 24 images passed with try harder (8 required)
INFO:  1 failed due to misreads, 15 not detected
INFO: Rotation 180 degrees:
INFO:  2 of 24 images passed (2 required)
INFO:  0 failed due to misreads, 22 not detected
INFO:  8 of 24 images passed with try harder (8 required)
INFO:  1 failed due to misreads, 15 not detected
INFO: Decoded 22 images out of 96 (22%, 22 required)
[[1;34mINFO[m] [1;32mTests run: [0;1;32m1[m, Failures: 0, Errors: 0, Skipped: 0, Time elapsed: 3.759 s - in com.google.zxing.oned.rss.[1mRSS14BlackBox2TestCase[m
[[1;34mINFO[m] Running com.google.zxing.oned.rss.[1mRSS14BlackBox1TestCase[m
INFO: Starting src/test/resources/blackbox/rss14-1/1.png
INFO: Starting src/test/resources/blackbox/rss14-1/2.png
INFO: Starting src/test/resources/blackbox/rss14-1/3.png
INFO: Starting src/test/resources/blackbox/rss14-1/4.png
INFO: Starting src/test/resources/blackbox/rss14-1/5.png
INFO: Starting src/test/resources/blackbox/rss14-1/6.png
INFO: Rotation 0 degrees:
INFO:  6 of 6 images passed (6 required)
INFO:  0 failed due to misreads, 0 not detected
INFO:  6 of 6 images passed with try harder (6 required)
INFO:  0 failed due to misreads, 0 not detected
INFO: Rotation 180 degrees:
INFO:  6 of 6 images passed (6 required)
INFO:  0 failed due to misreads, 0 not detected
INFO:  6 of 6 images passed with try harder (6 required)
INFO:  0 failed due to misreads, 0 not detected
INFO: Decoded 24 images out of 24 (100%, 24 required)
[[1;34mINFO[m] [1;32mTests run: [0;1;32m1[m, Failures: 0, Errors: 0, Skipped: 0, Time elapsed: 0.183 s - in com.google.zxing.oned.rss.[1mRSS14BlackBox1TestCase[m
[[1;34mINFO[m] Running com.google.zxing.oned.[1mCode128BlackBox1TestCase[m
INFO: Starting src/test/resources/blackbox/code128-1/1.png
INFO: Starting src/test/resources/blackbox/code128-1/2.png
INFO: Starting src/test/resources/blackbox/code128-1/3.png
INFO: Starting src/test/resources/blackbox/code128-1/4.png
INFO: Starting src/test/resources/blackbox/code128-1/5.png
INFO: Starting src/test/resources/blackbox/code128-1/6.png
INFO: Rotation 0 degrees:
INFO:  6 of 6 images passed (6 required)
INFO:  0 failed due to misreads, 0 not detected
INFO:  6 of 6 images passed with try harder (6 required)
INFO:  0 failed due to misreads, 0 not detected
INFO: Rotation 180 degrees:
INFO:  6 of 6 images passed (6 required)
INFO:  0 failed due to misreads, 0 not detected
INFO:  6 of 6 images passed with try harder (6 required)
INFO:  0 failed due to misreads, 0 not detected
INFO: Decoded 24 images out of 24 (100%, 24 required)
[[1;34mINFO[m] [1;32mTests run: [0;1;32m1[m, Failures: 0, Errors: 0, Skipped: 0, Time elapsed: 0.467 s - in com.google.zxing.oned.[1mCode128BlackBox1TestCase[m
[[1;34mINFO[m] Running com.google.zxing.oned.[1mCode128BlackBox2TestCase[m
INFO: Starting src/test/resources/blackbox/code128-2/01.png
INFO: Starting src/test/resources/blackbox/code128-2/02.png
INFO: Starting src/test/resources/blackbox/code128-2/03.png
INFO: Starting src/test/resources/blackbox/code128-2/04.png
INFO: Starting src/test/resources/blackbox/code128-2/05.png
INFO: Starting src/test/resources/blackbox/code128-2/06.png
INFO: Starting src/test/resources/blackbox/code128-2/07.png
INFO: Starting src/test/resources/blackbox/code128-2/08.png
INFO: Starting src/test/resources/blackbox/code128-2/09.png
INFO: Starting src/test/resources/blackbox/code128-2/10.png
INFO: Starting src/test/resources/blackbox/code128-2/11.png
INFO: Starting src/test/resources/blackbox/code128-2/12.png
INFO: Starting src/test/resources/blackbox/code128-2/13.png
INFO: Starting src/test/resources/blackbox/code128-2/14.png
INFO: Starting src/test/resources/blackbox/code128-2/15.png
INFO: Starting src/test/resources/blackbox/code128-2/16.png
INFO: Starting src/test/resources/blackbox/code128-2/17.png
INFO: Starting src/test/resources/blackbox/code128-2/18.png
INFO: Starting src/test/resources/blackbox/code128-2/19.png
INFO: Starting src/test/resources/blackbox/code128-2/20.png
INFO: Starting src/test/resources/blackbox/code128-2/21.png
INFO: Starting src/test/resources/blackbox/code128-2/22.png
INFO: Starting src/test/resources/blackbox/code128-2/23.png
INFO: Starting src/test/resources/blackbox/code128-2/24.png
INFO: Starting src/test/resources/blackbox/code128-2/25.png
INFO: Starting src/test/resources/blackbox/code128-2/26.png
INFO: Starting src/test/resources/blackbox/code128-2/27.png
INFO: Starting src/test/resources/blackbox/code128-2/28.png
INFO: Starting src/test/resources/blackbox/code128-2/29.png
INFO: Starting src/test/resources/blackbox/code128-2/30.png
INFO: Starting src/test/resources/blackbox/code128-2/31.png
INFO: Starting src/test/resources/blackbox/code128-2/32.png
INFO: Starting src/test/resources/blackbox/code128-2/33.png
INFO: Starting src/test/resources/blackbox/code128-2/34.png
INFO: Starting src/test/resources/blackbox/code128-2/35.png
INFO: Starting src/test/resources/blackbox/code128-2/36.png
INFO: Starting src/test/resources/blackbox/code128-2/37.png
INFO: Starting src/test/resources/blackbox/code128-2/38.png
INFO: Starting src/test/resources/blackbox/code128-2/39.png
INFO: Starting src/test/resources/blackbox/code128-2/40.png
INFO: Rotation 0 degrees:
INFO:  36 of 40 images passed (36 required)
INFO:  0 failed due to misreads, 4 not detected
INFO:  39 of 40 images passed with try harder (39 required)
INFO:  0 failed due to misreads, 1 not detected
INFO: Rotation 180 degrees:
INFO:  36 of 40 images passed (36 required)
INFO:  0 failed due to misreads, 4 not detected
INFO:  39 of 40 images passed with try harder (39 required)
INFO:  0 failed due to misreads, 1 not detected
INFO: Decoded 150 images out of 160 (93%, 150 required)
[[1;34mINFO[m] [1;32mTests run: [0;1;32m1[m, Failures: 0, Errors: 0, Skipped: 0, Time elapsed: 5.131 s - in com.google.zxing.oned.[1mCode128BlackBox2TestCase[m
[[1;34mINFO[m] Running com.google.zxing.oned.[1mUPCEBlackBox2TestCase[m
INFO: Starting src/test/resources/blackbox/upce-2/01.png
INFO: Starting src/test/resources/blackbox/upce-2/02.png
INFO: Starting src/test/resources/blackbox/upce-2/03.png
INFO: Starting src/test/resources/blackbox/upce-2/04.png
INFO: Starting src/test/resources/blackbox/upce-2/05.png
INFO: Starting src/test/resources/blackbox/upce-2/06.png
INFO: Starting src/test/resources/blackbox/upce-2/07.png
INFO: Starting src/test/resources/blackbox/upce-2/08.png
INFO: Starting src/test/resources/blackbox/upce-2/09.png
INFO: Starting src/test/resources/blackbox/upce-2/10.png
INFO: Starting src/test/resources/blackbox/upce-2/11.png
INFO: Starting src/test/resources/blackbox/upce-2/12.png
INFO: Starting src/test/resources/blackbox/upce-2/13.png
INFO: Starting src/test/resources/blackbox/upce-2/14.png
INFO: Content mismatch: expected '04963406' but got '04904144' (try harder, rotation: 0)
INFO: Content mismatch: expected '04963406' but got '04904144' (rotation: 180)
INFO: Content mismatch: expected '04963406' but got '04904144' (try harder, rotation: 180)
INFO: Starting src/test/resources/blackbox/upce-2/15.png
INFO: Starting src/test/resources/blackbox/upce-2/16.png
INFO: Starting src/test/resources/blackbox/upce-2/17.png
INFO: Starting src/test/resources/blackbox/upce-2/18.png
INFO: Starting src/test/resources/blackbox/upce-2/19.png
INFO: Starting src/test/resources/blackbox/upce-2/20.png
INFO: Starting src/test/resources/blackbox/upce-2/21.png
INFO: Starting src/test/resources/blackbox/upce-2/22.png
INFO: Starting src/test/resources/blackbox/upce-2/23.png
INFO: Starting src/test/resources/blackbox/upce-2/24.png
INFO: Starting src/test/resources/blackbox/upce-2/25.png
INFO: Starting src/test/resources/blackbox/upce-2/26.png
INFO: Starting src/test/resources/blackbox/upce-2/27.png
INFO: Starting src/test/resources/blackbox/upce-2/28.png
INFO: Starting src/test/resources/blackbox/upce-2/29.png
INFO: Starting src/test/resources/blackbox/upce-2/30.png
INFO: Starting src/test/resources/blackbox/upce-2/31.png
INFO: Starting src/test/resources/blackbox/upce-2/32.png
INFO: Starting src/test/resources/blackbox/upce-2/33.png
INFO: Starting src/test/resources/blackbox/upce-2/34.png
INFO: Starting src/test/resources/blackbox/upce-2/35.png
INFO: Starting src/test/resources/blackbox/upce-2/36.png
INFO: Starting src/test/resources/blackbox/upce-2/37.png
INFO: Starting src/test/resources/blackbox/upce-2/38.png
INFO: Starting src/test/resources/blackbox/upce-2/39.png
INFO: Starting src/test/resources/blackbox/upce-2/40.png
INFO: Starting src/test/resources/blackbox/upce-2/41.png
INFO: Rotation 0 degrees:
INFO:  31 of 41 images passed (31 required)
INFO:  0 failed due to misreads, 10 not detected
INFO:  35 of 41 images passed with try harder (35 required)
INFO:  1 failed due to misreads, 5 not detected
INFO: Rotation 180 degrees:
INFO:  31 of 41 images passed (31 required)
INFO:  1 failed due to misreads, 9 not detected
INFO:  35 of 41 images passed with try harder (35 required)
INFO:  1 failed due to misreads, 5 not detected
INFO: Decoded 132 images out of 164 (80%, 132 required)
[[1;34mINFO[m] [1;32mTests run: [0;1;32m1[m, Failures: 0, Errors: 0, Skipped: 0, Time elapsed: 1.832 s - in com.google.zxing.oned.[1mUPCEBlackBox2TestCase[m
[[1;34mINFO[m] Running com.google.zxing.oned.[1mCode39ExtendedModeTestCase[m
[[1;34mINFO[m] [1;32mTests run: [0;1;32m1[m, Failures: 0, Errors: 0, Skipped: 0, Time elapsed: 0.008 s - in com.google.zxing.oned.[1mCode39ExtendedModeTestCase[m
[[1;34mINFO[m] Running com.google.zxing.oned.[1mUPCABlackBox5TestCase[m
INFO: Starting src/test/resources/blackbox/upca-5/01.png
INFO: Starting src/test/resources/blackbox/upca-5/02.png
INFO: Starting src/test/resources/blackbox/upca-5/03.png
INFO: Starting src/test/resources/blackbox/upca-5/04.png
INFO: Starting src/test/resources/blackbox/upca-5/05.png
INFO: Starting src/test/resources/blackbox/upca-5/06.png
INFO: Starting src/test/resources/blackbox/upca-5/07.png
INFO: Starting src/test/resources/blackbox/upca-5/08.png
INFO: Starting src/test/resources/blackbox/upca-5/09.png
INFO: Starting src/test/resources/blackbox/upca-5/10.png
INFO: Starting src/test/resources/blackbox/upca-5/11.png
INFO: Starting src/test/resources/blackbox/upca-5/12.png
INFO: Starting src/test/resources/blackbox/upca-5/13.png
INFO: Starting src/test/resources/blackbox/upca-5/14.png
INFO: Starting src/test/resources/blackbox/upca-5/15.png
INFO: Starting src/test/resources/blackbox/upca-5/16.png
INFO: Starting src/test/resources/blackbox/upca-5/17.png
INFO: Starting src/test/resources/blackbox/upca-5/18.png
INFO: Starting src/test/resources/blackbox/upca-5/19.png
INFO: Starting src/test/resources/blackbox/upca-5/20.png
INFO: Starting src/test/resources/blackbox/upca-5/21.png
INFO: Starting src/test/resources/blackbox/upca-5/22.png
INFO: Starting src/test/resources/blackbox/upca-5/23.png
INFO: Starting src/test/resources/blackbox/upca-5/24.png
INFO: Starting src/test/resources/blackbox/upca-5/25.png
INFO: Starting src/test/resources/blackbox/upca-5/26.png
INFO: Starting src/test/resources/blackbox/upca-5/27.png
INFO: Starting src/test/resources/blackbox/upca-5/28.png
INFO: Starting src/test/resources/blackbox/upca-5/29.png
INFO: Starting src/test/resources/blackbox/upca-5/30.png
INFO: Starting src/test/resources/blackbox/upca-5/31.png
INFO: Starting src/test/resources/blackbox/upca-5/32.png
INFO: Starting src/test/resources/blackbox/upca-5/33.png
INFO: Starting src/test/resources/blackbox/upca-5/34.png
INFO: Starting src/test/resources/blackbox/upca-5/35.png
INFO: Rotation 0 degrees:
INFO:  20 of 35 images passed (20 required)
INFO:  0 failed due to misreads, 15 not detected
INFO:  23 of 35 images passed with try harder (23 required)
INFO:  0 failed due to misreads, 12 not detected
INFO: Rotation 180 degrees:
INFO:  22 of 35 images passed (22 required)
INFO:  0 failed due to misreads, 13 not detected
INFO:  23 of 35 images passed with try harder (23 required)
INFO:  0 failed due to misreads, 12 not detected
INFO: Decoded 88 images out of 140 (62%, 88 required)
[[1;34mINFO[m] [1;32mTests run: [0;1;32m1[m, Failures: 0, Errors: 0, Skipped: 0, Time elapsed: 8.746 s - in com.google.zxing.oned.[1mUPCABlackBox5TestCase[m
[[1;34mINFO[m] Running com.google.zxing.oned.[1mUPCEBlackBox1TestCase[m
INFO: Starting src/test/resources/blackbox/upce-1/1.png
INFO: Starting src/test/resources/blackbox/upce-1/2.png
INFO: Starting src/test/resources/blackbox/upce-1/4.png
INFO: Rotation 0 degrees:
INFO:  3 of 3 images passed (3 required)
INFO:  0 failed due to misreads, 0 not detected
INFO:  3 of 3 images passed with try harder (3 required)
INFO:  0 failed due to misreads, 0 not detected
INFO: Rotation 180 degrees:
INFO:  3 of 3 images passed (3 required)
INFO:  0 failed due to misreads, 0 not detected
INFO:  3 of 3 images passed with try harder (3 required)
INFO:  0 failed due to misreads, 0 not detected
INFO: Decoded 12 images out of 12 (100%, 12 required)
[[1;34mINFO[m] [1;32mTests run: [0;1;32m1[m, Failures: 0, Errors: 0, Skipped: 0, Time elapsed: 0.018 s - in com.google.zxing.oned.[1mUPCEBlackBox1TestCase[m
[[1;34mINFO[m] Running com.google.zxing.oned.[1mCodaBarWriterTestCase[m
[[1;34mINFO[m] [1;32mTests run: [0;1;32m3[m, Failures: 0, Errors: 0, Skipped: 0, Time elapsed: 0.003 s - in com.google.zxing.oned.[1mCodaBarWriterTestCase[m
[[1;34mINFO[m] Running com.google.zxing.oned.[1mCode39WriterTestCase[m
[[1;34mINFO[m] [1;32mTests run: [0;1;32m1[m, Failures: 0, Errors: 0, Skipped: 0, Time elapsed: 0.004 s - in com.google.zxing.oned.[1mCode39WriterTestCase[m
[[1;34mINFO[m] Running com.google.zxing.oned.[1mITFBlackBox2TestCase[m
INFO: Starting src/test/resources/blackbox/itf-2/01.png
INFO: Starting src/test/resources/blackbox/itf-2/02.png
INFO: Starting src/test/resources/blackbox/itf-2/03.png
INFO: Starting src/test/resources/blackbox/itf-2/04.png
INFO: Starting src/test/resources/blackbox/itf-2/05.png
INFO: Starting src/test/resources/blackbox/itf-2/06.png
INFO: Starting src/test/resources/blackbox/itf-2/07.png
INFO: Starting src/test/resources/blackbox/itf-2/08.png
INFO: Starting src/test/resources/blackbox/itf-2/09.png
INFO: Starting src/test/resources/blackbox/itf-2/10.png
INFO: Starting src/test/resources/blackbox/itf-2/11.png
INFO: Starting src/test/resources/blackbox/itf-2/12.png
INFO: Starting src/test/resources/blackbox/itf-2/13.png
INFO: Rotation 0 degrees:
INFO:  13 of 13 images passed (13 required)
INFO:  0 failed due to misreads, 0 not detected
INFO:  13 of 13 images passed with try harder (13 required)
INFO:  0 failed due to misreads, 0 not detected
INFO: Rotation 180 degrees:
INFO:  13 of 13 images passed (13 required)
INFO:  0 failed due to misreads, 0 not detected
INFO:  13 of 13 images passed with try harder (13 required)
INFO:  0 failed due to misreads, 0 not detected
INFO: Decoded 52 images out of 52 (100%, 52 required)
[[1;34mINFO[m] [1;32mTests run: [0;1;32m1[m, Failures: 0, Errors: 0, Skipped: 0, Time elapsed: 0.259 s - in com.google.zxing.oned.[1mITFBlackBox2TestCase[m
[[1;34mINFO[m] Running com.google.zxing.oned.[1mEAN8WriterTestCase[m
[[1;34mINFO[m] [1;32mTests run: [0;1;32m2[m, Failures: 0, Errors: 0, Skipped: 0, Time elapsed: 0.002 s - in com.google.zxing.oned.[1mEAN8WriterTestCase[m
[[1;34mINFO[m] Running com.google.zxing.oned.[1mEAN13BlackBox3TestCase[m
INFO: Starting src/test/resources/blackbox/ean13-3/01.png
INFO: Starting src/test/resources/blackbox/ean13-3/02.png
INFO: Starting src/test/resources/blackbox/ean13-3/03.png
INFO: Starting src/test/resources/blackbox/ean13-3/04.png
INFO: Starting src/test/resources/blackbox/ean13-3/05.png
INFO: Starting src/test/resources/blackbox/ean13-3/06.png
INFO: Starting src/test/resources/blackbox/ean13-3/07.png
INFO: Starting src/test/resources/blackbox/ean13-3/08.png
INFO: Starting src/test/resources/blackbox/ean13-3/09.png
INFO: Starting src/test/resources/blackbox/ean13-3/10.png
INFO: Starting src/test/resources/blackbox/ean13-3/11.png
INFO: Starting src/test/resources/blackbox/ean13-3/12.png
INFO: Starting src/test/resources/blackbox/ean13-3/13.png
INFO: Starting src/test/resources/blackbox/ean13-3/14.png
INFO: Starting src/test/resources/blackbox/ean13-3/15.png
INFO: Starting src/test/resources/blackbox/ean13-3/16.png
INFO: Starting src/test/resources/blackbox/ean13-3/17.png
INFO: Starting src/test/resources/blackbox/ean13-3/18.png
INFO: Starting src/test/resources/blackbox/ean13-3/19.png
INFO: Starting src/test/resources/blackbox/ean13-3/20.png
INFO: Starting src/test/resources/blackbox/ean13-3/21.png
INFO: Starting src/test/resources/blackbox/ean13-3/22.png
INFO: Starting src/test/resources/blackbox/ean13-3/23.png
INFO: Starting src/test/resources/blackbox/ean13-3/24.png
INFO: Starting src/test/resources/blackbox/ean13-3/25.png
INFO: Starting src/test/resources/blackbox/ean13-3/26.png
INFO: Starting src/test/resources/blackbox/ean13-3/27.png
INFO: Starting src/test/resources/blackbox/ean13-3/28.png
INFO: Starting src/test/resources/blackbox/ean13-3/29.png
INFO: Starting src/test/resources/blackbox/ean13-3/30.png
INFO: Starting src/test/resources/blackbox/ean13-3/31.png
INFO: Starting src/test/resources/blackbox/ean13-3/32.png
INFO: Starting src/test/resources/blackbox/ean13-3/33.png
INFO: Starting src/test/resources/blackbox/ean13-3/34.png
INFO: Starting src/test/resources/blackbox/ean13-3/35.png
INFO: Starting src/test/resources/blackbox/ean13-3/36.png
INFO: Starting src/test/resources/blackbox/ean13-3/37.png
INFO: Starting src/test/resources/blackbox/ean13-3/38.png
INFO: Starting src/test/resources/blackbox/ean13-3/39.png
INFO: Starting src/test/resources/blackbox/ean13-3/40.png
INFO: Starting src/test/resources/blackbox/ean13-3/41.png
INFO: Starting src/test/resources/blackbox/ean13-3/42.png
INFO: Starting src/test/resources/blackbox/ean13-3/43.png
INFO: Starting src/test/resources/blackbox/ean13-3/44.png
INFO: Starting src/test/resources/blackbox/ean13-3/45.png
INFO: Starting src/test/resources/blackbox/ean13-3/46.png
INFO: Starting src/test/resources/blackbox/ean13-3/47.png
INFO: Starting src/test/resources/blackbox/ean13-3/48.png
INFO: Starting src/test/resources/blackbox/ean13-3/49.png
INFO: Starting src/test/resources/blackbox/ean13-3/50.png
INFO: Starting src/test/resources/blackbox/ean13-3/51.png
INFO: Starting src/test/resources/blackbox/ean13-3/52.png
INFO: Starting src/test/resources/blackbox/ean13-3/53.png
INFO: Starting src/test/resources/blackbox/ean13-3/54.png
INFO: Starting src/test/resources/blackbox/ean13-3/55.png
INFO: Rotation 0 degrees:
INFO:  53 of 55 images passed (53 required)
INFO:  0 failed due to misreads, 2 not detected
INFO:  55 of 55 images passed with try harder (55 required)
INFO:  0 failed due to misreads, 0 not detected
INFO: Rotation 180 degrees:
INFO:  55 of 55 images passed (55 required)
INFO:  0 failed due to misreads, 0 not detected
INFO:  55 of 55 images passed with try harder (55 required)
INFO:  0 failed due to misreads, 0 not detected
INFO: Decoded 218 images out of 220 (99%, 218 required)
[[1;34mINFO[m] [1;32mTests run: [0;1;32m1[m, Failures: 0, Errors: 0, Skipped: 0, Time elapsed: 1.208 s - in com.google.zxing.oned.[1mEAN13BlackBox3TestCase[m
[[1;34mINFO[m] Running com.google.zxing.oned.[1mCode93WriterTestCase[m
[[1;34mINFO[m] [1;32mTests run: [0;1;32m1[m, Failures: 0, Errors: 0, Skipped: 0, Time elapsed: 0.009 s - in com.google.zxing.oned.[1mCode93WriterTestCase[m
[[1;34mINFO[m] Running com.google.zxing.oned.[1mUPCEBlackBox3ReflectiveTestCase[m
INFO: Starting src/test/resources/blackbox/upce-3/01.png
INFO: Starting src/test/resources/blackbox/upce-3/02.png
INFO: Starting src/test/resources/blackbox/upce-3/03.png
INFO: Starting src/test/resources/blackbox/upce-3/04.png
INFO: Starting src/test/resources/blackbox/upce-3/05.png
INFO: Starting src/test/resources/blackbox/upce-3/06.png
INFO: Starting src/test/resources/blackbox/upce-3/07.png
INFO: Starting src/test/resources/blackbox/upce-3/08.png
INFO: Starting src/test/resources/blackbox/upce-3/09.png
INFO: Starting src/test/resources/blackbox/upce-3/10.png
INFO: Starting src/test/resources/blackbox/upce-3/11.png
INFO: Rotation 0 degrees:
INFO:  6 of 11 images passed (6 required)
INFO:  0 failed due to misreads, 5 not detected
INFO:  8 of 11 images passed with try harder (8 required)
INFO:  0 failed due to misreads, 3 not detected
INFO: Rotation 180 degrees:
INFO:  6 of 11 images passed (6 required)
INFO:  0 failed due to misreads, 5 not detected
INFO:  8 of 11 images passed with try harder (8 required)
INFO:  0 failed due to misreads, 3 not detected
INFO: Decoded 28 images out of 44 (63%, 28 required)
[[1;34mINFO[m] [1;32mTests run: [0;1;32m1[m, Failures: 0, Errors: 0, Skipped: 0, Time elapsed: 0.731 s - in com.google.zxing.oned.[1mUPCEBlackBox3ReflectiveTestCase[m
[[1;34mINFO[m] Running com.google.zxing.oned.[1mEAN13BlackBox4TestCase[m
INFO: Starting src/test/resources/blackbox/ean13-4/01.png
INFO: Format mismatch: expected 'EAN_13' but got 'UPC_E' (rotation: 0)
INFO: Format mismatch: expected 'EAN_13' but got 'UPC_E' (try harder, rotation: 0)
INFO: Format mismatch: expected 'EAN_13' but got 'UPC_E' (rotation: 180)
INFO: Format mismatch: expected 'EAN_13' but got 'UPC_E' (try harder, rotation: 180)
INFO: Starting src/test/resources/blackbox/ean13-4/02.png
INFO: Starting src/test/resources/blackbox/ean13-4/03.png
INFO: Starting src/test/resources/blackbox/ean13-4/04.png
INFO: Starting src/test/resources/blackbox/ean13-4/05.png
INFO: Starting src/test/resources/blackbox/ean13-4/06.png
INFO: Starting src/test/resources/blackbox/ean13-4/07.png
INFO: Starting src/test/resources/blackbox/ean13-4/08.png
INFO: Starting src/test/resources/blackbox/ean13-4/09.png
INFO: Starting src/test/resources/blackbox/ean13-4/10.png
INFO: Starting src/test/resources/blackbox/ean13-4/11.png
INFO: Starting src/test/resources/blackbox/ean13-4/12.png
INFO: Starting src/test/resources/blackbox/ean13-4/13.png
INFO: Starting src/test/resources/blackbox/ean13-4/14.png
INFO: Starting src/test/resources/blackbox/ean13-4/15.png
INFO: Starting src/test/resources/blackbox/ean13-4/16.png
INFO: Starting src/test/resources/blackbox/ean13-4/17.png
INFO: Starting src/test/resources/blackbox/ean13-4/18.png
INFO: Starting src/test/resources/blackbox/ean13-4/19.png
INFO: Starting src/test/resources/blackbox/ean13-4/20.png
INFO: Starting src/test/resources/blackbox/ean13-4/21.png
INFO: Starting src/test/resources/blackbox/ean13-4/22.png
INFO: Rotation 0 degrees:
INFO:  6 of 22 images passed (6 required)
INFO:  1 failed due to misreads, 15 not detected
INFO:  13 of 22 images passed with try harder (13 required)
INFO:  1 failed due to misreads, 8 not detected
INFO: Rotation 180 degrees:
INFO:  7 of 22 images passed (7 required)
INFO:  1 failed due to misreads, 14 not detected
INFO:  13 of 22 images passed with try harder (13 required)
INFO:  1 failed due to misreads, 8 not detected
INFO: Decoded 39 images out of 88 (44%, 39 required)
[[1;34mINFO[m] [1;32mTests run: [0;1;32m1[m, Failures: 0, Errors: 0, Skipped: 0, Time elapsed: 2.035 s - in com.google.zxing.oned.[1mEAN13BlackBox4TestCase[m
[[1;34mINFO[m] Running com.google.zxing.oned.[1mUPCABlackBox6BlurryTestCase[m
INFO: Starting src/test/resources/blackbox/upca-6/01.png
INFO: Starting src/test/resources/blackbox/upca-6/02.png
INFO: Starting src/test/resources/blackbox/upca-6/03.png
INFO: Starting src/test/resources/blackbox/upca-6/04.png
INFO: Starting src/test/resources/blackbox/upca-6/05.png
INFO: Starting src/test/resources/blackbox/upca-6/06.png
INFO: Starting src/test/resources/blackbox/upca-6/07.png
INFO: Starting src/test/resources/blackbox/upca-6/08.png
INFO: Starting src/test/resources/blackbox/upca-6/09.png
INFO: Starting src/test/resources/blackbox/upca-6/10.png
INFO: Starting src/test/resources/blackbox/upca-6/11.png
INFO: Starting src/test/resources/blackbox/upca-6/12.png
INFO: Starting src/test/resources/blackbox/upca-6/13.png
INFO: Starting src/test/resources/blackbox/upca-6/14.png
INFO: Starting src/test/resources/blackbox/upca-6/15.png
INFO: Starting src/test/resources/blackbox/upca-6/16.png
INFO: Starting src/test/resources/blackbox/upca-6/17.png
INFO: Starting src/test/resources/blackbox/upca-6/18.png
INFO: Starting src/test/resources/blackbox/upca-6/19.png
INFO: Rotation 0 degrees:
INFO:  0 of 19 images passed (0 required)
INFO:  0 failed due to misreads, 19 not detected
INFO:  0 of 19 images passed with try harder (0 required)
INFO:  0 failed due to misreads, 19 not detected
INFO: Rotation 180 degrees:
INFO:  0 of 19 images passed (0 required)
INFO:  0 failed due to misreads, 19 not detected
INFO:  0 of 19 images passed with try harder (0 required)
INFO:  0 failed due to misreads, 19 not detected
INFO: Decoded 0 images out of 76 (0%, 0 required)
[[1;34mINFO[m] [1;32mTests run: [0;1;32m1[m, Failures: 0, Errors: 0, Skipped: 0, Time elapsed: 2.883 s - in com.google.zxing.oned.[1mUPCABlackBox6BlurryTestCase[m
[[1;34mINFO[m] Running com.google.zxing.oned.[1mUPCABlackBox1TestCase[m
INFO: Starting src/test/resources/blackbox/upca-1/1.png
INFO: Starting src/test/resources/blackbox/upca-1/10.png
INFO: Starting src/test/resources/blackbox/upca-1/11.png
INFO: Starting src/test/resources/blackbox/upca-1/12.png
INFO: Starting src/test/resources/blackbox/upca-1/13.png
INFO: Starting src/test/resources/blackbox/upca-1/16.png
INFO: Starting src/test/resources/blackbox/upca-1/17.png
INFO: Starting src/test/resources/blackbox/upca-1/18.png
INFO: Starting src/test/resources/blackbox/upca-1/19.png
INFO: Starting src/test/resources/blackbox/upca-1/2.png
INFO: Starting src/test/resources/blackbox/upca-1/20.png
INFO: Starting src/test/resources/blackbox/upca-1/21.png
INFO: Starting src/test/resources/blackbox/upca-1/27.png
INFO: Starting src/test/resources/blackbox/upca-1/28.png
INFO: Starting src/test/resources/blackbox/upca-1/29.png
INFO: Starting src/test/resources/blackbox/upca-1/3.png
INFO: Starting src/test/resources/blackbox/upca-1/35.png
INFO: Starting src/test/resources/blackbox/upca-1/4.png
INFO: Content mismatch: expected '070097025088' but got '070097026788' (try harder, rotation: 0)
INFO: Content mismatch: expected '070097025088' but got '070097026788' (try harder, rotation: 180)
INFO: Starting src/test/resources/blackbox/upca-1/5.png
INFO: Starting src/test/resources/blackbox/upca-1/8.png
INFO: Starting src/test/resources/blackbox/upca-1/9.png
INFO: Rotation 0 degrees:
INFO:  14 of 21 images passed (14 required)
INFO:  0 failed due to misreads, 7 not detected
INFO:  18 of 21 images passed with try harder (18 required)
INFO:  1 failed due to misreads, 2 not detected
INFO: Rotation 180 degrees:
INFO:  16 of 21 images passed (16 required)
INFO:  0 failed due to misreads, 5 not detected
INFO:  18 of 21 images passed with try harder (18 required)
INFO:  1 failed due to misreads, 2 not detected
INFO: Decoded 66 images out of 84 (78%, 66 required)
[[1;34mINFO[m] [1;32mTests run: [0;1;32m1[m, Failures: 0, Errors: 0, Skipped: 0, Time elapsed: 2.369 s - in com.google.zxing.oned.[1mUPCABlackBox1TestCase[m
[[1;34mINFO[m] Running com.google.zxing.oned.[1mCode128BlackBox3TestCase[m
INFO: Starting src/test/resources/blackbox/code128-3/1.png
INFO: Starting src/test/resources/blackbox/code128-3/2.png
INFO: Rotation 0 degrees:
INFO:  2 of 2 images passed (2 required)
INFO:  0 failed due to misreads, 0 not detected
INFO:  2 of 2 images passed with try harder (2 required)
INFO:  0 failed due to misreads, 0 not detected
INFO: Rotation 180 degrees:
INFO:  2 of 2 images passed (2 required)
INFO:  0 failed due to misreads, 0 not detected
INFO:  2 of 2 images passed with try harder (2 required)
INFO:  0 failed due to misreads, 0 not detected
INFO: Decoded 8 images out of 8 (100%, 8 required)
[[1;34mINFO[m] [1;32mTests run: [0;1;32m1[m, Failures: 0, Errors: 0, Skipped: 0, Time elapsed: 0.021 s - in com.google.zxing.oned.[1mCode128BlackBox3TestCase[m
[[1;34mINFO[m] Running com.google.zxing.oned.[1mUPCABlackBox2TestCase[m
INFO: Starting src/test/resources/blackbox/upca-2/01.png
INFO: Format mismatch: expected 'UPC_A' but got 'EAN_8' (try harder, rotation: 0)
INFO: Format mismatch: expected 'UPC_A' but got 'EAN_8' (try harder, rotation: 180)
INFO: Starting src/test/resources/blackbox/upca-2/02.png
INFO: Starting src/test/resources/blackbox/upca-2/03.png
INFO: Starting src/test/resources/blackbox/upca-2/04.png
INFO: Starting src/test/resources/blackbox/upca-2/05.png
INFO: Starting src/test/resources/blackbox/upca-2/06.png
INFO: Format mismatch: expected 'UPC_A' but got 'EAN_8' (try harder, rotation: 0)
INFO: Format mismatch: expected 'UPC_A' but got 'EAN_8' (try harder, rotation: 180)
INFO: Starting src/test/resources/blackbox/upca-2/07.png
INFO: Starting src/test/resources/blackbox/upca-2/08.png
INFO: Starting src/test/resources/blackbox/upca-2/09.png
INFO: Starting src/test/resources/blackbox/upca-2/10.png
INFO: Starting src/test/resources/blackbox/upca-2/11.png
INFO: Starting src/test/resources/blackbox/upca-2/12.png
INFO: Starting src/test/resources/blackbox/upca-2/13.png
INFO: Starting src/test/resources/blackbox/upca-2/14.png
INFO: Starting src/test/resources/blackbox/upca-2/15.png
INFO: Starting src/test/resources/blackbox/upca-2/16.png
INFO: Starting src/test/resources/blackbox/upca-2/17.png
INFO: Starting src/test/resources/blackbox/upca-2/18.png
INFO: Starting src/test/resources/blackbox/upca-2/19.png
INFO: Starting src/test/resources/blackbox/upca-2/20.png
INFO: Starting src/test/resources/blackbox/upca-2/21.png
INFO: Starting src/test/resources/blackbox/upca-2/22.png
INFO: Starting src/test/resources/blackbox/upca-2/23.png
INFO: Starting src/test/resources/blackbox/upca-2/24.png
INFO: Starting src/test/resources/blackbox/upca-2/25.png
INFO: Starting src/test/resources/blackbox/upca-2/26.png
INFO: Starting src/test/resources/blackbox/upca-2/27.png
INFO: Starting src/test/resources/blackbox/upca-2/28.png
INFO: Starting src/test/resources/blackbox/upca-2/29.png
INFO: Starting src/test/resources/blackbox/upca-2/30.png
INFO: Starting src/test/resources/blackbox/upca-2/31.png
INFO: Starting src/test/resources/blackbox/upca-2/32.png
INFO: Starting src/test/resources/blackbox/upca-2/33.png
INFO: Starting src/test/resources/blackbox/upca-2/34.png
INFO: Starting src/test/resources/blackbox/upca-2/35.png
INFO: Starting src/test/resources/blackbox/upca-2/36.png
INFO: Starting src/test/resources/blackbox/upca-2/37.png
INFO: Starting src/test/resources/blackbox/upca-2/38.png
INFO: Starting src/test/resources/blackbox/upca-2/39.png
INFO: Starting src/test/resources/blackbox/upca-2/40.png
INFO: Starting src/test/resources/blackbox/upca-2/41.png
INFO: Starting src/test/resources/blackbox/upca-2/42.png
INFO: Starting src/test/resources/blackbox/upca-2/43.png
INFO: Starting src/test/resources/blackbox/upca-2/44.png
INFO: Starting src/test/resources/blackbox/upca-2/45.png
INFO: Starting src/test/resources/blackbox/upca-2/46.png
INFO: Starting src/test/resources/blackbox/upca-2/47.png
INFO: Starting src/test/resources/blackbox/upca-2/48.png
INFO: Starting src/test/resources/blackbox/upca-2/49.png
INFO: Starting src/test/resources/blackbox/upca-2/50.png
INFO: Starting src/test/resources/blackbox/upca-2/51.png
INFO: Starting src/test/resources/blackbox/upca-2/52.png
INFO: Rotation 0 degrees:
INFO:  28 of 52 images passed (28 required)
INFO:  0 failed due to misreads, 24 not detected
INFO:  36 of 52 images passed with try harder (36 required)
INFO:  2 failed due to misreads, 14 not detected
INFO: Rotation 180 degrees:
INFO:  29 of 52 images passed (29 required)
INFO:  0 failed due to misreads, 23 not detected
INFO:  36 of 52 images passed with try harder (36 required)
INFO:  2 failed due to misreads, 14 not detected
INFO: Decoded 129 images out of 208 (62%, 129 required)
[[1;34mINFO[m] [1;32mTests run: [0;1;32m1[m, Failures: 0, Errors: 0, Skipped: 0, Time elapsed: 3.956 s - in com.google.zxing.oned.[1mUPCABlackBox2TestCase[m
[[1;34mINFO[m] Running com.google.zxing.oned.[1mITFBlackBox1TestCase[m
INFO: Starting src/test/resources/blackbox/itf-1/1.png
INFO: Starting src/test/resources/blackbox/itf-1/10.png
INFO: Starting src/test/resources/blackbox/itf-1/13.png
INFO: Starting src/test/resources/blackbox/itf-1/14.png
INFO: Starting src/test/resources/blackbox/itf-1/15.png
INFO: Starting src/test/resources/blackbox/itf-1/16.png
INFO: Starting src/test/resources/blackbox/itf-1/17.png
INFO: Starting src/test/resources/blackbox/itf-1/2.png
INFO: Starting src/test/resources/blackbox/itf-1/3.png
INFO: Starting src/test/resources/blackbox/itf-1/5.png
INFO: Starting src/test/resources/blackbox/itf-1/6.png
INFO: Starting src/test/resources/blackbox/itf-1/7.png
INFO: Starting src/test/resources/blackbox/itf-1/8.png
INFO: Starting src/test/resources/blackbox/itf-1/9.png
INFO: Rotation 0 degrees:
INFO:  9 of 14 images passed (9 required)
INFO:  0 failed due to misreads, 5 not detected
INFO:  13 of 14 images passed with try harder (13 required)
INFO:  0 failed due to misreads, 1 not detected
INFO: Rotation 180 degrees:
INFO:  12 of 14 images passed (12 required)
INFO:  0 failed due to misreads, 2 not detected
INFO:  13 of 14 images passed with try harder (13 required)
INFO:  0 failed due to misreads, 1 not detected
INFO: Decoded 47 images out of 56 (83%, 47 required)
[[1;34mINFO[m] [1;32mTests run: [0;1;32m1[m, Failures: 0, Errors: 0, Skipped: 0, Time elapsed: 0.264 s - in com.google.zxing.oned.[1mITFBlackBox1TestCase[m
[[1;34mINFO[m] Running com.google.zxing.oned.[1mEAN13BlackBox2TestCase[m
INFO: Starting src/test/resources/blackbox/ean13-2/01.png
INFO: Starting src/test/resources/blackbox/ean13-2/02.png
INFO: Starting src/test/resources/blackbox/ean13-2/03.png
INFO: Starting src/test/resources/blackbox/ean13-2/04.png
INFO: Starting src/test/resources/blackbox/ean13-2/05.png
INFO: Starting src/test/resources/blackbox/ean13-2/06.png
INFO: Starting src/test/resources/blackbox/ean13-2/07.png
INFO: Starting src/test/resources/blackbox/ean13-2/08.png
INFO: Starting src/test/resources/blackbox/ean13-2/09.png
INFO: Starting src/test/resources/blackbox/ean13-2/10.png
INFO: Starting src/test/resources/blackbox/ean13-2/11.png
INFO: Starting src/test/resources/blackbox/ean13-2/12.png
INFO: Starting src/test/resources/blackbox/ean13-2/13.png
INFO: Starting src/test/resources/blackbox/ean13-2/14.png
INFO: Starting src/test/resources/blackbox/ean13-2/15.png
INFO: Starting src/test/resources/blackbox/ean13-2/16.png
INFO: Starting src/test/resources/blackbox/ean13-2/17.png
INFO: Starting src/test/resources/blackbox/ean13-2/18.png
INFO: Starting src/test/resources/blackbox/ean13-2/19.png
INFO: Starting src/test/resources/blackbox/ean13-2/20.png
INFO: Starting src/test/resources/blackbox/ean13-2/21.png
INFO: Starting src/test/resources/blackbox/ean13-2/22.png
INFO: Starting src/test/resources/blackbox/ean13-2/23.png
INFO: Starting src/test/resources/blackbox/ean13-2/24.png
INFO: Content mismatch: expected '9784872348880' but got '1920081045006' (try harder, rotation: 0)
INFO: Content mismatch: expected '9784872348880' but got '1920081045006' (try harder, rotation: 180)
INFO: Starting src/test/resources/blackbox/ean13-2/25.png
INFO: Starting src/test/resources/blackbox/ean13-2/26.png
INFO: Starting src/test/resources/blackbox/ean13-2/27.png
INFO: Starting src/test/resources/blackbox/ean13-2/28.png
INFO: Rotation 0 degrees:
INFO:  12 of 28 images passed (12 required)
INFO:  0 failed due to misreads, 16 not detected
INFO:  17 of 28 images passed with try harder (17 required)
INFO:  1 failed due to misreads, 10 not detected
INFO: Rotation 180 degrees:
INFO:  11 of 28 images passed (11 required)
INFO:  0 failed due to misreads, 17 not detected
INFO:  17 of 28 images passed with try harder (17 required)
INFO:  1 failed due to misreads, 10 not detected
INFO: Decoded 57 images out of 112 (50%, 57 required)
[[1;34mINFO[m] [1;32mTests run: [0;1;32m1[m, Failures: 0, Errors: 0, Skipped: 0, Time elapsed: 5.566 s - in com.google.zxing.oned.[1mEAN13BlackBox2TestCase[m
[[1;34mINFO[m] Running com.google.zxing.oned.[1mCode93BlackBox1TestCase[m
INFO: Starting src/test/resources/blackbox/code93-1/1.png
INFO: Starting src/test/resources/blackbox/code93-1/2.png
INFO: Starting src/test/resources/blackbox/code93-1/3.png
INFO: Rotation 0 degrees:
INFO:  3 of 3 images passed (3 required)
INFO:  0 failed due to misreads, 0 not detected
INFO:  3 of 3 images passed with try harder (3 required)
INFO:  0 failed due to misreads, 0 not detected
INFO: Rotation 180 degrees:
INFO:  3 of 3 images passed (3 required)
INFO:  0 failed due to misreads, 0 not detected
INFO:  3 of 3 images passed with try harder (3 required)
INFO:  0 failed due to misreads, 0 not detected
INFO: Decoded 12 images out of 12 (100%, 12 required)
[[1;34mINFO[m] [1;32mTests run: [0;1;32m1[m, Failures: 0, Errors: 0, Skipped: 0, Time elapsed: 0.079 s - in com.google.zxing.oned.[1mCode93BlackBox1TestCase[m
[[1;34mINFO[m] Running com.google.zxing.oned.[1mEAN8BlackBox1TestCase[m
INFO: Starting src/test/resources/blackbox/ean8-1/1.png
INFO: Starting src/test/resources/blackbox/ean8-1/2.png
INFO: Starting src/test/resources/blackbox/ean8-1/3.png
INFO: Starting src/test/resources/blackbox/ean8-1/4.png
INFO: Starting src/test/resources/blackbox/ean8-1/5.png
INFO: Starting src/test/resources/blackbox/ean8-1/6.png
INFO: Starting src/test/resources/blackbox/ean8-1/7.png
INFO: Starting src/test/resources/blackbox/ean8-1/8.png
INFO: Rotation 0 degrees:
INFO:  8 of 8 images passed (8 required)
INFO:  0 failed due to misreads, 0 not detected
INFO:  8 of 8 images passed with try harder (8 required)
INFO:  0 failed due to misreads, 0 not detected
INFO: Rotation 180 degrees:
INFO:  8 of 8 images passed (8 required)
INFO:  0 failed due to misreads, 0 not detected
INFO:  8 of 8 images passed with try harder (8 required)
INFO:  0 failed due to misreads, 0 not detected
INFO: Decoded 32 images out of 32 (100%, 32 required)
[[1;34mINFO[m] [1;32mTests run: [0;1;32m1[m, Failures: 0, Errors: 0, Skipped: 0, Time elapsed: 0.1 s - in com.google.zxing.oned.[1mEAN8BlackBox1TestCase[m
[[1;34mINFO[m] Running com.google.zxing.oned.[1mITFWriterTestCase[m
[[1;34mINFO[m] [1;32mTests run: [0;1;32m1[m, Failures: 0, Errors: 0, Skipped: 0, Time elapsed: 0.004 s - in com.google.zxing.oned.[1mITFWriterTestCase[m
[[1;34mINFO[m] Running com.google.zxing.oned.[1mCode128WriterTestCase[m
[[1;34mINFO[m] [1;32mTests run: [0;1;32m6[m, Failures: 0, Errors: 0, Skipped: 0, Time elapsed: 0.016 s - in com.google.zxing.oned.[1mCode128WriterTestCase[m
[[1;34mINFO[m] Running com.google.zxing.oned.[1mEAN13WriterTestCase[m
[[1;34mINFO[m] [1;32mTests run: [0;1;32m2[m, Failures: 0, Errors: 0, Skipped: 0, Time elapsed: 0.003 s - in com.google.zxing.oned.[1mEAN13WriterTestCase[m
[[1;34mINFO[m] Running com.google.zxing.oned.[1mCode39ExtendedBlackBox2TestCase[m
INFO: Starting src/test/resources/blackbox/code39-2/1.png
INFO: Starting src/test/resources/blackbox/code39-2/2.png
INFO: Rotation 0 degrees:
INFO:  2 of 2 images passed (2 required)
INFO:  0 failed due to misreads, 0 not detected
INFO:  2 of 2 images passed with try harder (2 required)
INFO:  0 failed due to misreads, 0 not detected
INFO: Rotation 180 degrees:
INFO:  2 of 2 images passed (2 required)
INFO:  0 failed due to misreads, 0 not detected
INFO:  2 of 2 images passed with try harder (2 required)
INFO:  0 failed due to misreads, 0 not detected
INFO: Decoded 8 images out of 8 (100%, 8 required)
[[1;34mINFO[m] [1;32mTests run: [0;1;32m1[m, Failures: 0, Errors: 0, Skipped: 0, Time elapsed: 0.028 s - in com.google.zxing.oned.[1mCode39ExtendedBlackBox2TestCase[m
[[1;34mINFO[m] Running com.google.zxing.oned.[1mCodabarBlackBox1TestCase[m
INFO: Starting src/test/resources/blackbox/codabar-1/01.png
INFO: Starting src/test/resources/blackbox/codabar-1/02.png
INFO: Starting src/test/resources/blackbox/codabar-1/03.png
INFO: Starting src/test/resources/blackbox/codabar-1/04.png
INFO: Starting src/test/resources/blackbox/codabar-1/09.png
INFO: Starting src/test/resources/blackbox/codabar-1/10.png
INFO: Starting src/test/resources/blackbox/codabar-1/11.png
INFO: Starting src/test/resources/blackbox/codabar-1/12.png
INFO: Starting src/test/resources/blackbox/codabar-1/13.png
INFO: Starting src/test/resources/blackbox/codabar-1/14.png
INFO: Starting src/test/resources/blackbox/codabar-1/15.png
INFO: Rotation 0 degrees:
INFO:  11 of 11 images passed (11 required)
INFO:  0 failed due to misreads, 0 not detected
INFO:  11 of 11 images passed with try harder (11 required)
INFO:  0 failed due to misreads, 0 not detected
INFO: Rotation 180 degrees:
INFO:  11 of 11 images passed (11 required)
INFO:  0 failed due to misreads, 0 not detected
INFO:  11 of 11 images passed with try harder (11 required)
INFO:  0 failed due to misreads, 0 not detected
INFO: Decoded 44 images out of 44 (100%, 44 required)
[[1;34mINFO[m] [1;32mTests run: [0;1;32m1[m, Failures: 0, Errors: 0, Skipped: 0, Time elapsed: 0.272 s - in com.google.zxing.oned.[1mCodabarBlackBox1TestCase[m
[[1;34mINFO[m] Running com.google.zxing.oned.[1mCode39BlackBox1TestCase[m
INFO: Starting src/test/resources/blackbox/code39-1/1.png
INFO: Starting src/test/resources/blackbox/code39-1/2.png
INFO: Starting src/test/resources/blackbox/code39-1/3.png
INFO: Starting src/test/resources/blackbox/code39-1/4.png
INFO: Rotation 0 degrees:
INFO:  4 of 4 images passed (4 required)
INFO:  0 failed due to misreads, 0 not detected
INFO:  4 of 4 images passed with try harder (4 required)
INFO:  0 failed due to misreads, 0 not detected
INFO: Rotation 180 degrees:
INFO:  4 of 4 images passed (4 required)
INFO:  0 failed due to misreads, 0 not detected
INFO:  4 of 4 images passed with try harder (4 required)
INFO:  0 failed due to misreads, 0 not detected
INFO: Decoded 16 images out of 16 (100%, 16 required)
[[1;34mINFO[m] [1;32mTests run: [0;1;32m1[m, Failures: 0, Errors: 0, Skipped: 0, Time elapsed: 0.22 s - in com.google.zxing.oned.[1mCode39BlackBox1TestCase[m
[[1;34mINFO[m] Running com.google.zxing.oned.[1mUPCABlackBox3ReflectiveTestCase[m
INFO: Starting src/test/resources/blackbox/upca-3/01.png
INFO: Starting src/test/resources/blackbox/upca-3/02.png
INFO: Starting src/test/resources/blackbox/upca-3/03.png
INFO: Starting src/test/resources/blackbox/upca-3/04.png
INFO: Starting src/test/resources/blackbox/upca-3/05.png
INFO: Starting src/test/resources/blackbox/upca-3/06.png
INFO: Starting src/test/resources/blackbox/upca-3/07.png
INFO: Starting src/test/resources/blackbox/upca-3/08.png
INFO: Starting src/test/resources/blackbox/upca-3/09.png
INFO: Starting src/test/resources/blackbox/upca-3/10.png
INFO: Starting src/test/resources/blackbox/upca-3/11.png
INFO: Starting src/test/resources/blackbox/upca-3/12.png
INFO: Starting src/test/resources/blackbox/upca-3/13.png
INFO: Starting src/test/resources/blackbox/upca-3/14.png
INFO: Content mismatch: expected '854818000116' but got '854818097116' (try harder, rotation: 0)
INFO: Content mismatch: expected '854818000116' but got '854818097116' (try harder, rotation: 180)
INFO: Starting src/test/resources/blackbox/upca-3/15.png
INFO: Starting src/test/resources/blackbox/upca-3/16.png
INFO: Content mismatch: expected '854818000116' but got '854818003629' (try harder, rotation: 0)
INFO: Content mismatch: expected '854818000116' but got '854818003629' (try harder, rotation: 180)
INFO: Starting src/test/resources/blackbox/upca-3/17.png
INFO: Starting src/test/resources/blackbox/upca-3/18.png
INFO: Starting src/test/resources/blackbox/upca-3/19.png
INFO: Starting src/test/resources/blackbox/upca-3/20.png
INFO: Starting src/test/resources/blackbox/upca-3/21.png
INFO: Rotation 0 degrees:
INFO:  7 of 21 images passed (7 required)
INFO:  0 failed due to misreads, 14 not detected
INFO:  9 of 21 images passed with try harder (9 required)
INFO:  2 failed due to misreads, 10 not detected
INFO: Rotation 180 degrees:
INFO:  8 of 21 images passed (8 required)
INFO:  0 failed due to misreads, 13 not detected
INFO:  9 of 21 images passed with try harder (9 required)
INFO:  2 failed due to misreads, 10 not detected
INFO: Decoded 33 images out of 84 (39%, 33 required)
[[1;34mINFO[m] [1;32mTests run: [0;1;32m1[m, Failures: 0, Errors: 0, Skipped: 0, Time elapsed: 2.179 s - in com.google.zxing.oned.[1mUPCABlackBox3ReflectiveTestCase[m
[[1;34mINFO[m] Running com.google.zxing.oned.[1mUPCEWriterTestCase[m
[[1;34mINFO[m] [1;32mTests run: [0;1;32m3[m, Failures: 0, Errors: 0, Skipped: 0, Time elapsed: 0.003 s - in com.google.zxing.oned.[1mUPCEWriterTestCase[m
[[1;34mINFO[m] Running com.google.zxing.oned.[1mUPCEANExtensionBlackBox1TestCase[m
INFO: Starting src/test/resources/blackbox/upcean-extension-1/1.png
INFO: Starting src/test/resources/blackbox/upcean-extension-1/2.png
INFO: Rotation 0 degrees:
INFO:  2 of 2 images passed (2 required)
INFO:  0 failed due to misreads, 0 not detected
INFO:  2 of 2 images passed with try harder (2 required)
INFO:  0 failed due to misreads, 0 not detected
INFO: Decoded 4 images out of 4 (100%, 4 required)
[[1;34mINFO[m] [1;32mTests run: [0;1;32m1[m, Failures: 0, Errors: 0, Skipped: 0, Time elapsed: 0.228 s - in com.google.zxing.oned.[1mUPCEANExtensionBlackBox1TestCase[m
[[1;34mINFO[m] Running com.google.zxing.oned.[1mEAN13BlackBox1TestCase[m
INFO: Starting src/test/resources/blackbox/ean13-1/1.png
INFO: Starting src/test/resources/blackbox/ean13-1/10.png
INFO: Starting src/test/resources/blackbox/ean13-1/12.png
INFO: Starting src/test/resources/blackbox/ean13-1/13.png
INFO: Starting src/test/resources/blackbox/ean13-1/14.png
INFO: Starting src/test/resources/blackbox/ean13-1/15.png
INFO: Starting src/test/resources/blackbox/ean13-1/18.png
INFO: Starting src/test/resources/blackbox/ean13-1/19.png
INFO: Starting src/test/resources/blackbox/ean13-1/2.png
INFO: Starting src/test/resources/blackbox/ean13-1/20.png
INFO: Starting src/test/resources/blackbox/ean13-1/21.png
INFO: Starting src/test/resources/blackbox/ean13-1/22.png
INFO: Starting src/test/resources/blackbox/ean13-1/23.png
INFO: Starting src/test/resources/blackbox/ean13-1/24.png
INFO: Starting src/test/resources/blackbox/ean13-1/25.png
INFO: Starting src/test/resources/blackbox/ean13-1/26.png
INFO: Starting src/test/resources/blackbox/ean13-1/28.png
INFO: Starting src/test/resources/blackbox/ean13-1/29.png
INFO: Starting src/test/resources/blackbox/ean13-1/3.png
INFO: Starting src/test/resources/blackbox/ean13-1/30.png
INFO: Starting src/test/resources/blackbox/ean13-1/31.png
INFO: Starting src/test/resources/blackbox/ean13-1/32.png
INFO: Starting src/test/resources/blackbox/ean13-1/33.png
INFO: Starting src/test/resources/blackbox/ean13-1/34.png
INFO: Starting src/test/resources/blackbox/ean13-1/35.png
INFO: Starting src/test/resources/blackbox/ean13-1/36.png
INFO: Starting src/test/resources/blackbox/ean13-1/37.png
INFO: Starting src/test/resources/blackbox/ean13-1/38.png
INFO: Starting src/test/resources/blackbox/ean13-1/4.png
INFO: Starting src/test/resources/blackbox/ean13-1/5.png
INFO: Starting src/test/resources/blackbox/ean13-1/6.png
INFO: Starting src/test/resources/blackbox/ean13-1/7.png
INFO: Starting src/test/resources/blackbox/ean13-1/8.png
INFO: Starting src/test/resources/blackbox/ean13-1/9.png
INFO: Rotation 0 degrees:
INFO:  30 of 34 images passed (30 required)
INFO:  0 failed due to misreads, 4 not detected
INFO:  32 of 34 images passed with try harder (32 required)
INFO:  0 failed due to misreads, 2 not detected
INFO: Rotation 180 degrees:
INFO:  27 of 34 images passed (27 required)
INFO:  0 failed due to misreads, 7 not detected
INFO:  32 of 34 images passed with try harder (32 required)
INFO:  0 failed due to misreads, 2 not detected
INFO: Decoded 121 images out of 136 (88%, 121 required)
[[1;34mINFO[m] [1;32mTests run: [0;1;32m1[m, Failures: 0, Errors: 0, Skipped: 0, Time elapsed: 4.767 s - in com.google.zxing.oned.[1mEAN13BlackBox1TestCase[m
[[1;34mINFO[m] Running com.google.zxing.oned.[1mEANManufacturerOrgSupportTest[m
[[1;34mINFO[m] [1;32mTests run: [0;1;32m1[m, Failures: 0, Errors: 0, Skipped: 0, Time elapsed: 0 s - in com.google.zxing.oned.[1mEANManufacturerOrgSupportTest[m
[[1;34mINFO[m] Running com.google.zxing.oned.[1mCode39BlackBox3TestCase[m
INFO: Starting src/test/resources/blackbox/code39-3/01.png
INFO: Starting src/test/resources/blackbox/code39-3/02.png
INFO: Starting src/test/resources/blackbox/code39-3/03.png
INFO: Starting src/test/resources/blackbox/code39-3/04.png
INFO: Starting src/test/resources/blackbox/code39-3/05.png
INFO: Starting src/test/resources/blackbox/code39-3/06.png
INFO: Starting src/test/resources/blackbox/code39-3/07.png
INFO: Starting src/test/resources/blackbox/code39-3/08.png
INFO: Starting src/test/resources/blackbox/code39-3/09.png
INFO: Starting src/test/resources/blackbox/code39-3/10.png
INFO: Starting src/test/resources/blackbox/code39-3/11.png
INFO: Starting src/test/resources/blackbox/code39-3/12.png
INFO: Starting src/test/resources/blackbox/code39-3/13.png
INFO: Starting src/test/resources/blackbox/code39-3/14.png
INFO: Starting src/test/resources/blackbox/code39-3/15.png
INFO: Starting src/test/resources/blackbox/code39-3/16.png
INFO: Starting src/test/resources/blackbox/code39-3/17.png
INFO: Rotation 0 degrees:
INFO:  17 of 17 images passed (17 required)
INFO:  0 failed due to misreads, 0 not detected
INFO:  17 of 17 images passed with try harder (17 required)
INFO:  0 failed due to misreads, 0 not detected
INFO: Rotation 180 degrees:
INFO:  17 of 17 images passed (17 required)
INFO:  0 failed due to misreads, 0 not detected
INFO:  17 of 17 images passed with try harder (17 required)
INFO:  0 failed due to misreads, 0 not detected
INFO: Decoded 68 images out of 68 (100%, 68 required)
[[1;34mINFO[m] [1;32mTests run: [0;1;32m1[m, Failures: 0, Errors: 0, Skipped: 0, Time elapsed: 1.653 s - in com.google.zxing.oned.[1mCode39BlackBox3TestCase[m
[[1;34mINFO[m] Running com.google.zxing.oned.[1mEAN13BlackBox5BlurryTestCase[m
INFO: Starting src/test/resources/blackbox/ean13-5/01.png
INFO: Starting src/test/resources/blackbox/ean13-5/02.png
INFO: Starting src/test/resources/blackbox/ean13-5/03.png
INFO: Starting src/test/resources/blackbox/ean13-5/04.png
INFO: Starting src/test/resources/blackbox/ean13-5/05.png
INFO: Starting src/test/resources/blackbox/ean13-5/06.png
INFO: Starting src/test/resources/blackbox/ean13-5/07.png
INFO: Starting src/test/resources/blackbox/ean13-5/08.png
INFO: Starting src/test/resources/blackbox/ean13-5/09.png
INFO: Starting src/test/resources/blackbox/ean13-5/10.png
INFO: Starting src/test/resources/blackbox/ean13-5/11.png
INFO: Starting src/test/resources/blackbox/ean13-5/12.png
INFO: Starting src/test/resources/blackbox/ean13-5/13.png
INFO: Starting src/test/resources/blackbox/ean13-5/14.png
INFO: Starting src/test/resources/blackbox/ean13-5/15.png
INFO: Starting src/test/resources/blackbox/ean13-5/16.png
INFO: Starting src/test/resources/blackbox/ean13-5/17.png
INFO: Starting src/test/resources/blackbox/ean13-5/18.png
INFO: Rotation 0 degrees:
INFO:  0 of 18 images passed (0 required)
INFO:  0 failed due to misreads, 18 not detected
INFO:  0 of 18 images passed with try harder (0 required)
INFO:  0 failed due to misreads, 18 not detected
INFO: Rotation 180 degrees:
INFO:  0 of 18 images passed (0 required)
INFO:  0 failed due to misreads, 18 not detected
INFO:  0 of 18 images passed with try harder (0 required)
INFO:  0 failed due to misreads, 18 not detected
INFO: Decoded 0 images out of 72 (0%, 0 required)
[[1;34mINFO[m] [1;32mTests run: [0;1;32m1[m, Failures: 0, Errors: 0, Skipped: 0, Time elapsed: 2.711 s - in com.google.zxing.oned.[1mEAN13BlackBox5BlurryTestCase[m
[[1;34mINFO[m] Running com.google.zxing.oned.[1mUPCABlackBox4TestCase[m
INFO: Starting src/test/resources/blackbox/upca-4/1.png
INFO: Starting src/test/resources/blackbox/upca-4/10.png
INFO: Format mismatch: expected 'UPC_A' but got 'EAN_13' (try harder, rotation: 0)
INFO: Format mismatch: expected 'UPC_A' but got 'EAN_13' (try harder, rotation: 180)
INFO: Starting src/test/resources/blackbox/upca-4/11.png
INFO: Starting src/test/resources/blackbox/upca-4/12.png
INFO: Starting src/test/resources/blackbox/upca-4/13.png
INFO: Starting src/test/resources/blackbox/upca-4/14.png
INFO: Starting src/test/resources/blackbox/upca-4/15.png
INFO: Starting src/test/resources/blackbox/upca-4/16.png
INFO: Starting src/test/resources/blackbox/upca-4/17.png
INFO: Starting src/test/resources/blackbox/upca-4/18.png
INFO: Starting src/test/resources/blackbox/upca-4/19.png
INFO: Starting src/test/resources/blackbox/upca-4/2.png
INFO: Starting src/test/resources/blackbox/upca-4/3.png
INFO: Starting src/test/resources/blackbox/upca-4/4.png
INFO: Starting src/test/resources/blackbox/upca-4/5.png
INFO: Starting src/test/resources/blackbox/upca-4/6.png
INFO: Starting src/test/resources/blackbox/upca-4/7.png
INFO: Starting src/test/resources/blackbox/upca-4/8.png
INFO: Starting src/test/resources/blackbox/upca-4/9.png
INFO: Rotation 0 degrees:
INFO:  9 of 19 images passed (9 required)
INFO:  0 failed due to misreads, 10 not detected
INFO:  11 of 19 images passed with try harder (11 required)
INFO:  1 failed due to misreads, 7 not detected
INFO: Rotation 180 degrees:
INFO:  9 of 19 images passed (9 required)
INFO:  0 failed due to misreads, 10 not detected
INFO:  11 of 19 images passed with try harder (11 required)
INFO:  1 failed due to misreads, 7 not detected
INFO: Decoded 40 images out of 76 (52%, 40 required)
[[1;34mINFO[m] [1;32mTests run: [0;1;32m1[m, Failures: 0, Errors: 0, Skipped: 0, Time elapsed: 4.986 s - in com.google.zxing.oned.[1mUPCABlackBox4TestCase[m
[[1;34mINFO[m] Running com.google.zxing.common.[1mStringUtilsTestCase[m
[[1;34mINFO[m] [1;32mTests run: [0;1;32m3[m, Failures: 0, Errors: 0, Skipped: 0, Time elapsed: 0.02 s - in com.google.zxing.common.[1mStringUtilsTestCase[m
[[1;34mINFO[m] Running com.google.zxing.common.detector.[1mMathUtilsTestCase[m
[[1;34mINFO[m] [1;32mTests run: [0;1;32m3[m, Failures: 0, Errors: 0, Skipped: 0, Time elapsed: 0.001 s - in com.google.zxing.common.detector.[1mMathUtilsTestCase[m
[[1;34mINFO[m] Running com.google.zxing.common.[1mBitSourceTestCase[m
[[1;34mINFO[m] [1;32mTests run: [0;1;32m1[m, Failures: 0, Errors: 0, Skipped: 0, Time elapsed: 0 s - in com.google.zxing.common.[1mBitSourceTestCase[m
[[1;34mINFO[m] Running com.google.zxing.common.[1mBitMatrixTestCase[m
[[1;34mINFO[m] [1;32mTests run: [0;1;32m12[m, Failures: 0, Errors: 0, Skipped: 0, Time elapsed: 0.038 s - in com.google.zxing.common.[1mBitMatrixTestCase[m
[[1;34mINFO[m] Running com.google.zxing.common.[1mPerspectiveTransformTestCase[m
[[1;34mINFO[m] [1;32mTests run: [0;1;32m2[m, Failures: 0, Errors: 0, Skipped: 0, Time elapsed: 0.002 s - in com.google.zxing.common.[1mPerspectiveTransformTestCase[m
[[1;34mINFO[m] Running com.google.zxing.common.reedsolomon.[1mReedSolomonTestCase[m
[[1;34mINFO[m] [1;32mTests run: [0;1;32m3[m, Failures: 0, Errors: 0, Skipped: 0, Time elapsed: 5.321 s - in com.google.zxing.common.reedsolomon.[1mReedSolomonTestCase[m
[[1;34mINFO[m] Running com.google.zxing.common.[1mBitArrayTestCase[m
[[1;34mINFO[m] [1;32mTests run: [0;1;32m15[m, Failures: 0, Errors: 0, Skipped: 0, Time elapsed: 0.014 s - in com.google.zxing.common.[1mBitArrayTestCase[m
[[1;34mINFO[m] Running com.google.zxing.client.result.[1mURIParsedResultTestCase[m
[[1;34mINFO[m] [1;32mTests run: [0;1;32m7[m, Failures: 0, Errors: 0, Skipped: 0, Time elapsed: 0.005 s - in com.google.zxing.client.result.[1mURIParsedResultTestCase[m
[[1;34mINFO[m] Running com.google.zxing.client.result.[1mEmailAddressParsedResultTestCase[m
[[1;34mINFO[m] [1;32mTests run: [0;1;32m7[m, Failures: 0, Errors: 0, Skipped: 0, Time elapsed: 0.009 s - in com.google.zxing.client.result.[1mEmailAddressParsedResultTestCase[m
[[1;34mINFO[m] Running com.google.zxing.client.result.[1mISBNParsedResultTestCase[m
[[1;34mINFO[m] [1;32mTests run: [0;1;32m1[m, Failures: 0, Errors: 0, Skipped: 0, Time elapsed: 0 s - in com.google.zxing.client.result.[1mISBNParsedResultTestCase[m
[[1;34mINFO[m] Running com.google.zxing.client.result.[1mTelParsedResultTestCase[m
[[1;34mINFO[m] [1;32mTests run: [0;1;32m1[m, Failures: 0, Errors: 0, Skipped: 0, Time elapsed: 0 s - in com.google.zxing.client.result.[1mTelParsedResultTestCase[m
[[1;34mINFO[m] Running com.google.zxing.client.result.[1mParsedReaderResultTestCase[m
[[1;34mINFO[m] [1;32mTests run: [0;1;32m21[m, Failures: 0, Errors: 0, Skipped: 0, Time elapsed: 0.064 s - in com.google.zxing.client.result.[1mParsedReaderResultTestCase[m
[[1;34mINFO[m] Running com.google.zxing.client.result.[1mWifiParsedResultTestCase[m
[[1;34mINFO[m] [1;32mTests run: [0;1;32m4[m, Failures: 0, Errors: 0, Skipped: 0, Time elapsed: 0.002 s - in com.google.zxing.client.result.[1mWifiParsedResultTestCase[m
[[1;34mINFO[m] Running com.google.zxing.client.result.[1mSMSMMSParsedResultTestCase[m
[[1;34mINFO[m] [1;32mTests run: [0;1;32m2[m, Failures: 0, Errors: 0, Skipped: 0, Time elapsed: 0.001 s - in com.google.zxing.client.result.[1mSMSMMSParsedResultTestCase[m
[[1;34mINFO[m] Running com.google.zxing.client.result.[1mGeoParsedResultTestCase[m
[[1;34mINFO[m] [1;32mTests run: [0;1;32m1[m, Failures: 0, Errors: 0, Skipped: 0, Time elapsed: 0.002 s - in com.google.zxing.client.result.[1mGeoParsedResultTestCase[m
[[1;34mINFO[m] Running com.google.zxing.client.result.[1mVINParsedResultTestCase[m
[[1;34mINFO[m] [1;32mTests run: [0;1;32m2[m, Failures: 0, Errors: 0, Skipped: 0, Time elapsed: 0.004 s - in com.google.zxing.client.result.[1mVINParsedResultTestCase[m
[[1;34mINFO[m] Running com.google.zxing.client.result.[1mProductParsedResultTestCase[m
[[1;34mINFO[m] [1;32mTests run: [0;1;32m1[m, Failures: 0, Errors: 0, Skipped: 0, Time elapsed: 0 s - in com.google.zxing.client.result.[1mProductParsedResultTestCase[m
[[1;34mINFO[m] Running com.google.zxing.client.result.[1mExpandedProductParsedResultTestCase[m
[[1;34mINFO[m] [1;32mTests run: [0;1;32m1[m, Failures: 0, Errors: 0, Skipped: 0, Time elapsed: 0 s - in com.google.zxing.client.result.[1mExpandedProductParsedResultTestCase[m
[[1;34mINFO[m] Running com.google.zxing.client.result.[1mAddressBookParsedResultTestCase[m
[[1;34mINFO[m] [1;32mTests run: [0;1;32m14[m, Failures: 0, Errors: 0, Skipped: 0, Time elapsed: 0.021 s - in com.google.zxing.client.result.[1mAddressBookParsedResultTestCase[m
[[1;34mINFO[m] Running com.google.zxing.client.result.[1mCalendarParsedResultTestCase[m
[[1;34mINFO[m] [1;32mTests run: [0;1;32m13[m, Failures: 0, Errors: 0, Skipped: 0, Time elapsed: 0.024 s - in com.google.zxing.client.result.[1mCalendarParsedResultTestCase[m
[[1;34mINFO[m] Running com.google.zxing.qrcode.encoder.[1mMaskUtilTestCase[m
[[1;34mINFO[m] [1;32mTests run: [0;1;32m5[m, Failures: 0, Errors: 0, Skipped: 0, Time elapsed: 0.007 s - in com.google.zxing.qrcode.encoder.[1mMaskUtilTestCase[m
[[1;34mINFO[m] Running com.google.zxing.qrcode.encoder.[1mMatrixUtilTestCase[m
[[1;34mINFO[m] [1;32mTests run: [0;1;32m12[m, Failures: 0, Errors: 0, Skipped: 0, Time elapsed: 0.012 s - in com.google.zxing.qrcode.encoder.[1mMatrixUtilTestCase[m
[[1;34mINFO[m] Running com.google.zxing.qrcode.encoder.[1mEncoderTestCase[m
[[1;34mINFO[m] [1;32mTests run: [0;1;32m20[m, Failures: 0, Errors: 0, Skipped: 0, Time elapsed: 0.169 s - in com.google.zxing.qrcode.encoder.[1mEncoderTestCase[m
[[1;34mINFO[m] Running com.google.zxing.qrcode.encoder.[1mQRCodeTestCase[m
[[1;34mINFO[m] [1;32mTests run: [0;1;32m4[m, Failures: 0, Errors: 0, Skipped: 0, Time elapsed: 0.005 s - in com.google.zxing.qrcode.encoder.[1mQRCodeTestCase[m
[[1;34mINFO[m] Running com.google.zxing.qrcode.encoder.[1mBitVectorTestCase[m
[[1;34mINFO[m] [1;32mTests run: [0;1;32m8[m, Failures: 0, Errors: 0, Skipped: 0, Time elapsed: 0.005 s - in com.google.zxing.qrcode.encoder.[1mBitVectorTestCase[m
[[1;34mINFO[m] Running com.google.zxing.qrcode.[1mQRCodeBlackBox3TestCase[m
INFO: Starting src/test/resources/blackbox/qrcode-3/01.png
INFO: Starting src/test/resources/blackbox/qrcode-3/02.png
INFO: Starting src/test/resources/blackbox/qrcode-3/03.png
INFO: Starting src/test/resources/blackbox/qrcode-3/04.png
INFO: Starting src/test/resources/blackbox/qrcode-3/05.png
INFO: Starting src/test/resources/blackbox/qrcode-3/06.png
INFO: Starting src/test/resources/blackbox/qrcode-3/07.png
INFO: Starting src/test/resources/blackbox/qrcode-3/08.png
INFO: Starting src/test/resources/blackbox/qrcode-3/09.png
INFO: Starting src/test/resources/blackbox/qrcode-3/10.png
INFO: Starting src/test/resources/blackbox/qrcode-3/11.png
INFO: Starting src/test/resources/blackbox/qrcode-3/12.png
INFO: Starting src/test/resources/blackbox/qrcode-3/13.png
INFO: Starting src/test/resources/blackbox/qrcode-3/14.png
INFO: Starting src/test/resources/blackbox/qrcode-3/15.png
INFO: Starting src/test/resources/blackbox/qrcode-3/16.png
INFO: Starting src/test/resources/blackbox/qrcode-3/17.png
INFO: Starting src/test/resources/blackbox/qrcode-3/18.png
INFO: String contents of file src/test/resources/blackbox/qrcode-3/18.txt end with a newline. This may not be intended and cause a test failure
INFO: Starting src/test/resources/blackbox/qrcode-3/19.png
INFO: String contents of file src/test/resources/blackbox/qrcode-3/19.txt end with a newline. This may not be intended and cause a test failure
INFO: Starting src/test/resources/blackbox/qrcode-3/20.png
INFO: String contents of file src/test/resources/blackbox/qrcode-3/20.txt end with a newline. This may not be intended and cause a test failure
INFO: Starting src/test/resources/blackbox/qrcode-3/21.png
INFO: String contents of file src/test/resources/blackbox/qrcode-3/21.txt end with a newline. This may not be intended and cause a test failure
INFO: Starting src/test/resources/blackbox/qrcode-3/22.png
INFO: String contents of file src/test/resources/blackbox/qrcode-3/22.txt end with a newline. This may not be intended and cause a test failure
INFO: Starting src/test/resources/blackbox/qrcode-3/23.png
INFO: String contents of file src/test/resources/blackbox/qrcode-3/23.txt end with a newline. This may not be intended and cause a test failure
INFO: Starting src/test/resources/blackbox/qrcode-3/24.png
INFO: String contents of file src/test/resources/blackbox/qrcode-3/24.txt end with a newline. This may not be intended and cause a test failure
INFO: Starting src/test/resources/blackbox/qrcode-3/25.png
INFO: String contents of file src/test/resources/blackbox/qrcode-3/25.txt end with a newline. This may not be intended and cause a test failure
INFO: Starting src/test/resources/blackbox/qrcode-3/26.png
INFO: Starting src/test/resources/blackbox/qrcode-3/27.png
INFO: Starting src/test/resources/blackbox/qrcode-3/28.png
INFO: Starting src/test/resources/blackbox/qrcode-3/29.png
INFO: Starting src/test/resources/blackbox/qrcode-3/30.png
INFO: Starting src/test/resources/blackbox/qrcode-3/31.png
INFO: Starting src/test/resources/blackbox/qrcode-3/32.png
INFO: Starting src/test/resources/blackbox/qrcode-3/33.png
INFO: Starting src/test/resources/blackbox/qrcode-3/34.png
INFO: Starting src/test/resources/blackbox/qrcode-3/35.png
INFO: Starting src/test/resources/blackbox/qrcode-3/36.png
INFO: Starting src/test/resources/blackbox/qrcode-3/37.png
INFO: Starting src/test/resources/blackbox/qrcode-3/38.png
INFO: Starting src/test/resources/blackbox/qrcode-3/39.png
INFO: Starting src/test/resources/blackbox/qrcode-3/40.png
INFO: Starting src/test/resources/blackbox/qrcode-3/41.png
INFO: Starting src/test/resources/blackbox/qrcode-3/42.png
INFO: Rotation 0 degrees:
INFO:  38 of 42 images passed (38 required)
INFO:  0 failed due to misreads, 4 not detected
INFO:  38 of 42 images passed with try harder (38 required)
INFO:  0 failed due to misreads, 4 not detected
INFO: Rotation 90 degrees:
INFO:  38 of 42 images passed (38 required)
INFO:  0 failed due to misreads, 4 not detected
INFO:  38 of 42 images passed with try harder (38 required)
INFO:  0 failed due to misreads, 4 not detected
INFO: Rotation 180 degrees:
INFO:  36 of 42 images passed (36 required)
INFO:  0 failed due to misreads, 6 not detected
INFO:  36 of 42 images passed with try harder (36 required)
INFO:  0 failed due to misreads, 6 not detected
INFO: Rotation 270 degrees:
INFO:  39 of 42 images passed (39 required)
INFO:  0 failed due to misreads, 3 not detected
INFO:  39 of 42 images passed with try harder (39 required)
INFO:  0 failed due to misreads, 3 not detected
INFO: Decoded 302 images out of 336 (89%, 302 required)
[[1;34mINFO[m] [1;32mTests run: [0;1;32m1[m, Failures: 0, Errors: 0, Skipped: 0, Time elapsed: 9.561 s - in com.google.zxing.qrcode.[1mQRCodeBlackBox3TestCase[m
[[1;34mINFO[m] Running com.google.zxing.qrcode.[1mQRCodeBlackBox6TestCase[m
INFO: Starting src/test/resources/blackbox/qrcode-6/1.png
INFO: Starting src/test/resources/blackbox/qrcode-6/10.png
INFO: Starting src/test/resources/blackbox/qrcode-6/11.png
INFO: Starting src/test/resources/blackbox/qrcode-6/12.png
INFO: Starting src/test/resources/blackbox/qrcode-6/13.png
INFO: Starting src/test/resources/blackbox/qrcode-6/14.png
INFO: Starting src/test/resources/blackbox/qrcode-6/15.png
INFO: Starting src/test/resources/blackbox/qrcode-6/2.png
INFO: Starting src/test/resources/blackbox/qrcode-6/3.png
INFO: Starting src/test/resources/blackbox/qrcode-6/4.png
INFO: Starting src/test/resources/blackbox/qrcode-6/5.png
INFO: Starting src/test/resources/blackbox/qrcode-6/6.png
INFO: Starting src/test/resources/blackbox/qrcode-6/7.png
INFO: Starting src/test/resources/blackbox/qrcode-6/8.png
INFO: Starting src/test/resources/blackbox/qrcode-6/9.png
INFO: Rotation 0 degrees:
INFO:  15 of 15 images passed (15 required)
INFO:  0 failed due to misreads, 0 not detected
INFO:  15 of 15 images passed with try harder (15 required)
INFO:  0 failed due to misreads, 0 not detected
INFO: Rotation 90 degrees:
INFO:  14 of 15 images passed (14 required)
INFO:  0 failed due to misreads, 1 not detected
INFO:  14 of 15 images passed with try harder (14 required)
INFO:  0 failed due to misreads, 1 not detected
INFO: Rotation 180 degrees:
INFO:  12 of 15 images passed (12 required)
INFO:  0 failed due to misreads, 3 not detected
INFO:  13 of 15 images passed with try harder (13 required)
INFO:  0 failed due to misreads, 2 not detected
INFO: Rotation 270 degrees:
INFO:  14 of 15 images passed (14 required)
INFO:  0 failed due to misreads, 1 not detected
INFO:  14 of 15 images passed with try harder (14 required)
INFO:  0 failed due to misreads, 1 not detected
INFO: Decoded 111 images out of 120 (92%, 111 required)
[[1;34mINFO[m] [1;32mTests run: [0;1;32m1[m, Failures: 0, Errors: 0, Skipped: 0, Time elapsed: 7.973 s - in com.google.zxing.qrcode.[1mQRCodeBlackBox6TestCase[m
[[1;34mINFO[m] Running com.google.zxing.qrcode.decoder.[1mErrorCorrectionLevelTestCase[m
[[1;34mINFO[m] [1;32mTests run: [0;1;32m1[m, Failures: 0, Errors: 0, Skipped: 0, Time elapsed: 0.001 s - in com.google.zxing.qrcode.decoder.[1mErrorCorrectionLevelTestCase[m
[[1;34mINFO[m] Running com.google.zxing.qrcode.decoder.[1mModeTestCase[m
[[1;34mINFO[m] [1;32mTests run: [0;1;32m2[m, Failures: 0, Errors: 0, Skipped: 0, Time elapsed: 0.001 s - in com.google.zxing.qrcode.decoder.[1mModeTestCase[m
[[1;34mINFO[m] Running com.google.zxing.qrcode.decoder.[1mDecodedBitStreamParserTestCase[m
[[1;34mINFO[m] [1;32mTests run: [0;1;32m4[m, Failures: 0, Errors: 0, Skipped: 0, Time elapsed: 0.005 s - in com.google.zxing.qrcode.decoder.[1mDecodedBitStreamParserTestCase[m
[[1;34mINFO[m] Running com.google.zxing.qrcode.decoder.[1mDataMaskTestCase[m
[[1;34mINFO[m] [1;32mTests run: [0;1;32m8[m, Failures: 0, Errors: 0, Skipped: 0, Time elapsed: 0.467 s - in com.google.zxing.qrcode.decoder.[1mDataMaskTestCase[m
[[1;34mINFO[m] Running com.google.zxing.qrcode.decoder.[1mVersionTestCase[m
[[1;34mINFO[m] [1;32mTests run: [0;1;32m3[m, Failures: 0, Errors: 0, Skipped: 0, Time elapsed: 0.002 s - in com.google.zxing.qrcode.decoder.[1mVersionTestCase[m
[[1;34mINFO[m] Running com.google.zxing.qrcode.decoder.[1mFormatInformationTestCase[m
[[1;34mINFO[m] [1;32mTests run: [0;1;32m4[m, Failures: 0, Errors: 0, Skipped: 0, Time elapsed: 0.003 s - in com.google.zxing.qrcode.decoder.[1mFormatInformationTestCase[m
[[1;34mINFO[m] Running com.google.zxing.qrcode.[1mQRCodeWriterTestCase[m
[[1;34mINFO[m] [1;32mTests run: [0;1;32m2[m, Failures: 0, Errors: 0, Skipped: 0, Time elapsed: 0.015 s - in com.google.zxing.qrcode.[1mQRCodeWriterTestCase[m
[[1;34mINFO[m] Running com.google.zxing.qrcode.[1mQRCodeBlackBox2TestCase[m
INFO: Starting src/test/resources/blackbox/qrcode-2/1.png
INFO: Starting src/test/resources/blackbox/qrcode-2/10.png
INFO: Starting src/test/resources/blackbox/qrcode-2/11.png
INFO: Starting src/test/resources/blackbox/qrcode-2/12.png
INFO: Starting src/test/resources/blackbox/qrcode-2/13.png
INFO: Starting src/test/resources/blackbox/qrcode-2/14.png
INFO: Starting src/test/resources/blackbox/qrcode-2/15.png
INFO: Starting src/test/resources/blackbox/qrcode-2/16.png
INFO: Starting src/test/resources/blackbox/qrcode-2/17.png
INFO: Starting src/test/resources/blackbox/qrcode-2/18.png
INFO: Starting src/test/resources/blackbox/qrcode-2/19.png
INFO: Starting src/test/resources/blackbox/qrcode-2/2.png
INFO: Starting src/test/resources/blackbox/qrcode-2/20.png
INFO: Starting src/test/resources/blackbox/qrcode-2/21.png
INFO: Starting src/test/resources/blackbox/qrcode-2/22.png
INFO: Starting src/test/resources/blackbox/qrcode-2/23.png
INFO: Starting src/test/resources/blackbox/qrcode-2/24.png
INFO: Starting src/test/resources/blackbox/qrcode-2/25.png
INFO: Starting src/test/resources/blackbox/qrcode-2/26.png
INFO: Starting src/test/resources/blackbox/qrcode-2/27.png
INFO: Starting src/test/resources/blackbox/qrcode-2/28.png
INFO: Starting src/test/resources/blackbox/qrcode-2/29.png
INFO: Starting src/test/resources/blackbox/qrcode-2/30.png
INFO: Starting src/test/resources/blackbox/qrcode-2/31.png
INFO: Starting src/test/resources/blackbox/qrcode-2/32.png
INFO: Starting src/test/resources/blackbox/qrcode-2/33.png
INFO: Starting src/test/resources/blackbox/qrcode-2/34.png
INFO: Starting src/test/resources/blackbox/qrcode-2/35.png
INFO: Starting src/test/resources/blackbox/qrcode-2/4.png
INFO: Starting src/test/resources/blackbox/qrcode-2/5.png
INFO: Starting src/test/resources/blackbox/qrcode-2/6.png
INFO: Starting src/test/resources/blackbox/qrcode-2/7.png
INFO: Starting src/test/resources/blackbox/qrcode-2/8.png
INFO: Starting src/test/resources/blackbox/qrcode-2/9.png
INFO: Rotation 0 degrees:
INFO:  31 of 34 images passed (31 required)
INFO:  0 failed due to misreads, 3 not detected
INFO:  31 of 34 images passed with try harder (31 required)
INFO:  0 failed due to misreads, 3 not detected
INFO: Rotation 90 degrees:
INFO:  29 of 34 images passed (29 required)
INFO:  0 failed due to misreads, 5 not detected
INFO:  29 of 34 images passed with try harder (29 required)
INFO:  0 failed due to misreads, 5 not detected
INFO: Rotation 180 degrees:
INFO:  30 of 34 images passed (30 required)
INFO:  0 failed due to misreads, 4 not detected
INFO:  30 of 34 images passed with try harder (30 required)
INFO:  0 failed due to misreads, 4 not detected
INFO: Rotation 270 degrees:
INFO:  29 of 34 images passed (29 required)
INFO:  0 failed due to misreads, 5 not detected
INFO:  29 of 34 images passed with try harder (29 required)
INFO:  0 failed due to misreads, 5 not detected
INFO: Decoded 238 images out of 272 (87%, 238 required)
[[1;34mINFO[m] [1;32mTests run: [0;1;32m1[m, Failures: 0, Errors: 0, Skipped: 0, Time elapsed: 10.971 s - in com.google.zxing.qrcode.[1mQRCodeBlackBox2TestCase[m
[[1;34mINFO[m] Running com.google.zxing.qrcode.[1mQRCodeBlackBox4TestCase[m
INFO: Starting src/test/resources/blackbox/qrcode-4/01.png
INFO: Starting src/test/resources/blackbox/qrcode-4/02.png
INFO: Starting src/test/resources/blackbox/qrcode-4/03.png
INFO: Starting src/test/resources/blackbox/qrcode-4/04.png
INFO: Starting src/test/resources/blackbox/qrcode-4/05.png
INFO: Starting src/test/resources/blackbox/qrcode-4/06.png
INFO: Starting src/test/resources/blackbox/qrcode-4/07.png
INFO: Starting src/test/resources/blackbox/qrcode-4/08.png
INFO: Starting src/test/resources/blackbox/qrcode-4/09.png
INFO: Starting src/test/resources/blackbox/qrcode-4/10.png
INFO: Starting src/test/resources/blackbox/qrcode-4/11.png
INFO: Starting src/test/resources/blackbox/qrcode-4/12.png
INFO: Starting src/test/resources/blackbox/qrcode-4/13.png
INFO: Starting src/test/resources/blackbox/qrcode-4/14.png
INFO: Starting src/test/resources/blackbox/qrcode-4/15.png
INFO: Starting src/test/resources/blackbox/qrcode-4/16.png
INFO: Starting src/test/resources/blackbox/qrcode-4/17.png
INFO: Starting src/test/resources/blackbox/qrcode-4/18.png
INFO: Starting src/test/resources/blackbox/qrcode-4/19.png
INFO: Starting src/test/resources/blackbox/qrcode-4/20.png
INFO: Starting src/test/resources/blackbox/qrcode-4/21.png
INFO: Starting src/test/resources/blackbox/qrcode-4/22.png
INFO: Starting src/test/resources/blackbox/qrcode-4/23.png
INFO: Starting src/test/resources/blackbox/qrcode-4/24.png
INFO: Starting src/test/resources/blackbox/qrcode-4/25.png
INFO: Starting src/test/resources/blackbox/qrcode-4/26.png
INFO: Starting src/test/resources/blackbox/qrcode-4/27.png
INFO: Starting src/test/resources/blackbox/qrcode-4/28.png
INFO: Starting src/test/resources/blackbox/qrcode-4/29.png
INFO: Starting src/test/resources/blackbox/qrcode-4/30.png
INFO: Starting src/test/resources/blackbox/qrcode-4/31.png
INFO: Starting src/test/resources/blackbox/qrcode-4/32.png
INFO: Starting src/test/resources/blackbox/qrcode-4/33.png
INFO: Starting src/test/resources/blackbox/qrcode-4/34.png
INFO: Starting src/test/resources/blackbox/qrcode-4/35.png
INFO: Starting src/test/resources/blackbox/qrcode-4/36.png
INFO: Starting src/test/resources/blackbox/qrcode-4/37.png
INFO: Starting src/test/resources/blackbox/qrcode-4/38.png
INFO: Starting src/test/resources/blackbox/qrcode-4/39.png
INFO: Starting src/test/resources/blackbox/qrcode-4/40.png
INFO: Starting src/test/resources/blackbox/qrcode-4/41.png
INFO: Starting src/test/resources/blackbox/qrcode-4/42.png
INFO: Starting src/test/resources/blackbox/qrcode-4/43.png
INFO: Starting src/test/resources/blackbox/qrcode-4/44.png
INFO: Starting src/test/resources/blackbox/qrcode-4/45.png
INFO: Starting src/test/resources/blackbox/qrcode-4/46.png
INFO: Starting src/test/resources/blackbox/qrcode-4/47.png
INFO: Starting src/test/resources/blackbox/qrcode-4/48.png
INFO: Rotation 0 degrees:
INFO:  36 of 48 images passed (36 required)
INFO:  0 failed due to misreads, 12 not detected
INFO:  36 of 48 images passed with try harder (36 required)
INFO:  0 failed due to misreads, 12 not detected
INFO: Rotation 90 degrees:
INFO:  35 of 48 images passed (35 required)
INFO:  0 failed due to misreads, 13 not detected
INFO:  35 of 48 images passed with try harder (35 required)
INFO:  0 failed due to misreads, 13 not detected
INFO: Rotation 180 degrees:
INFO:  35 of 48 images passed (35 required)
INFO:  0 failed due to misreads, 13 not detected
INFO:  35 of 48 images passed with try harder (35 required)
INFO:  0 failed due to misreads, 13 not detected
INFO: Rotation 270 degrees:
INFO:  35 of 48 images passed (35 required)
INFO:  0 failed due to misreads, 13 not detected
INFO:  35 of 48 images passed with try harder (35 required)
INFO:  0 failed due to misreads, 13 not detected
INFO: Decoded 282 images out of 384 (73%, 282 required)
[[1;34mINFO[m] [1;32mTests run: [0;1;32m1[m, Failures: 0, Errors: 0, Skipped: 0, Time elapsed: 11.483 s - in com.google.zxing.qrcode.[1mQRCodeBlackBox4TestCase[m
[[1;34mINFO[m] Running com.google.zxing.qrcode.[1mQRCodeBlackBox5TestCase[m
INFO: Starting src/test/resources/blackbox/qrcode-5/01.png
INFO: Starting src/test/resources/blackbox/qrcode-5/02.png
INFO: Starting src/test/resources/blackbox/qrcode-5/03.png
INFO: Starting src/test/resources/blackbox/qrcode-5/04.png
INFO: Starting src/test/resources/blackbox/qrcode-5/05.png
INFO: Starting src/test/resources/blackbox/qrcode-5/06.png
INFO: Starting src/test/resources/blackbox/qrcode-5/07.png
INFO: Starting src/test/resources/blackbox/qrcode-5/08.png
INFO: Starting src/test/resources/blackbox/qrcode-5/09.png
INFO: Starting src/test/resources/blackbox/qrcode-5/10.png
INFO: Starting src/test/resources/blackbox/qrcode-5/11.png
INFO: Starting src/test/resources/blackbox/qrcode-5/12.png
INFO: Starting src/test/resources/blackbox/qrcode-5/13.png
INFO: Starting src/test/resources/blackbox/qrcode-5/14.png
INFO: Starting src/test/resources/blackbox/qrcode-5/15.png
INFO: Starting src/test/resources/blackbox/qrcode-5/16.png
INFO: String contents of file src/test/resources/blackbox/qrcode-5/16.txt end with a newline. This may not be intended and cause a test failure
INFO: Starting src/test/resources/blackbox/qrcode-5/17.png
INFO: String contents of file src/test/resources/blackbox/qrcode-5/17.txt end with a newline. This may not be intended and cause a test failure
INFO: Starting src/test/resources/blackbox/qrcode-5/18.png
INFO: String contents of file src/test/resources/blackbox/qrcode-5/18.txt end with a newline. This may not be intended and cause a test failure
INFO: Starting src/test/resources/blackbox/qrcode-5/19.png
INFO: String contents of file src/test/resources/blackbox/qrcode-5/19.txt end with a newline. This may not be intended and cause a test failure
INFO: Rotation 0 degrees:
INFO:  19 of 19 images passed (19 required)
INFO:  0 failed due to misreads, 0 not detected
INFO:  19 of 19 images passed with try harder (19 required)
INFO:  0 failed due to misreads, 0 not detected
INFO: Rotation 90 degrees:
INFO:  19 of 19 images passed (19 required)
INFO:  0 failed due to misreads, 0 not detected
INFO:  19 of 19 images passed with try harder (19 required)
INFO:  0 failed due to misreads, 0 not detected
INFO: Rotation 180 degrees:
INFO:  19 of 19 images passed (19 required)
INFO:  0 failed due to misreads, 0 not detected
INFO:  19 of 19 images passed with try harder (19 required)
INFO:  0 failed due to misreads, 0 not detected
INFO: Rotation 270 degrees:
INFO:  18 of 19 images passed (18 required)
INFO:  0 failed due to misreads, 1 not detected
INFO:  18 of 19 images passed with try harder (18 required)
INFO:  0 failed due to misreads, 1 not detected
INFO: Decoded 150 images out of 152 (98%, 150 required)
[[1;34mINFO[m] [1;32mTests run: [0;1;32m1[m, Failures: 0, Errors: 0, Skipped: 0, Time elapsed: 4.051 s - in com.google.zxing.qrcode.[1mQRCodeBlackBox5TestCase[m
[[1;34mINFO[m] Running com.google.zxing.qrcode.[1mQRCodeBlackBox1TestCase[m
INFO: Starting src/test/resources/blackbox/qrcode-1/1.png
INFO: Starting src/test/resources/blackbox/qrcode-1/10.png
INFO: Starting src/test/resources/blackbox/qrcode-1/11.png
INFO: Starting src/test/resources/blackbox/qrcode-1/12.png
INFO: Starting src/test/resources/blackbox/qrcode-1/13.png
INFO: Starting src/test/resources/blackbox/qrcode-1/14.png
INFO: Starting src/test/resources/blackbox/qrcode-1/15.png
INFO: Starting src/test/resources/blackbox/qrcode-1/16.png
INFO: Starting src/test/resources/blackbox/qrcode-1/17.png
INFO: Starting src/test/resources/blackbox/qrcode-1/18.png
INFO: Starting src/test/resources/blackbox/qrcode-1/19.png
INFO: Starting src/test/resources/blackbox/qrcode-1/2.png
INFO: Starting src/test/resources/blackbox/qrcode-1/20.png
INFO: Starting src/test/resources/blackbox/qrcode-1/3.png
INFO: Starting src/test/resources/blackbox/qrcode-1/4.png
INFO: Starting src/test/resources/blackbox/qrcode-1/5.png
INFO: Starting src/test/resources/blackbox/qrcode-1/6.png
INFO: Starting src/test/resources/blackbox/qrcode-1/7.png
INFO: Starting src/test/resources/blackbox/qrcode-1/8.png
INFO: Starting src/test/resources/blackbox/qrcode-1/9.png
INFO: Rotation 0 degrees:
INFO:  17 of 20 images passed (17 required)
INFO:  0 failed due to misreads, 3 not detected
INFO:  17 of 20 images passed with try harder (17 required)
INFO:  0 failed due to misreads, 3 not detected
INFO: Rotation 90 degrees:
INFO:  14 of 20 images passed (14 required)
INFO:  0 failed due to misreads, 6 not detected
INFO:  14 of 20 images passed with try harder (14 required)
INFO:  0 failed due to misreads, 6 not detected
INFO: Rotation 180 degrees:
INFO:  17 of 20 images passed (17 required)
INFO:  0 failed due to misreads, 3 not detected
INFO:  17 of 20 images passed with try harder (17 required)
INFO:  0 failed due to misreads, 3 not detected
INFO: Rotation 270 degrees:
INFO:  14 of 20 images passed (14 required)
INFO:  0 failed due to misreads, 6 not detected
INFO:  14 of 20 images passed with try harder (14 required)
INFO:  0 failed due to misreads, 6 not detected
INFO: Decoded 124 images out of 160 (77%, 124 required)
[[1;34mINFO[m] [1;32mTests run: [0;1;32m1[m, Failures: 0, Errors: 0, Skipped: 0, Time elapsed: 13.617 s - in com.google.zxing.qrcode.[1mQRCodeBlackBox1TestCase[m
[[1;34mINFO[m] Running com.google.zxing.multi.qrcode.[1mMultiQRCodeTestCase[m
[[1;34mINFO[m] [1;32mTests run: [0;1;32m1[m, Failures: 0, Errors: 0, Skipped: 0, Time elapsed: 0.066 s - in com.google.zxing.multi.qrcode.[1mMultiQRCodeTestCase[m
[[1;34mINFO[m] Running com.google.zxing.multi.[1mMultiTestCase[m
[[1;34mINFO[m] [1;32mTests run: [0;1;32m1[m, Failures: 0, Errors: 0, Skipped: 0, Time elapsed: 0.034 s - in com.google.zxing.multi.[1mMultiTestCase[m
[[1;34mINFO[m] Running com.google.zxing.pdf417.encoder.[1mPDF417EncoderTestCase[m
[[1;34mINFO[m] [1;32mTests run: [0;1;32m6[m, Failures: 0, Errors: 0, Skipped: 0, Time elapsed: 0.012 s - in com.google.zxing.pdf417.encoder.[1mPDF417EncoderTestCase[m
[[1;34mINFO[m] Running com.google.zxing.pdf417.[1mPDF417BlackBox3TestCase[m
INFO: Starting src/test/resources/blackbox/pdf417-3/01.png
INFO: Starting src/test/resources/blackbox/pdf417-3/02.png
INFO: Starting src/test/resources/blackbox/pdf417-3/03.png
INFO: Starting src/test/resources/blackbox/pdf417-3/04.png
INFO: Starting src/test/resources/blackbox/pdf417-3/05.png
INFO: Starting src/test/resources/blackbox/pdf417-3/06.png
INFO: Starting src/test/resources/blackbox/pdf417-3/07.png
INFO: Starting src/test/resources/blackbox/pdf417-3/08.png
INFO: Starting src/test/resources/blackbox/pdf417-3/09.png
INFO: Starting src/test/resources/blackbox/pdf417-3/10.png
INFO: Starting src/test/resources/blackbox/pdf417-3/11.png
INFO: Starting src/test/resources/blackbox/pdf417-3/12.png
INFO: Starting src/test/resources/blackbox/pdf417-3/13.png
INFO: Starting src/test/resources/blackbox/pdf417-3/14.png
INFO: Starting src/test/resources/blackbox/pdf417-3/15.png
INFO: Starting src/test/resources/blackbox/pdf417-3/16.png
INFO: Starting src/test/resources/blackbox/pdf417-3/17.png
INFO: Starting src/test/resources/blackbox/pdf417-3/18.png
INFO: Rotation 0 degrees:
INFO:  18 of 18 images passed (18 required)
INFO:  0 failed due to misreads, 0 not detected
INFO:  18 of 18 images passed with try harder (18 required)
INFO:  0 failed due to misreads, 0 not detected
INFO: Rotation 180 degrees:
INFO:  18 of 18 images passed (18 required)
INFO:  0 failed due to misreads, 0 not detected
INFO:  18 of 18 images passed with try harder (18 required)
INFO:  0 failed due to misreads, 0 not detected
INFO: Decoded 72 images out of 72 (100%, 72 required)
[[1;34mINFO[m] [1;32mTests run: [0;1;32m1[m, Failures: 0, Errors: 0, Skipped: 0, Time elapsed: 2.065 s - in com.google.zxing.pdf417.[1mPDF417BlackBox3TestCase[m
[[1;34mINFO[m] Running com.google.zxing.pdf417.[1mPDF417BlackBox4TestCase[m
INFO: Rotation 0 degrees:
INFO:  2 of 2 images passed (2 required)
INFO:  2 of 2 images passed with try harder (2 required)
INFO: Decoded 4 images out of 4 (100%, 4 required)
[[1;34mINFO[m] [1;32mTests run: [0;1;32m1[m, Failures: 0, Errors: 0, Skipped: 0, Time elapsed: 0.538 s - in com.google.zxing.pdf417.[1mPDF417BlackBox4TestCase[m
[[1;34mINFO[m] Running com.google.zxing.pdf417.[1mPDF417WriterTestCase[m
[[1;34mINFO[m] [1;32mTests run: [0;1;32m1[m, Failures: 0, Errors: 0, Skipped: 0, Time elapsed: 0.016 s - in com.google.zxing.pdf417.[1mPDF417WriterTestCase[m
[[1;34mINFO[m] Running com.google.zxing.pdf417.decoder.ec.[1mErrorCorrectionTestCase[m
[[1;33mWARNING[m] [1;33mTests [0;1mrun: [0;1m6[m, Failures: 0, Errors: 0, [1;33mSkipped: [0;1;33m2[m, Time elapsed: 0.131 s - in com.google.zxing.pdf417.decoder.ec.[1mErrorCorrectionTestCase[m
[[1;34mINFO[m] Running com.google.zxing.pdf417.[1mPDF417BlackBox2TestCase[m
INFO: Starting src/test/resources/blackbox/pdf417-2/01.png
INFO: Starting src/test/resources/blackbox/pdf417-2/02.png
INFO: Starting src/test/resources/blackbox/pdf417-2/03.png
INFO: Starting src/test/resources/blackbox/pdf417-2/04.png
INFO: Starting src/test/resources/blackbox/pdf417-2/05.png
INFO: Starting src/test/resources/blackbox/pdf417-2/06.png
INFO: Starting src/test/resources/blackbox/pdf417-2/07.png
INFO: Starting src/test/resources/blackbox/pdf417-2/08.png
INFO: Starting src/test/resources/blackbox/pdf417-2/09.png
INFO: Starting src/test/resources/blackbox/pdf417-2/10.png
INFO: Starting src/test/resources/blackbox/pdf417-2/11.png
INFO: Starting src/test/resources/blackbox/pdf417-2/12.png
INFO: Starting src/test/resources/blackbox/pdf417-2/13.png
INFO: Starting src/test/resources/blackbox/pdf417-2/14.png
INFO: Starting src/test/resources/blackbox/pdf417-2/15.png
INFO: Starting src/test/resources/blackbox/pdf417-2/16.png
INFO: Starting src/test/resources/blackbox/pdf417-2/17.png
INFO: Starting src/test/resources/blackbox/pdf417-2/18.png
INFO: Starting src/test/resources/blackbox/pdf417-2/19.png
INFO: Starting src/test/resources/blackbox/pdf417-2/20.png
INFO: Starting src/test/resources/blackbox/pdf417-2/21.png
INFO: Starting src/test/resources/blackbox/pdf417-2/22.png
INFO: Starting src/test/resources/blackbox/pdf417-2/23.png
INFO: Starting src/test/resources/blackbox/pdf417-2/24.png
INFO: Starting src/test/resources/blackbox/pdf417-2/25.png
INFO: Rotation 0 degrees:
INFO:  25 of 25 images passed (25 required)
INFO:  0 failed due to misreads, 0 not detected
INFO:  25 of 25 images passed with try harder (25 required)
INFO:  0 failed due to misreads, 0 not detected
INFO: Rotation 180 degrees:
INFO:  25 of 25 images passed (25 required)
INFO:  0 failed due to misreads, 0 not detected
INFO:  25 of 25 images passed with try harder (25 required)
INFO:  0 failed due to misreads, 0 not detected
INFO: Decoded 100 images out of 100 (100%, 100 required)
[[1;34mINFO[m] [1;32mTests run: [0;1;32m1[m, Failures: 0, Errors: 0, Skipped: 0, Time elapsed: 1.463 s - in com.google.zxing.pdf417.[1mPDF417BlackBox2TestCase[m
[[1;34mINFO[m] Running com.google.zxing.pdf417.[1mPDF417BlackBox1TestCase[m
INFO: Starting src/test/resources/blackbox/pdf417-1/01.png
INFO: Starting src/test/resources/blackbox/pdf417-1/02.png
INFO: Starting src/test/resources/blackbox/pdf417-1/03.png
INFO: Starting src/test/resources/blackbox/pdf417-1/04.png
INFO: Starting src/test/resources/blackbox/pdf417-1/05.png
INFO: Starting src/test/resources/blackbox/pdf417-1/06.png
INFO: Starting src/test/resources/blackbox/pdf417-1/07.png
INFO: Starting src/test/resources/blackbox/pdf417-1/09.png
INFO: Starting src/test/resources/blackbox/pdf417-1/10.png
INFO: Starting src/test/resources/blackbox/pdf417-1/11.png
INFO: Rotation 0 degrees:
INFO:  10 of 10 images passed (10 required)
INFO:  0 failed due to misreads, 0 not detected
INFO:  10 of 10 images passed with try harder (10 required)
INFO:  0 failed due to misreads, 0 not detected
INFO: Rotation 180 degrees:
INFO:  10 of 10 images passed (10 required)
INFO:  0 failed due to misreads, 0 not detected
INFO:  10 of 10 images passed with try harder (10 required)
INFO:  0 failed due to misreads, 0 not detected
INFO: Decoded 40 images out of 40 (100%, 40 required)
[[1;34mINFO[m] [1;32mTests run: [0;1;32m1[m, Failures: 0, Errors: 0, Skipped: 0, Time elapsed: 0.205 s - in com.google.zxing.pdf417.[1mPDF417BlackBox1TestCase[m
[[1;34mINFO[m] Running com.google.zxing.aztec.[1mAztecBlackBox2TestCase[m
INFO: Starting src/test/resources/blackbox/aztec-2/01.png
INFO: Starting src/test/resources/blackbox/aztec-2/02.png
INFO: Starting src/test/resources/blackbox/aztec-2/03.png
INFO: Starting src/test/resources/blackbox/aztec-2/04.png
INFO: Starting src/test/resources/blackbox/aztec-2/05.png
INFO: Starting src/test/resources/blackbox/aztec-2/06.png
INFO: Starting src/test/resources/blackbox/aztec-2/07.png
INFO: Starting src/test/resources/blackbox/aztec-2/08.png
INFO: Starting src/test/resources/blackbox/aztec-2/09.png
INFO: Starting src/test/resources/blackbox/aztec-2/10.png
INFO: Starting src/test/resources/blackbox/aztec-2/11.png
INFO: Starting src/test/resources/blackbox/aztec-2/12.png
INFO: Starting src/test/resources/blackbox/aztec-2/13.png
INFO: Starting src/test/resources/blackbox/aztec-2/14.png
INFO: Starting src/test/resources/blackbox/aztec-2/15.png
INFO: Starting src/test/resources/blackbox/aztec-2/16.png
INFO: Starting src/test/resources/blackbox/aztec-2/17.png
INFO: Starting src/test/resources/blackbox/aztec-2/18.png
INFO: Starting src/test/resources/blackbox/aztec-2/19.png
INFO: Starting src/test/resources/blackbox/aztec-2/20.png
INFO: Starting src/test/resources/blackbox/aztec-2/21.png
INFO: Starting src/test/resources/blackbox/aztec-2/22.png
INFO: Rotation 0 degrees:
INFO:  5 of 22 images passed (5 required)
INFO:  0 failed due to misreads, 17 not detected
INFO:  5 of 22 images passed with try harder (5 required)
INFO:  0 failed due to misreads, 17 not detected
INFO: Rotation 90 degrees:
INFO:  4 of 22 images passed (4 required)
INFO:  0 failed due to misreads, 18 not detected
INFO:  4 of 22 images passed with try harder (4 required)
INFO:  0 failed due to misreads, 18 not detected
INFO: Rotation 180 degrees:
INFO:  6 of 22 images passed (6 required)
INFO:  0 failed due to misreads, 16 not detected
INFO:  6 of 22 images passed with try harder (6 required)
INFO:  0 failed due to misreads, 16 not detected
INFO: Rotation 270 degrees:
INFO:  3 of 22 images passed (3 required)
INFO:  0 failed due to misreads, 19 not detected
INFO:  3 of 22 images passed with try harder (3 required)
INFO:  0 failed due to misreads, 19 not detected
INFO: Decoded 36 images out of 176 (20%, 36 required)
[[1;34mINFO[m] [1;32mTests run: [0;1;32m1[m, Failures: 0, Errors: 0, Skipped: 0, Time elapsed: 2.213 s - in com.google.zxing.aztec.[1mAztecBlackBox2TestCase[m
[[1;34mINFO[m] Running com.google.zxing.aztec.[1mAztecBlackBox1TestCase[m
INFO: Starting src/test/resources/blackbox/aztec-1/7.png
INFO: Starting src/test/resources/blackbox/aztec-1/Historico.png
INFO: Starting src/test/resources/blackbox/aztec-1/HistoricoLong.png
INFO: Starting src/test/resources/blackbox/aztec-1/abc-19x19C.png
INFO: Starting src/test/resources/blackbox/aztec-1/abc-37x37.png
INFO: Starting src/test/resources/blackbox/aztec-1/dlusbs.png
INFO: Starting src/test/resources/blackbox/aztec-1/hello.png
INFO: Starting src/test/resources/blackbox/aztec-1/lorem-075x075.png
INFO: Starting src/test/resources/blackbox/aztec-1/lorem-105x105.png
INFO: Starting src/test/resources/blackbox/aztec-1/lorem-151x151.png
INFO: Starting src/test/resources/blackbox/aztec-1/tableShifts.png
INFO: Starting src/test/resources/blackbox/aztec-1/tag.png
INFO: Starting src/test/resources/blackbox/aztec-1/texte.png
INFO: Rotation 0 degrees:
INFO:  13 of 13 images passed (13 required)
INFO:  0 failed due to misreads, 0 not detected
INFO:  13 of 13 images passed with try harder (13 required)
INFO:  0 failed due to misreads, 0 not detected
INFO: Rotation 90 degrees:
INFO:  13 of 13 images passed (13 required)
INFO:  0 failed due to misreads, 0 not detected
INFO:  13 of 13 images passed with try harder (13 required)
INFO:  0 failed due to misreads, 0 not detected
INFO: Rotation 180 degrees:
INFO:  13 of 13 images passed (13 required)
INFO:  0 failed due to misreads, 0 not detected
INFO:  13 of 13 images passed with try harder (13 required)
INFO:  0 failed due to misreads, 0 not detected
INFO: Rotation 270 degrees:
INFO:  13 of 13 images passed (13 required)
INFO:  0 failed due to misreads, 0 not detected
INFO:  13 of 13 images passed with try harder (13 required)
INFO:  0 failed due to misreads, 0 not detected
INFO: Decoded 104 images out of 104 (100%, 104 required)
[[1;34mINFO[m] [1;32mTests run: [0;1;32m1[m, Failures: 0, Errors: 0, Skipped: 0, Time elapsed: 0.908 s - in com.google.zxing.aztec.[1mAztecBlackBox1TestCase[m
[[1;34mINFO[m] Running com.google.zxing.aztec.detector.[1mDetectorTest[m
[[1;34mINFO[m] [1;32mTests run: [0;1;32m3[m, Failures: 0, Errors: 0, Skipped: 0, Time elapsed: 0.369 s - in com.google.zxing.aztec.detector.[1mDetectorTest[m
[[1;34mINFO[m] Running com.google.zxing.aztec.encoder.[1mEncoderTest[m
[[1;34mINFO[m] [1;32mTests run: [0;1;32m18[m, Failures: 0, Errors: 0, Skipped: 0, Time elapsed: 3.76 s - in com.google.zxing.aztec.encoder.[1mEncoderTest[m
[[1;34mINFO[m] Running com.google.zxing.aztec.decoder.[1mDecoderTest[m
[[1;34mINFO[m] [1;32mTests run: [0;1;32m4[m, Failures: 0, Errors: 0, Skipped: 0, Time elapsed: 0.002 s - in com.google.zxing.aztec.decoder.[1mDecoderTest[m
[[1;34mINFO[m] Running com.google.zxing.negative.[1mFalsePositives2BlackBoxTestCase[m
INFO: Starting src/test/resources/blackbox/falsepositives-2/01.png
INFO: Starting src/test/resources/blackbox/falsepositives-2/02.png
INFO: Starting src/test/resources/blackbox/falsepositives-2/03.png
INFO: Starting src/test/resources/blackbox/falsepositives-2/04.png
INFO: Starting src/test/resources/blackbox/falsepositives-2/05.png
INFO: Starting src/test/resources/blackbox/falsepositives-2/06.png
INFO: Starting src/test/resources/blackbox/falsepositives-2/07.png
INFO: Starting src/test/resources/blackbox/falsepositives-2/08.png
INFO: Starting src/test/resources/blackbox/falsepositives-2/09.png
INFO: Starting src/test/resources/blackbox/falsepositives-2/10.png
INFO: Found false positive: '12251117' with format 'EAN_8' (rotation: 0)
INFO: Try harder found false positive: '12251117' with format 'EAN_8' (rotation: 90)
INFO: Try harder found false positive: '12251117' with format 'EAN_8' (rotation: 180)
INFO: Try harder found false positive: '12251117' with format 'EAN_8' (rotation: 270)
INFO: Starting src/test/resources/blackbox/falsepositives-2/11.png
INFO: Starting src/test/resources/blackbox/falsepositives-2/12.png
INFO: Starting src/test/resources/blackbox/falsepositives-2/13.png
INFO: Found false positive: '02371672' with format 'UPC_E' (rotation: 0)
INFO: Try harder found false positive: '02371672' with format 'UPC_E' (rotation: 90)
INFO: Found false positive: '17321679' with format 'UPC_E' (rotation: 180)
INFO: Try harder found false positive: '02371672' with format 'UPC_E' (rotation: 270)
INFO: Starting src/test/resources/blackbox/falsepositives-2/14.png
INFO: Starting src/test/resources/blackbox/falsepositives-2/15.png
INFO: Starting src/test/resources/blackbox/falsepositives-2/16.png
INFO: Starting src/test/resources/blackbox/falsepositives-2/17.png
INFO: Try harder found false positive: '06117825' with format 'UPC_E' (rotation: 0)
INFO: Try harder found false positive: '02176871' with format 'EAN_8' (rotation: 90)
INFO: Try harder found false positive: '06117825' with format 'UPC_E' (rotation: 180)
INFO: Try harder found false positive: '02176871' with format 'EAN_8' (rotation: 270)
INFO: Starting src/test/resources/blackbox/falsepositives-2/18.png
INFO: Starting src/test/resources/blackbox/falsepositives-2/19.png
INFO: Starting src/test/resources/blackbox/falsepositives-2/20.png
INFO: Try harder found false positive: '06182218' with format 'UPC_E' (rotation: 0)
INFO: Try harder found false positive: '06182218' with format 'UPC_E' (rotation: 90)
INFO: Try harder found false positive: '06182218' with format 'UPC_E' (rotation: 180)
INFO: Try harder found false positive: '06182218' with format 'UPC_E' (rotation: 270)
INFO: Starting src/test/resources/blackbox/falsepositives-2/21.png
INFO: Starting src/test/resources/blackbox/falsepositives-2/22.png
INFO: Starting src/test/resources/blackbox/falsepositives-2/23.png
INFO: Starting src/test/resources/blackbox/falsepositives-2/24.png
INFO: Starting src/test/resources/blackbox/falsepositives-2/25.png
INFO: Rotation 0 degrees: 4 of 25 images were false positives (4 allowed)
INFO: Rotation 90 degrees: 4 of 25 images were false positives (4 allowed)
INFO: Rotation 180 degrees: 4 of 25 images were false positives (4 allowed)
INFO: Rotation 270 degrees: 4 of 25 images were false positives (4 allowed)
[[1;34mINFO[m] [1;32mTests run: [0;1;32m1[m, Failures: 0, Errors: 0, Skipped: 0, Time elapsed: 18.197 s - in com.google.zxing.negative.[1mFalsePositives2BlackBoxTestCase[m
[[1;34mINFO[m] Running com.google.zxing.negative.[1mUnsupportedBlackBoxTestCase[m
INFO: Starting src/test/resources/blackbox/unsupported/01.png
INFO: Starting src/test/resources/blackbox/unsupported/03.png
INFO: Starting src/test/resources/blackbox/unsupported/04.png
INFO: Starting src/test/resources/blackbox/unsupported/05.png
INFO: Rotation 0 degrees: 0 of 4 images were false positives (0 allowed)
INFO: Rotation 90 degrees: 0 of 4 images were false positives (0 allowed)
INFO: Rotation 180 degrees: 0 of 4 images were false positives (0 allowed)
INFO: Rotation 270 degrees: 0 of 4 images were false positives (0 allowed)
[[1;34mINFO[m] [1;32mTests run: [0;1;32m1[m, Failures: 0, Errors: 0, Skipped: 0, Time elapsed: 3.07 s - in com.google.zxing.negative.[1mUnsupportedBlackBoxTestCase[m
[[1;34mINFO[m] Running com.google.zxing.negative.[1mFalsePositivesBlackBoxTestCase[m
INFO: Starting src/test/resources/blackbox/falsepositives/01.png
INFO: Try harder found false positive: '1858176738383' with format 'EAN_13' (rotation: 0)
INFO: Try harder found false positive: '1858176738383' with format 'EAN_13' (rotation: 90)
INFO: Try harder found false positive: '1858176738383' with format 'EAN_13' (rotation: 180)
INFO: Try harder found false positive: '1858176738383' with format 'EAN_13' (rotation: 270)
INFO: Starting src/test/resources/blackbox/falsepositives/02.png
INFO: Starting src/test/resources/blackbox/falsepositives/03.png
INFO: Starting src/test/resources/blackbox/falsepositives/04.png
INFO: Starting src/test/resources/blackbox/falsepositives/05.png
INFO: Starting src/test/resources/blackbox/falsepositives/06.png
INFO: Starting src/test/resources/blackbox/falsepositives/07.png
INFO: Try harder found false positive: '21290886' with format 'EAN_8' (rotation: 90)
INFO: Try harder found false positive: '21290886' with format 'EAN_8' (rotation: 180)
INFO: Starting src/test/resources/blackbox/falsepositives/08.png
INFO: Starting src/test/resources/blackbox/falsepositives/09.png
INFO: Starting src/test/resources/blackbox/falsepositives/10.png
INFO: Starting src/test/resources/blackbox/falsepositives/11.png
INFO: Starting src/test/resources/blackbox/falsepositives/12.png
INFO: Starting src/test/resources/blackbox/falsepositives/13.png
INFO: Try harder found false positive: '03017932' with format 'UPC_E' (rotation: 0)
INFO: Try harder found false positive: '03017932' with format 'UPC_E' (rotation: 270)
INFO: Starting src/test/resources/blackbox/falsepositives/14.png
INFO: Starting src/test/resources/blackbox/falsepositives/15.png
INFO: Starting src/test/resources/blackbox/falsepositives/16.png
INFO: Starting src/test/resources/blackbox/falsepositives/17.png
INFO: Starting src/test/resources/blackbox/falsepositives/18.png
INFO: Starting src/test/resources/blackbox/falsepositives/19.png
INFO: Starting src/test/resources/blackbox/falsepositives/20.png
INFO: Starting src/test/resources/blackbox/falsepositives/21.png
INFO: Starting src/test/resources/blackbox/falsepositives/22.png
INFO: Rotation 0 degrees: 2 of 22 images were false positives (2 allowed)
INFO: Rotation 90 degrees: 2 of 22 images were false positives (2 allowed)
INFO: Rotation 180 degrees: 2 of 22 images were false positives (2 allowed)
INFO: Rotation 270 degrees: 2 of 22 images were false positives (2 allowed)
[[1;34mINFO[m] [1;32mTests run: [0;1;32m1[m, Failures: 0, Errors: 0, Skipped: 0, Time elapsed: 20.146 s - in com.google.zxing.negative.[1mFalsePositivesBlackBoxTestCase[m
[[1;34mINFO[m] Running com.google.zxing.negative.[1mPartialBlackBoxTestCase[m
INFO: Starting src/test/resources/blackbox/partial/01.png
INFO: Starting src/test/resources/blackbox/partial/02.png
INFO: Starting src/test/resources/blackbox/partial/03.png
INFO: Starting src/test/resources/blackbox/partial/04.png
INFO: Starting src/test/resources/blackbox/partial/05.png
INFO: Starting src/test/resources/blackbox/partial/06.png
INFO: Starting src/test/resources/blackbox/partial/07.png
INFO: Starting src/test/resources/blackbox/partial/08.png
INFO: Starting src/test/resources/blackbox/partial/09.png
INFO: Starting src/test/resources/blackbox/partial/10.png
INFO: Starting src/test/resources/blackbox/partial/11.png
INFO: Starting src/test/resources/blackbox/partial/12.png
INFO: Starting src/test/resources/blackbox/partial/13.png
INFO: Starting src/test/resources/blackbox/partial/14.png
INFO: Starting src/test/resources/blackbox/partial/15.png
INFO: Starting src/test/resources/blackbox/partial/16.png
INFO: Starting src/test/resources/blackbox/partial/17.png
INFO: Starting src/test/resources/blackbox/partial/18.png
INFO: Starting src/test/resources/blackbox/partial/19.png
INFO: Starting src/test/resources/blackbox/partial/20.png
INFO: Starting src/test/resources/blackbox/partial/21.png
INFO: Starting src/test/resources/blackbox/partial/22.png
INFO: Starting src/test/resources/blackbox/partial/23.png
INFO: Starting src/test/resources/blackbox/partial/24.png
INFO: Starting src/test/resources/blackbox/partial/25.png
INFO: Starting src/test/resources/blackbox/partial/26.png
INFO: Starting src/test/resources/blackbox/partial/27.png
INFO: Starting src/test/resources/blackbox/partial/28.png
INFO: Starting src/test/resources/blackbox/partial/29.png
INFO: Starting src/test/resources/blackbox/partial/30.png
INFO: Starting src/test/resources/blackbox/partial/31.png
INFO: Starting src/test/resources/blackbox/partial/32.png
INFO: Starting src/test/resources/blackbox/partial/33.png
INFO: Try harder found false positive: '02751160' with format 'UPC_E' (rotation: 0)
INFO: Try harder found false positive: '02751160' with format 'UPC_E' (rotation: 90)
INFO: Try harder found false positive: '02751160' with format 'UPC_E' (rotation: 180)
INFO: Try harder found false positive: '02751160' with format 'UPC_E' (rotation: 270)
INFO: Starting src/test/resources/blackbox/partial/34.png
INFO: Starting src/test/resources/blackbox/partial/35.png
INFO: Starting src/test/resources/blackbox/partial/36.png
INFO: Starting src/test/resources/blackbox/partial/37.png
INFO: Starting src/test/resources/blackbox/partial/38.png
INFO: Starting src/test/resources/blackbox/partial/39.png
INFO: Starting src/test/resources/blackbox/partial/40.png
INFO: Starting src/test/resources/blackbox/partial/41.png
INFO: Starting src/test/resources/blackbox/partial/42.png
INFO: Starting src/test/resources/blackbox/partial/43.png
INFO: Starting src/test/resources/blackbox/partial/44.png
INFO: Starting src/test/resources/blackbox/partial/45.png
INFO: Starting src/test/resources/blackbox/partial/46.png
INFO: Starting src/test/resources/blackbox/partial/47.png
INFO: Starting src/test/resources/blackbox/partial/48.png
INFO: Starting src/test/resources/blackbox/partial/49.png
INFO: Starting src/test/resources/blackbox/partial/50.png
INFO: Starting src/test/resources/blackbox/partial/51.png
INFO: Starting src/test/resources/blackbox/partial/52.png
INFO: Starting src/test/resources/blackbox/partial/53.png
INFO: Starting src/test/resources/blackbox/partial/54.png
INFO: Starting src/test/resources/blackbox/partial/55.png
INFO: Starting src/test/resources/blackbox/partial/56.png
INFO: Starting src/test/resources/blackbox/partial/57.png
INFO: Starting src/test/resources/blackbox/partial/59.png
INFO: Starting src/test/resources/blackbox/partial/60.png
INFO: Starting src/test/resources/blackbox/partial/61.png
INFO: Rotation 0 degrees: 1 of 60 images were false positives (1 allowed)
INFO: Rotation 90 degrees: 1 of 60 images were false positives (1 allowed)
INFO: Rotation 180 degrees: 1 of 60 images were false positives (1 allowed)
INFO: Rotation 270 degrees: 1 of 60 images were false positives (1 allowed)
[[1;34mINFO[m] [1;32mTests run: [0;1;32m1[m, Failures: 0, Errors: 0, Skipped: 0, Time elapsed: 24.144 s - in com.google.zxing.negative.[1mPartialBlackBoxTestCase[m
[[1;34mINFO[m] Running com.google.zxing.[1mRGBLuminanceSourceTestCase[m
[[1;34mINFO[m] [1;32mTests run: [0;1;32m4[m, Failures: 0, Errors: 0, Skipped: 0, Time elapsed: 0.002 s - in com.google.zxing.[1mRGBLuminanceSourceTestCase[m
[[1;34mINFO[m] Running com.google.zxing.maxicode.[1mMaxicode1TestCase[m
INFO: Starting src/test/resources/blackbox/maxicode-1/MODE2.png
INFO: Starting src/test/resources/blackbox/maxicode-1/MODE3.png
INFO: Starting src/test/resources/blackbox/maxicode-1/MODE4.png
INFO: Starting src/test/resources/blackbox/maxicode-1/MODE5.png
INFO: Starting src/test/resources/blackbox/maxicode-1/MODE6.png
INFO: Rotation 0 degrees:
INFO:  5 of 5 images passed (5 required)
INFO:  0 failed due to misreads, 0 not detected
INFO:  5 of 5 images passed with try harder (5 required)
INFO:  0 failed due to misreads, 0 not detected
INFO: Decoded 10 images out of 10 (100%, 10 required)
[[1;34mINFO[m] [1;32mTests run: [0;1;32m1[m, Failures: 0, Errors: 0, Skipped: 0, Time elapsed: 0.062 s - in com.google.zxing.maxicode.[1mMaxicode1TestCase[m
[[1;34mINFO[m] Running com.google.zxing.[1mPlanarYUVLuminanceSourceTestCase[m
[[1;34mINFO[m] [1;32mTests run: [0;1;32m3[m, Failures: 0, Errors: 0, Skipped: 0, Time elapsed: 0.003 s - in com.google.zxing.[1mPlanarYUVLuminanceSourceTestCase[m
[[1;34mINFO[m] 
[[1;34mINFO[m] Results:
[[1;34mINFO[m] 
[[1;33mWARNING[m] [1;33mTests run: 415, Failures: 0, Errors: 0, Skipped: 3[m
[[1;34mINFO[m] 
[[1;34mINFO[m] 
[[1;34mINFO[m] [1m--- [0;32mjacoco-maven-plugin:0.7.9:report[m [1m(report)[m @ [36mcore[0;1m ---[m
[[1;34mINFO[m] Loading execution data file /home/travis/build/zxing/zxing/core/target/jacoco.exec
[[1;34mINFO[m] Analyzed bundle 'ZXing Core' with 258 classes
[[1;34mINFO[m] 
[[1;34mINFO[m] [1m------------------------------------------------------------------------[m
[[1;34mINFO[m] [1mBuilding ZXing Java SE extensions 3.3.1-SNAPSHOT[m
[[1;34mINFO[m] [1m------------------------------------------------------------------------[m
[[1;34mINFO[m] 
[[1;34mINFO[m] [1m--- [0;32mmaven-checkstyle-plugin:2.17:check[m [1m(validate)[m @ [36mjavase[0;1m ---[m
[[1;34mINFO[m] 
[[1;34mINFO[m] [1m--- [0;32mmaven-enforcer-plugin:3.0.0-M1:enforce[m [1m(enforce)[m @ [36mjavase[0;1m ---[m
[[1;34mINFO[m] 
[[1;34mINFO[m] [1m--- [0;32mjacoco-maven-plugin:0.7.9:prepare-agent[m [1m(default)[m @ [36mjavase[0;1m ---[m
[[1;34mINFO[m] argLine set to -javaagent:/home/travis/.m2/repository/org/jacoco/org.jacoco.agent/0.7.9/org.jacoco.agent-0.7.9-runtime.jar=destfile=/home/travis/build/zxing/zxing/javase/target/jacoco.exec
[[1;34mINFO[m] 
[[1;34mINFO[m] [1m--- [0;32mmaven-resources-plugin:3.0.2:resources[m [1m(default-resources)[m @ [36mjavase[0;1m ---[m
[[1;34mINFO[m] Using 'UTF-8' encoding to copy filtered resources.
[[1;34mINFO[m] skip non existing resourceDirectory /home/travis/build/zxing/zxing/javase/src/main/resources
[[1;34mINFO[m] 
[[1;34mINFO[m] [1m--- [0;32mmaven-compiler-plugin:3.6.2:compile[m [1m(default-compile)[m @ [36mjavase[0;1m ---[m
[[1;34mINFO[m] Nothing to compile - all classes are up to date
[[1;34mINFO[m] 
[[1;34mINFO[m] [1m--- [0;32mmaven-resources-plugin:3.0.2:testResources[m [1m(default-testResources)[m @ [36mjavase[0;1m ---[m
[[1;34mINFO[m] Using 'UTF-8' encoding to copy filtered resources.
[[1;34mINFO[m] skip non existing resourceDirectory /home/travis/build/zxing/zxing/javase/src/test/resources
[[1;34mINFO[m] 
[[1;34mINFO[m] [1m--- [0;32mmaven-compiler-plugin:3.6.2:testCompile[m [1m(default-testCompile)[m @ [36mjavase[0;1m ---[m
[[1;34mINFO[m] Nothing to compile - all classes are up to date
[[1;34mINFO[m] 
[[1;34mINFO[m] [1m--- [0;32mmaven-surefire-plugin:2.20:test[m [1m(default-test)[m @ [36mjavase[0;1m ---[m
[[1;34mINFO[m] 
[[1;34mINFO[m] -------------------------------------------------------
[[1;34mINFO[m]  T E S T S
[[1;34mINFO[m] -------------------------------------------------------
[[1;34mINFO[m] Running com.google.zxing.client.j2se.[1mMatrixToImageWriterTestCase[m
[[1;34mINFO[m] [1;32mTests run: [0;1;32m3[m, Failures: 0, Errors: 0, Skipped: 0, Time elapsed: 1.298 s - in com.google.zxing.client.j2se.[1mMatrixToImageWriterTestCase[m
[[1;34mINFO[m] Running com.google.zxing.client.j2se.[1mImageReaderTestCase[m
[[1;34mINFO[m] [1;32mTests run: [0;1;32m1[m, Failures: 0, Errors: 0, Skipped: 0, Time elapsed: 0.037 s - in com.google.zxing.client.j2se.[1mImageReaderTestCase[m
[[1;34mINFO[m] Running com.google.zxing.client.j2se.[1mBase64DecoderTestCase[m
[[1;34mINFO[m] [1;32mTests run: [0;1;32m1[m, Failures: 0, Errors: 0, Skipped: 0, Time elapsed: 0.008 s - in com.google.zxing.client.j2se.[1mBase64DecoderTestCase[m
[[1;34mINFO[m] 
[[1;34mINFO[m] Results:
[[1;34mINFO[m] 
[[1;34mINFO[m] [1;32mTests run: 5, Failures: 0, Errors: 0, Skipped: 0[m
[[1;34mINFO[m] 
[[1;34mINFO[m] 
[[1;34mINFO[m] [1m--- [0;32mjacoco-maven-plugin:0.7.9:report[m [1m(report)[m @ [36mjavase[0;1m ---[m
[[1;34mINFO[m] Loading execution data file /home/travis/build/zxing/zxing/javase/target/jacoco.exec
[[1;34mINFO[m] Analyzed bundle 'ZXing Java SE extensions' with 18 classes
[[1;34mINFO[m] 
[[1;34mINFO[m] [1m------------------------------------------------------------------------[m
[[1;34mINFO[m] [1mBuilding ZXing Appspot-based encoder 3.3.1-SNAPSHOT[m
[[1;34mINFO[m] [1m------------------------------------------------------------------------[m
[[1;34mINFO[m] 
[[1;34mINFO[m] [1m--- [0;32mmaven-checkstyle-plugin:2.17:check[m [1m(validate)[m @ [36mzxing.appspot.com[0;1m ---[m
[[1;34mINFO[m] 
[[1;34mINFO[m] [1m--- [0;32mmaven-enforcer-plugin:3.0.0-M1:enforce[m [1m(enforce)[m @ [36mzxing.appspot.com[0;1m ---[m
[[1;34mINFO[m] 
[[1;34mINFO[m] [1m--- [0;32mjacoco-maven-plugin:0.7.9:prepare-agent[m [1m(default)[m @ [36mzxing.appspot.com[0;1m ---[m
[[1;34mINFO[m] argLine set to -javaagent:/home/travis/.m2/repository/org/jacoco/org.jacoco.agent/0.7.9/org.jacoco.agent-0.7.9-runtime.jar=destfile=/home/travis/build/zxing/zxing/zxing.appspot.com/target/jacoco.exec
[[1;34mINFO[m] 
[[1;34mINFO[m] [1m--- [0;32mmaven-resources-plugin:3.0.2:resources[m [1m(default-resources)[m @ [36mzxing.appspot.com[0;1m ---[m
[[1;34mINFO[m] Using 'UTF-8' encoding to copy filtered resources.
[[1;34mINFO[m] Copying 1 resource
[[1;34mINFO[m] 
[[1;34mINFO[m] [1m--- [0;32mmaven-compiler-plugin:3.6.2:compile[m [1m(default-compile)[m @ [36mzxing.appspot.com[0;1m ---[m
[[1;34mINFO[m] Nothing to compile - all classes are up to date
[[1;34mINFO[m] 
[[1;34mINFO[m] [1m--- [0;32mmaven-resources-plugin:3.0.2:testResources[m [1m(default-testResources)[m @ [36mzxing.appspot.com[0;1m ---[m
[[1;34mINFO[m] Using 'UTF-8' encoding to copy filtered resources.
[[1;34mINFO[m] skip non existing resourceDirectory /home/travis/build/zxing/zxing/zxing.appspot.com/src/test/resources
[[1;34mINFO[m] 
[[1;34mINFO[m] [1m--- [0;32mmaven-compiler-plugin:3.6.2:testCompile[m [1m(default-testCompile)[m @ [36mzxing.appspot.com[0;1m ---[m
[[1;34mINFO[m] No sources to compile
[[1;34mINFO[m] 
[[1;34mINFO[m] [1m--- [0;32mmaven-surefire-plugin:2.20:test[m [1m(default-test)[m @ [36mzxing.appspot.com[0;1m ---[m
[[1;34mINFO[m] No tests to run.
[[1;34mINFO[m] 
[[1;34mINFO[m] [1m--- [0;32mjacoco-maven-plugin:0.7.9:report[m [1m(report)[m @ [36mzxing.appspot.com[0;1m ---[m
[[1;34mINFO[m] Skipping JaCoCo execution due to missing execution data file.
[[1;34mINFO[m] 
[[1;34mINFO[m] [1m------------------------------------------------------------------------[m
[[1;34mINFO[m] [1mBuilding ZXing zxing.org web app 3.3.1-SNAPSHOT[m
[[1;34mINFO[m] [1m------------------------------------------------------------------------[m
[[1;34mINFO[m] 
[[1;34mINFO[m] [1m--- [0;32mmaven-checkstyle-plugin:2.17:check[m [1m(validate)[m @ [36mzxingorg[0;1m ---[m
[[1;34mINFO[m] 
[[1;34mINFO[m] [1m--- [0;32mmaven-enforcer-plugin:3.0.0-M1:enforce[m [1m(enforce)[m @ [36mzxingorg[0;1m ---[m
[[1;34mINFO[m] 
[[1;34mINFO[m] [1m--- [0;32mjacoco-maven-plugin:0.7.9:prepare-agent[m [1m(default)[m @ [36mzxingorg[0;1m ---[m
[[1;34mINFO[m] argLine set to -javaagent:/home/travis/.m2/repository/org/jacoco/org.jacoco.agent/0.7.9/org.jacoco.agent-0.7.9-runtime.jar=destfile=/home/travis/build/zxing/zxing/zxingorg/target/jacoco.exec
[[1;34mINFO[m] 
[[1;34mINFO[m] [1m--- [0;32mmaven-resources-plugin:3.0.2:resources[m [1m(default-resources)[m @ [36mzxingorg[0;1m ---[m
[[1;34mINFO[m] Using 'UTF-8' encoding to copy filtered resources.
[[1;34mINFO[m] Copying 1 resource
[[1;34mINFO[m] 
[[1;34mINFO[m] [1m--- [0;32mmaven-compiler-plugin:3.6.2:compile[m [1m(default-compile)[m @ [36mzxingorg[0;1m ---[m
[[1;34mINFO[m] Nothing to compile - all classes are up to date
[[1;34mINFO[m] 
[[1;34mINFO[m] [1m--- [0;32mmaven-resources-plugin:3.0.2:testResources[m [1m(default-testResources)[m @ [36mzxingorg[0;1m ---[m
[[1;34mINFO[m] Using 'UTF-8' encoding to copy filtered resources.
[[1;34mINFO[m] skip non existing resourceDirectory /home/travis/build/zxing/zxing/zxingorg/src/test/resources
[[1;34mINFO[m] 
[[1;34mINFO[m] [1m--- [0;32mmaven-compiler-plugin:3.6.2:testCompile[m [1m(default-testCompile)[m @ [36mzxingorg[0;1m ---[m
[[1;34mINFO[m] Nothing to compile - all classes are up to date
[[1;34mINFO[m] 
[[1;34mINFO[m] [1m--- [0;32mmaven-surefire-plugin:2.20:test[m [1m(default-test)[m @ [36mzxingorg[0;1m ---[m
[[1;34mINFO[m] 
[[1;34mINFO[m] -------------------------------------------------------
[[1;34mINFO[m]  T E S T S
[[1;34mINFO[m] -------------------------------------------------------
[[1;34mINFO[m] Running com.google.zxing.web.[1mOutputUtilsTestCase[m
[[1;34mINFO[m] [1;32mTests run: [0;1;32m1[m, Failures: 0, Errors: 0, Skipped: 0, Time elapsed: 0.213 s - in com.google.zxing.web.[1mOutputUtilsTestCase[m
[[1;34mINFO[m] 
[[1;34mINFO[m] Results:
[[1;34mINFO[m] 
[[1;34mINFO[m] [1;32mTests run: 1, Failures: 0, Errors: 0, Skipped: 0[m
[[1;34mINFO[m] 
[[1;34mINFO[m] 
[[1;34mINFO[m] [1m--- [0;32mjacoco-maven-plugin:0.7.9:report[m [1m(report)[m @ [36mzxingorg[0;1m ---[m
[[1;34mINFO[m] Loading execution data file /home/travis/build/zxing/zxing/zxingorg/target/jacoco.exec
[[1;34mINFO[m] Analyzed bundle 'ZXing zxing.org web app' with 13 classes
[[1;34mINFO[m] [1m------------------------------------------------------------------------[m
[[1;34mINFO[m] [1mReactor Summary:[m
[[1;34mINFO[m] 
[[1;34mINFO[m] ZXing .............................................. [1;32mSUCCESS[m [  4.655 s]
[[1;34mINFO[m] ZXing Core ......................................... [1;32mSUCCESS[m [04:02 min]
[[1;34mINFO[m] ZXing Java SE extensions ........................... [1;32mSUCCESS[m [  3.651 s]
[[1;34mINFO[m] ZXing Appspot-based encoder ........................ [1;32mSUCCESS[m [  0.780 s]
[[1;34mINFO[m] ZXing zxing.org web app ............................ [1;32mSUCCESS[m [  2.187 s]
[[1;34mINFO[m] [1m------------------------------------------------------------------------[m
[[1;34mINFO[m] [1;32mBUILD SUCCESS[m
[[1;34mINFO[m] [1m------------------------------------------------------------------------[m
[[1;34mINFO[m] Total time: 04:13 min
[[1;34mINFO[m] Finished at: 2017-09-21T09:55:04Z
[[1;34mINFO[m] Final Memory: 33M/978M
[[1;34mINFO[m] [1m------------------------------------------------------------------------[m

travis_time:end:01638ed0:start=1505987448271511866,finish=1505987704659892448,duration=256388380582[0K
[32;1mThe command "mvn -Ptravis ${JACOCO} test" exited with 0.[0m
travis_time:start:1e401084[0K$ find $HOME/.m2/repository/com/google/zxing -path "*SNAPSHOT/*" -delete

travis_time:end:1e401084:start=1505987704667383542,finish=1505987704678807315,duration=11423773[0K
[32;1mThe command "find $HOME/.m2/repository/com/google/zxing -path "*SNAPSHOT/*" -delete" exited with 0.[0m
travis_time:start:10dc72f3[0K$ find $HOME/.m2/repository/com/google/zxing -name "*SNAPSHOT" -type d -delete

travis_time:end:10dc72f3:start=1505987704686129375,finish=1505987704694200206,duration=8070831[0K
[32;1mThe command "find $HOME/.m2/repository/com/google/zxing -name "*SNAPSHOT" -type d -delete" exited with 0.[0m
travis_fold:start:cache.2[0Kstore build cache
travis_time:start:09b34fe7[0K
travis_time:end:09b34fe7:start=1505987704701906175,finish=1505987704708090444,duration=6184269[0Ktravis_time:start:27de133e[0K[32;1mchange detected (content changed, file is created, or file is deleted):
/home/travis/.m2/repository/com/google/zxing/core/maven-metadata-local.xml
/home/travis/.m2/repository/com/google/zxing/core/maven-metadata-local.xml.md5
/home/travis/.m2/repository/com/google/zxing/core/maven-metadata-local.xml.sha1
/home/travis/.m2/repository/com/google/zxing/core/resolver-status.properties
/home/travis/.m2/repository/com/google/zxing/javase/maven-metadata-local.xml
/home/travis/.m2/repository/com/google/zxing/javase/maven-metadata-local.xml.md5
/home/travis/.m2/repository/com/google/zxing/javase/maven-metadata-local.xml.sha1
/home/travis/.m2/repository/com/google/zxing/javase/resolver-status.properties
/home/travis/.m2/repository/com/google/zxing/zxing.appspot.com/maven-metadata-local.xml
/home/travis/.m2/repository/com/google/zxing/zxing.appspot.com/maven-metadata-local.xml.md5
/home/travis/.m2/repository/com/google/zxing/zxing.appspot.com/maven-metadata-local.xml.sha1
/home/travis/.m2/repository/com/google/zxing/zxing.appspot.com/resolver-status.properties
/home/tr
[0m
[32;1m...
[0m
[32;1mchanges detected, packing new archive[0m
.
[32;1muploading archive[0m

travis_time:end:27de133e:start=1505987704715269388,finish=1505987719827997236,duration=15112727848[0Ktravis_fold:end:cache.2[0Ktravis_fold:start:after_success[0Ktravis_time:start:1445ae3a[0K$ if [ -n "$JACOCO" ]; then bash <(curl -s https://codecov.io/bash); fi

  _____          _
 / ____|        | |
| |     ___   __| | ___  ___ _____   __
| |    / _ \ / _` |/ _ \/ __/ _ \ \ / /
| |___| (_) | (_| |  __/ (_| (_) \ V /
 \_____\___/ \__,_|\___|\___\___/ \_/
                              Bash-d109cc7


[0;90m==>[0m Travis CI detected.
    [0;90mproject root:[0m .
    [0;32mYaml not found, that's ok! Learn more at[0m [0;36mhttp://docs.codecov.io/docs/codecov-yaml[0m
[0;90m==>[0m Running gcov in . [0;90m(disable via -X gcov)[0m
[0;90m==>[0m Python coveragepy not found
[0;90m==>[0m Searching for coverage reports in:
    [0;32m+[0m .
    [0;90m->[0m Found 3 reports
[0;90m==>[0m Detecting git/mercurial file structure
[0;90m==>[0m Appending build variables
    [0;32m+[0m TRAVIS_OS_NAME
    [0;32m+[0m TRAVIS_JDK_VERSION
[0;90m==>[0m Reading reports
    [0;32m+[0m ./core/target/site/jacoco/jacoco.xml [0;90mbytes=1268379[0m
    [0;32m+[0m ./javase/target/site/jacoco/jacoco.xml [0;90mbytes=63099[0m
    [0;32m+[0m ./zxingorg/target/site/jacoco/jacoco.xml [0;90mbytes=41557[0m
[0;90m==>[0m Appending adjustments
    [0;36mhttp://docs.codecov.io/docs/fixing-reports[0m
    [0;90m->[0m No adjustments found
[0;90m==>[0m Uploading reports
    [0;90murl:[0m https://codecov.io
    [0;90mquery:[0m branch=master&commit=f9a74628cbe19673901efcd7c585b3f2b2b6c444&build=741.1&build_url=&name=&tag=&slug=zxing%2Fzxing&yaml=&service=travis&flags=&pr=false&job=278114082
    [0;90m->[0m Pinging Codecov
    [0;90m->[0m Uploading to S3 https://codecov.s3.amazonaws.com
    [0;32m->[0m View reports at [0;36mhttps://codecov.io/github/zxing/zxing/commit/f9a74628cbe19673901efcd7c585b3f2b2b6c444[0m

travis_time:end:1445ae3a:start=1505987719833708961,finish=1505987721690044971,duration=1856336010[0Ktravis_fold:end:after_success[0K
Done. Your build exited with 0.
